<?xml version="1.0"?>
<testsuite name="Chrome Headless 104.0.5112.102 (Windows 10)" package="unit" timestamp="2022-09-05T14:18:04" id="0" hostname="LAPTOP-8L0JVTM8" tests="121" errors="0" failures="102" time="4.693">
  <properties>
    <property name="browser.fullName" value="Mozilla/5.0 (Windows NT 10.0; Win64; x64) AppleWebKit/537.36 (KHTML, like Gecko) HeadlessChrome/104.0.5112.102 Safari/537.36"/>
  </properties>
  <testcase name="LoginComponent should enable login button(form valid) when both field are valid" time="0.926" classname=".LoginComponent">
    <failure type="">Error: Expected null to be truthy.
    at &lt;Jasmine&gt;
    at http://localhost:9876/_karma_webpack_/src/app/component/login/login.component.spec.ts:302:86
    at ZoneDelegate../node_modules/zone.js/dist/zone.js.ZoneDelegate.invoke (http://localhost:9876/_karma_webpack_/node_modules/zone.js/dist/zone.js:386:1)
    at FakeAsyncTestZoneSpec.push../node_modules/zone.js/dist/zone-testing.js.FakeAsyncTestZoneSpec.onInvoke (http://localhost:9876/_karma_webpack_/node_modules/zone.js/dist/zone-testing.js:1652:1)
</failure>
    <failure type="">Error: Expected &lt;div _ngcontent-a-c47 id="error-no-username" class="form-error-messages"&gt;...&lt;/div&gt; to be falsy.
    at &lt;Jasmine&gt;
    at http://localhost:9876/_karma_webpack_/src/app/component/login/login.component.spec.ts:304:36
    at ZoneDelegate../node_modules/zone.js/dist/zone.js.ZoneDelegate.invoke (http://localhost:9876/_karma_webpack_/node_modules/zone.js/dist/zone.js:386:1)
    at FakeAsyncTestZoneSpec.push../node_modules/zone.js/dist/zone-testing.js.FakeAsyncTestZoneSpec.onInvoke (http://localhost:9876/_karma_webpack_/node_modules/zone.js/dist/zone-testing.js:1652:1)
</failure>
    <failure type="">Error: Expected &lt;div _ngcontent-a-c47 id="error-minlength-username" class="form-error-messages"&gt;...&lt;/div&gt; to be falsy.
    at &lt;Jasmine&gt;
    at http://localhost:9876/_karma_webpack_/src/app/component/login/login.component.spec.ts:305:43
    at ZoneDelegate../node_modules/zone.js/dist/zone.js.ZoneDelegate.invoke (http://localhost:9876/_karma_webpack_/node_modules/zone.js/dist/zone.js:386:1)
    at FakeAsyncTestZoneSpec.push../node_modules/zone.js/dist/zone-testing.js.FakeAsyncTestZoneSpec.onInvoke (http://localhost:9876/_karma_webpack_/node_modules/zone.js/dist/zone-testing.js:1652:1)
</failure>
    <failure type="">Error: Expected &lt;div _ngcontent-a-c47 id="error-maxlength-username" class="form-error-messages"&gt;...&lt;/div&gt; to be falsy.
    at &lt;Jasmine&gt;
    at http://localhost:9876/_karma_webpack_/src/app/component/login/login.component.spec.ts:306:43
    at ZoneDelegate../node_modules/zone.js/dist/zone.js.ZoneDelegate.invoke (http://localhost:9876/_karma_webpack_/node_modules/zone.js/dist/zone.js:386:1)
    at FakeAsyncTestZoneSpec.push../node_modules/zone.js/dist/zone-testing.js.FakeAsyncTestZoneSpec.onInvoke (http://localhost:9876/_karma_webpack_/node_modules/zone.js/dist/zone-testing.js:1652:1)
</failure>
    <failure type="">Error: Expected null to be truthy.
    at &lt;Jasmine&gt;
    at http://localhost:9876/_karma_webpack_/src/app/component/login/login.component.spec.ts:307:86
    at ZoneDelegate../node_modules/zone.js/dist/zone.js.ZoneDelegate.invoke (http://localhost:9876/_karma_webpack_/node_modules/zone.js/dist/zone.js:386:1)
    at FakeAsyncTestZoneSpec.push../node_modules/zone.js/dist/zone-testing.js.FakeAsyncTestZoneSpec.onInvoke (http://localhost:9876/_karma_webpack_/node_modules/zone.js/dist/zone-testing.js:1652:1)
</failure>
    <failure type="">Error: Expected &lt;div _ngcontent-a-c47 id="error-no-password" class="form-error-messages"&gt;...&lt;/div&gt; to be falsy.
    at &lt;Jasmine&gt;
    at http://localhost:9876/_karma_webpack_/src/app/component/login/login.component.spec.ts:309:36
    at ZoneDelegate../node_modules/zone.js/dist/zone.js.ZoneDelegate.invoke (http://localhost:9876/_karma_webpack_/node_modules/zone.js/dist/zone.js:386:1)
    at FakeAsyncTestZoneSpec.push../node_modules/zone.js/dist/zone-testing.js.FakeAsyncTestZoneSpec.onInvoke (http://localhost:9876/_karma_webpack_/node_modules/zone.js/dist/zone-testing.js:1652:1)
</failure>
    <failure type="">Error: Expected &lt;div _ngcontent-a-c47 id="error-minlength-password" class="form-error-messages"&gt;...&lt;/div&gt; to be falsy.
    at &lt;Jasmine&gt;
    at http://localhost:9876/_karma_webpack_/src/app/component/login/login.component.spec.ts:310:43
    at ZoneDelegate../node_modules/zone.js/dist/zone.js.ZoneDelegate.invoke (http://localhost:9876/_karma_webpack_/node_modules/zone.js/dist/zone.js:386:1)
    at FakeAsyncTestZoneSpec.push../node_modules/zone.js/dist/zone-testing.js.FakeAsyncTestZoneSpec.onInvoke (http://localhost:9876/_karma_webpack_/node_modules/zone.js/dist/zone-testing.js:1652:1)
</failure>
    <failure type="">Error: Expected &lt;div _ngcontent-a-c47 id="error-maxlength-password" class="form-error-messages"&gt;...&lt;/div&gt; to be falsy.
    at &lt;Jasmine&gt;
    at http://localhost:9876/_karma_webpack_/src/app/component/login/login.component.spec.ts:311:43
    at ZoneDelegate../node_modules/zone.js/dist/zone.js.ZoneDelegate.invoke (http://localhost:9876/_karma_webpack_/node_modules/zone.js/dist/zone.js:386:1)
    at FakeAsyncTestZoneSpec.push../node_modules/zone.js/dist/zone-testing.js.FakeAsyncTestZoneSpec.onInvoke (http://localhost:9876/_karma_webpack_/node_modules/zone.js/dist/zone-testing.js:1652:1)
</failure>
    <failure type="">Error: Expected &lt;div _ngcontent-a-c47 id="error-pattern-password" class="form-error-messages"&gt;...&lt;/div&gt; to be falsy.
    at &lt;Jasmine&gt;
    at http://localhost:9876/_karma_webpack_/src/app/component/login/login.component.spec.ts:312:41
    at ZoneDelegate../node_modules/zone.js/dist/zone.js.ZoneDelegate.invoke (http://localhost:9876/_karma_webpack_/node_modules/zone.js/dist/zone.js:386:1)
    at FakeAsyncTestZoneSpec.push../node_modules/zone.js/dist/zone-testing.js.FakeAsyncTestZoneSpec.onInvoke (http://localhost:9876/_karma_webpack_/node_modules/zone.js/dist/zone-testing.js:1652:1)
</failure>
  </testcase>
  <testcase name="LoginComponent should display maxlength username validation error when the username length greater than 20" time="0.134" classname=".LoginComponent">
    <failure type="">Error: Expected true to be falsy.
    at &lt;Jasmine&gt;
    at http://localhost:9876/_karma_webpack_/src/app/component/login/login.component.spec.ts:157:41
    at ZoneDelegate../node_modules/zone.js/dist/zone.js.ZoneDelegate.invoke (http://localhost:9876/_karma_webpack_/node_modules/zone.js/dist/zone.js:386:1)
    at FakeAsyncTestZoneSpec.push../node_modules/zone.js/dist/zone-testing.js.FakeAsyncTestZoneSpec.onInvoke (http://localhost:9876/_karma_webpack_/node_modules/zone.js/dist/zone-testing.js:1652:1)
</failure>
    <failure type="">Error: Expected true to be falsy.
    at &lt;Jasmine&gt;
    at http://localhost:9876/_karma_webpack_/src/app/component/login/login.component.spec.ts:160:34
    at ZoneDelegate../node_modules/zone.js/dist/zone.js.ZoneDelegate.invoke (http://localhost:9876/_karma_webpack_/node_modules/zone.js/dist/zone.js:386:1)
    at FakeAsyncTestZoneSpec.push../node_modules/zone.js/dist/zone-testing.js.FakeAsyncTestZoneSpec.onInvoke (http://localhost:9876/_karma_webpack_/node_modules/zone.js/dist/zone-testing.js:1652:1)
</failure>
  </testcase>
  <testcase name="LoginComponent should hide validation messages and call login method from authservice for valid credentials" time="0.062" classname=".LoginComponent">
    <failure type="">Expected spy authenticateUser to have been called with:
  [ 'xxx', 'Xxxxxxxx1$' ]
but it was never called.
Error: Expected spy authenticateUser to have been called with:
  [ 'xxx', 'Xxxxxxxx1$' ]
but it was never called.
    at &lt;Jasmine&gt;
    at http://localhost:9876/_karma_webpack_/src/app/component/login/login.component.spec.ts:339:44
    at ZoneDelegate../node_modules/zone.js/dist/zone.js.ZoneDelegate.invoke (http://localhost:9876/_karma_webpack_/node_modules/zone.js/dist/zone.js:386:1)
    at FakeAsyncTestZoneSpec.push../node_modules/zone.js/dist/zone-testing.js.FakeAsyncTestZoneSpec.onInvoke (http://localhost:9876/_karma_webpack_/node_modules/zone.js/dist/zone-testing.js:1652:1)
</failure>
    <failure type="">Error: Expected &lt;div _ngcontent-a-c47 id="error-no-username" class="form-error-messages"&gt;...&lt;/div&gt; to be falsy.
    at &lt;Jasmine&gt;
    at http://localhost:9876/_karma_webpack_/src/app/component/login/login.component.spec.ts:344:36
    at ZoneDelegate../node_modules/zone.js/dist/zone.js.ZoneDelegate.invoke (http://localhost:9876/_karma_webpack_/node_modules/zone.js/dist/zone.js:386:1)
    at FakeAsyncTestZoneSpec.push../node_modules/zone.js/dist/zone-testing.js.FakeAsyncTestZoneSpec.onInvoke (http://localhost:9876/_karma_webpack_/node_modules/zone.js/dist/zone-testing.js:1652:1)
</failure>
    <failure type="">Error: Expected &lt;div _ngcontent-a-c47 id="error-minlength-username" class="form-error-messages"&gt;...&lt;/div&gt; to be falsy.
    at &lt;Jasmine&gt;
    at http://localhost:9876/_karma_webpack_/src/app/component/login/login.component.spec.ts:345:43
    at ZoneDelegate../node_modules/zone.js/dist/zone.js.ZoneDelegate.invoke (http://localhost:9876/_karma_webpack_/node_modules/zone.js/dist/zone.js:386:1)
    at FakeAsyncTestZoneSpec.push../node_modules/zone.js/dist/zone-testing.js.FakeAsyncTestZoneSpec.onInvoke (http://localhost:9876/_karma_webpack_/node_modules/zone.js/dist/zone-testing.js:1652:1)
</failure>
    <failure type="">Error: Expected &lt;div _ngcontent-a-c47 id="error-no-password" class="form-error-messages"&gt;...&lt;/div&gt; to be falsy.
    at &lt;Jasmine&gt;
    at http://localhost:9876/_karma_webpack_/src/app/component/login/login.component.spec.ts:346:36
    at ZoneDelegate../node_modules/zone.js/dist/zone.js.ZoneDelegate.invoke (http://localhost:9876/_karma_webpack_/node_modules/zone.js/dist/zone.js:386:1)
    at FakeAsyncTestZoneSpec.push../node_modules/zone.js/dist/zone-testing.js.FakeAsyncTestZoneSpec.onInvoke (http://localhost:9876/_karma_webpack_/node_modules/zone.js/dist/zone-testing.js:1652:1)
</failure>
    <failure type="">Error: Expected &lt;div _ngcontent-a-c47 id="error-minlength-password" class="form-error-messages"&gt;...&lt;/div&gt; to be falsy.
    at &lt;Jasmine&gt;
    at http://localhost:9876/_karma_webpack_/src/app/component/login/login.component.spec.ts:347:43
    at ZoneDelegate../node_modules/zone.js/dist/zone.js.ZoneDelegate.invoke (http://localhost:9876/_karma_webpack_/node_modules/zone.js/dist/zone.js:386:1)
    at FakeAsyncTestZoneSpec.push../node_modules/zone.js/dist/zone-testing.js.FakeAsyncTestZoneSpec.onInvoke (http://localhost:9876/_karma_webpack_/node_modules/zone.js/dist/zone-testing.js:1652:1)
</failure>
  </testcase>
  <testcase name="LoginComponent should display minlength 3 username validation error when the username length less than 3" time="0.043" classname=".LoginComponent">
    <failure type="">Error: Expected true to be falsy.
    at &lt;Jasmine&gt;
    at http://localhost:9876/_karma_webpack_/src/app/component/login/login.component.spec.ts:137:41
    at ZoneDelegate../node_modules/zone.js/dist/zone.js.ZoneDelegate.invoke (http://localhost:9876/_karma_webpack_/node_modules/zone.js/dist/zone.js:386:1)
    at FakeAsyncTestZoneSpec.push../node_modules/zone.js/dist/zone-testing.js.FakeAsyncTestZoneSpec.onInvoke (http://localhost:9876/_karma_webpack_/node_modules/zone.js/dist/zone-testing.js:1652:1)
</failure>
    <failure type="">Error: Expected true to be falsy.
    at &lt;Jasmine&gt;
    at http://localhost:9876/_karma_webpack_/src/app/component/login/login.component.spec.ts:140:34
    at ZoneDelegate../node_modules/zone.js/dist/zone.js.ZoneDelegate.invoke (http://localhost:9876/_karma_webpack_/node_modules/zone.js/dist/zone.js:386:1)
    at FakeAsyncTestZoneSpec.push../node_modules/zone.js/dist/zone-testing.js.FakeAsyncTestZoneSpec.onInvoke (http://localhost:9876/_karma_webpack_/node_modules/zone.js/dist/zone-testing.js:1652:1)
</failure>
  </testcase>
  <testcase name="LoginComponent should redirect to dashboard on correct credentials" time="0.045" classname=".LoginComponent">
    <failure type="">Expected spy authenticateUser to have been called with:
  [ 'xxx', 'Xxxxxxxx1$' ]
but it was never called.
Error: Expected spy authenticateUser to have been called with:
  [ 'xxx', 'Xxxxxxxx1$' ]
but it was never called.
    at &lt;Jasmine&gt;
    at http://localhost:9876/_karma_webpack_/src/app/component/login/login.component.spec.ts:375:44
    at ZoneDelegate../node_modules/zone.js/dist/zone.js.ZoneDelegate.invoke (http://localhost:9876/_karma_webpack_/node_modules/zone.js/dist/zone.js:386:1)
    at FakeAsyncTestZoneSpec.push../node_modules/zone.js/dist/zone-testing.js.FakeAsyncTestZoneSpec.onInvoke (http://localhost:9876/_karma_webpack_/node_modules/zone.js/dist/zone-testing.js:1652:1)
</failure>
    <failure type="">Error: Expected '' to be '/profile'.
    at &lt;Jasmine&gt;
    at http://localhost:9876/_karma_webpack_/src/app/component/login/login.component.spec.ts:378:33
    at ZoneDelegate../node_modules/zone.js/dist/zone.js.ZoneDelegate.invoke (http://localhost:9876/_karma_webpack_/node_modules/zone.js/dist/zone.js:386:1)
    at FakeAsyncTestZoneSpec.push../node_modules/zone.js/dist/zone-testing.js.FakeAsyncTestZoneSpec.onInvoke (http://localhost:9876/_karma_webpack_/node_modules/zone.js/dist/zone-testing.js:1652:1)
</failure>
  </testcase>
  <testcase name="LoginComponent All validation errors should be hidden and form should be invalid by default" time="0.025" classname=".LoginComponent">
    <failure type="">Error: Expected true to be falsy.
    at &lt;Jasmine&gt;
    at http://localhost:9876/_karma_webpack_/src/app/component/login/login.component.spec.ts:103:41
    at ZoneDelegate../node_modules/zone.js/dist/zone.js.ZoneDelegate.invoke (http://localhost:9876/_karma_webpack_/node_modules/zone.js/dist/zone.js:386:1)
    at FakeAsyncTestZoneSpec.push../node_modules/zone.js/dist/zone-testing.js.FakeAsyncTestZoneSpec.onInvoke (http://localhost:9876/_karma_webpack_/node_modules/zone.js/dist/zone-testing.js:1652:1)
</failure>
    <failure type="">Error: Expected &lt;div _ngcontent-a-c47 id="error-no-username" class="form-error-messages"&gt;...&lt;/div&gt; to be falsy.
    at &lt;Jasmine&gt;
    at http://localhost:9876/_karma_webpack_/src/app/component/login/login.component.spec.ts:104:36
    at ZoneDelegate../node_modules/zone.js/dist/zone.js.ZoneDelegate.invoke (http://localhost:9876/_karma_webpack_/node_modules/zone.js/dist/zone.js:386:1)
    at FakeAsyncTestZoneSpec.push../node_modules/zone.js/dist/zone-testing.js.FakeAsyncTestZoneSpec.onInvoke (http://localhost:9876/_karma_webpack_/node_modules/zone.js/dist/zone-testing.js:1652:1)
</failure>
    <failure type="">Error: Expected &lt;div _ngcontent-a-c47 id="error-no-password" class="form-error-messages"&gt;...&lt;/div&gt; to be falsy.
    at &lt;Jasmine&gt;
    at http://localhost:9876/_karma_webpack_/src/app/component/login/login.component.spec.ts:105:36
    at ZoneDelegate../node_modules/zone.js/dist/zone.js.ZoneDelegate.invoke (http://localhost:9876/_karma_webpack_/node_modules/zone.js/dist/zone.js:386:1)
    at FakeAsyncTestZoneSpec.push../node_modules/zone.js/dist/zone-testing.js.FakeAsyncTestZoneSpec.onInvoke (http://localhost:9876/_karma_webpack_/node_modules/zone.js/dist/zone-testing.js:1652:1)
</failure>
    <failure type="">Error: Expected &lt;div _ngcontent-a-c47 id="error-minlength-username" class="form-error-messages"&gt;...&lt;/div&gt; to be falsy.
    at &lt;Jasmine&gt;
    at http://localhost:9876/_karma_webpack_/src/app/component/login/login.component.spec.ts:106:43
    at ZoneDelegate../node_modules/zone.js/dist/zone.js.ZoneDelegate.invoke (http://localhost:9876/_karma_webpack_/node_modules/zone.js/dist/zone.js:386:1)
    at FakeAsyncTestZoneSpec.push../node_modules/zone.js/dist/zone-testing.js.FakeAsyncTestZoneSpec.onInvoke (http://localhost:9876/_karma_webpack_/node_modules/zone.js/dist/zone-testing.js:1652:1)
</failure>
    <failure type="">Error: Expected &lt;div _ngcontent-a-c47 id="error-minlength-password" class="form-error-messages"&gt;...&lt;/div&gt; to be falsy.
    at &lt;Jasmine&gt;
    at http://localhost:9876/_karma_webpack_/src/app/component/login/login.component.spec.ts:107:43
    at ZoneDelegate../node_modules/zone.js/dist/zone.js.ZoneDelegate.invoke (http://localhost:9876/_karma_webpack_/node_modules/zone.js/dist/zone.js:386:1)
    at FakeAsyncTestZoneSpec.push../node_modules/zone.js/dist/zone-testing.js.FakeAsyncTestZoneSpec.onInvoke (http://localhost:9876/_karma_webpack_/node_modules/zone.js/dist/zone-testing.js:1652:1)
</failure>
  </testcase>
  <testcase name="LoginComponent should display no username validation error when the field kept as null(dirty)" time="0.022" classname=".LoginComponent">
    <failure type="">Error: Expected true to be falsy.
    at &lt;Jasmine&gt;
    at http://localhost:9876/_karma_webpack_/src/app/component/login/login.component.spec.ts:119:41
    at ZoneDelegate../node_modules/zone.js/dist/zone.js.ZoneDelegate.invoke (http://localhost:9876/_karma_webpack_/node_modules/zone.js/dist/zone.js:386:1)
    at FakeAsyncTestZoneSpec.push../node_modules/zone.js/dist/zone-testing.js.FakeAsyncTestZoneSpec.onInvoke (http://localhost:9876/_karma_webpack_/node_modules/zone.js/dist/zone-testing.js:1652:1)
</failure>
    <failure type="">Error: Expected true to be falsy.
    at &lt;Jasmine&gt;
    at http://localhost:9876/_karma_webpack_/src/app/component/login/login.component.spec.ts:123:34
    at ZoneDelegate../node_modules/zone.js/dist/zone.js.ZoneDelegate.invoke (http://localhost:9876/_karma_webpack_/node_modules/zone.js/dist/zone.js:386:1)
    at FakeAsyncTestZoneSpec.push../node_modules/zone.js/dist/zone-testing.js.FakeAsyncTestZoneSpec.onInvoke (http://localhost:9876/_karma_webpack_/node_modules/zone.js/dist/zone-testing.js:1652:1)
</failure>
  </testcase>
  <testcase name="LoginComponent #authenticateUser should return error on occurence of error" time="0.041" classname=".LoginComponent">
    <failure type="">Error: Uncaught (in promise): TypeError: Cannot read properties of null (reading 'value')
TypeError: Cannot read properties of null (reading 'value')
    at LoginComponent.doLogin (http://localhost:9876/_karma_webpack_/src/app/component/login/login.component.ts:45:67)
    at http://localhost:9876/_karma_webpack_/src/app/component/login/login.component.spec.ts:391:17
    at ZoneDelegate../node_modules/zone.js/dist/zone.js.ZoneDelegate.invoke (http://localhost:9876/_karma_webpack_/node_modules/zone.js/dist/zone.js:386:1)
    at FakeAsyncTestZoneSpec.push../node_modules/zone.js/dist/zone-testing.js.FakeAsyncTestZoneSpec.onInvoke (http://localhost:9876/_karma_webpack_/node_modules/zone.js/dist/zone-testing.js:1652:1)
    at ProxyZoneSpec.push../node_modules/zone.js/dist/zone-testing.js.ProxyZoneSpec.onInvoke (http://localhost:9876/_karma_webpack_/node_modules/zone.js/dist/zone-testing.js:289:1)
    at ZoneDelegate../node_modules/zone.js/dist/zone.js.ZoneDelegate.invoke (http://localhost:9876/_karma_webpack_/node_modules/zone.js/dist/zone.js:385:1)
    at Zone../node_modules/zone.js/dist/zone.js.Zone.run (http://localhost:9876/_karma_webpack_/node_modules/zone.js/dist/zone.js:143:1)
    at http://localhost:9876/_karma_webpack_/node_modules/zone.js/dist/zone.js:891:1
    at ZoneDelegate../node_modules/zone.js/dist/zone.js.ZoneDelegate.invokeTask (http://localhost:9876/_karma_webpack_/node_modules/zone.js/dist/zone.js:421:1)
    at ProxyZoneSpec.push../node_modules/zone.js/dist/zone-testing.js.ProxyZoneSpec.onInvokeTask (http://localhost:9876/_karma_webpack_/node_modules/zone.js/dist/zone-testing.js:323:1)
error properties: Object({ rejection: TypeError: Cannot read properties of null (reading 'value'), promise: [object Promise], zone: Zone({ _parent: Zone({ _parent: null, _name: '&lt;root&gt;', _properties: Object({  }), _zoneDelegate: ZoneDelegate({ _taskCounts: Object({ microTask: 0, macroTask: 0, eventTask: 0 }), zone: &lt;circular reference: Object&gt;, _parentDelegate: null, _forkZS: null, _forkDlgt: null, _forkCurrZone: null, _interceptZS: null, _interceptDlgt: null, _interceptCurrZone: null, _invokeZS: null, _invokeDlgt: null, _invokeCurrZone: null, _handleErrorZS: null, _handleErrorDlgt: null, _handleErrorCurrZone: null, _scheduleTaskZS: null, _scheduleTaskDlgt: null, _scheduleTaskCurrZone: null, _invokeTaskZS: null, _invokeTaskDlgt: null, _invokeTaskCurrZone: null, _cancelTaskZS: null, _cancelTaskDlgt: null, _cancelTaskCurrZone: null, _hasTaskZS: null, _hasTaskDlgt: null, _hasTaskDlgtOwner: null, _hasTaskCurrZone: null }) }), _name: 'ProxyZone', _properties: Object({ ProxyZoneSpec: ProxyZoneSpec({ defau ...
Error: Uncaught (in promise): TypeError: Cannot read properties of null (reading 'value')
TypeError: Cannot read properties of null (reading 'value')
    at LoginComponent.doLogin (http://localhost:9876/_karma_webpack_/src/app/component/login/login.component.ts:45:67)
    at http://localhost:9876/_karma_webpack_/src/app/component/login/login.component.spec.ts:391:17
    at ZoneDelegate../node_modules/zone.js/dist/zone.js.ZoneDelegate.invoke (http://localhost:9876/_karma_webpack_/node_modules/zone.js/dist/zone.js:386:1)
    at FakeAsyncTestZoneSpec.push../node_modules/zone.js/dist/zone-testing.js.FakeAsyncTestZoneSpec.onInvoke (http://localhost:9876/_karma_webpack_/node_modules/zone.js/dist/zone-testing.js:1652:1)
    at ProxyZoneSpec.push../node_modules/zone.js/dist/zone-testing.js.ProxyZoneSpec.onInvoke (http://localhost:9876/_karma_webpack_/node_modules/zone.js/dist/zone-testing.js:289:1)
    at ZoneDelegate../node_modules/zone.js/dist/zone.js.ZoneDelegate.invoke (http://localhost:9876/_karma_webpack_/node_modules/zone.js/dist/zone.js:385:1)
    at Zone../node_modules/zone.js/dist/zone.js.Zone.run (http://localhost:9876/_karma_webpack_/node_modules/zone.js/dist/zone.js:143:1)
    at http://localhost:9876/_karma_webpack_/node_modules/zone.js/dist/zone.js:891:1
    at ZoneDelegate../node_modules/zone.js/dist/zone.js.ZoneDelegate.invokeTask (http://localhost:9876/_karma_webpack_/node_modules/zone.js/dist/zone.js:421:1)
    at ProxyZoneSpec.push../node_modules/zone.js/dist/zone-testing.js.ProxyZoneSpec.onInvokeTask (http://localhost:9876/_karma_webpack_/node_modules/zone.js/dist/zone-testing.js:323:1)
    at resolvePromise (http://localhost:9876/_karma_webpack_/node_modules/zone.js/dist/zone.js:832:1)
    at http://localhost:9876/_karma_webpack_/node_modules/zone.js/dist/zone.js:898:1
    at ZoneDelegate../node_modules/zone.js/dist/zone.js.ZoneDelegate.invokeTask (http://localhost:9876/_karma_webpack_/node_modules/zone.js/dist/zone.js:421:1)
    at ProxyZoneSpec.push../node_modules/zone.js/dist/zone-testing.js.ProxyZoneSpec.onInvokeTask (http://localhost:9876/_karma_webpack_/node_modules/zone.js/dist/zone-testing.js:323:1)
    at ZoneDelegate../node_modules/zone.js/dist/zone.js.ZoneDelegate.invokeTask (http://localhost:9876/_karma_webpack_/node_modules/zone.js/dist/zone.js:420:1)
    at Zone../node_modules/zone.js/dist/zone.js.Zone.runTask (http://localhost:9876/_karma_webpack_/node_modules/zone.js/dist/zone.js:188:1)
    at ./node_modules/zone.js/dist/zone.js.ZoneTask.invokeTask (http://localhost:9876/_karma_webpack_/node_modules/zone.js/dist/zone.js:503:1)
    at ZoneTask.invoke (http://localhost:9876/_karma_webpack_/node_modules/zone.js/dist/zone.js:492:1)
    at FakeAsyncTestZoneSpec.push../node_modules/zone.js/dist/zone-testing.js.FakeAsyncTestZoneSpec.flushMicrotasks (http://localhost:9876/_karma_webpack_/node_modules/zone.js/dist/zone-testing.js:1546:1)
    at flushMicrotasks (http://localhost:9876/_karma_webpack_/node_modules/zone.js/dist/zone-testing.js:1821:37)
</failure>
  </testcase>
  <testcase name="LoginComponent should not display any error when the username field is valid" time="0.023" classname=".LoginComponent">
    <failure type="">Error: Expected null to be truthy.
    at &lt;Jasmine&gt;
    at http://localhost:9876/_karma_webpack_/src/app/component/login/login.component.spec.ts:181:86
    at ZoneDelegate../node_modules/zone.js/dist/zone.js.ZoneDelegate.invoke (http://localhost:9876/_karma_webpack_/node_modules/zone.js/dist/zone.js:386:1)
    at FakeAsyncTestZoneSpec.push../node_modules/zone.js/dist/zone-testing.js.FakeAsyncTestZoneSpec.onInvoke (http://localhost:9876/_karma_webpack_/node_modules/zone.js/dist/zone-testing.js:1652:1)
</failure>
    <failure type="">Error: Expected &lt;div _ngcontent-a-c47 id="error-no-username" class="form-error-messages"&gt;...&lt;/div&gt; to be falsy.
    at &lt;Jasmine&gt;
    at http://localhost:9876/_karma_webpack_/src/app/component/login/login.component.spec.ts:183:36
    at ZoneDelegate../node_modules/zone.js/dist/zone.js.ZoneDelegate.invoke (http://localhost:9876/_karma_webpack_/node_modules/zone.js/dist/zone.js:386:1)
    at FakeAsyncTestZoneSpec.push../node_modules/zone.js/dist/zone-testing.js.FakeAsyncTestZoneSpec.onInvoke (http://localhost:9876/_karma_webpack_/node_modules/zone.js/dist/zone-testing.js:1652:1)
</failure>
    <failure type="">Error: Expected &lt;div _ngcontent-a-c47 id="error-minlength-username" class="form-error-messages"&gt;...&lt;/div&gt; to be falsy.
    at &lt;Jasmine&gt;
    at http://localhost:9876/_karma_webpack_/src/app/component/login/login.component.spec.ts:184:43
    at ZoneDelegate../node_modules/zone.js/dist/zone.js.ZoneDelegate.invoke (http://localhost:9876/_karma_webpack_/node_modules/zone.js/dist/zone.js:386:1)
    at FakeAsyncTestZoneSpec.push../node_modules/zone.js/dist/zone-testing.js.FakeAsyncTestZoneSpec.onInvoke (http://localhost:9876/_karma_webpack_/node_modules/zone.js/dist/zone-testing.js:1652:1)
</failure>
    <failure type="">Error: Expected &lt;div _ngcontent-a-c47 id="error-maxlength-username" class="form-error-messages"&gt;...&lt;/div&gt; to be falsy.
    at &lt;Jasmine&gt;
    at http://localhost:9876/_karma_webpack_/src/app/component/login/login.component.spec.ts:185:43
    at ZoneDelegate../node_modules/zone.js/dist/zone.js.ZoneDelegate.invoke (http://localhost:9876/_karma_webpack_/node_modules/zone.js/dist/zone.js:386:1)
    at FakeAsyncTestZoneSpec.push../node_modules/zone.js/dist/zone-testing.js.FakeAsyncTestZoneSpec.onInvoke (http://localhost:9876/_karma_webpack_/node_modules/zone.js/dist/zone-testing.js:1652:1)
</failure>
  </testcase>
  <testcase name="LoginComponent #dologin should return false if form is invalid" time="0.07" classname=".LoginComponent">
    <failure type="">TypeError: Cannot read properties of null (reading 'value')
    at &lt;Jasmine&gt;
    at LoginComponent.doLogin (http://localhost:9876/_karma_webpack_/src/app/component/login/login.component.ts:45:67)
    at UserContext.&lt;anonymous&gt; (http://localhost:9876/_karma_webpack_/src/app/component/login/login.component.spec.ts:397:15)
    at ZoneDelegate../node_modules/zone.js/dist/zone.js.ZoneDelegate.invoke (http://localhost:9876/_karma_webpack_/node_modules/zone.js/dist/zone.js:386:1)
    at ProxyZoneSpec.push../node_modules/zone.js/dist/zone-testing.js.ProxyZoneSpec.onInvoke (http://localhost:9876/_karma_webpack_/node_modules/zone.js/dist/zone-testing.js:292:1)
    at ZoneDelegate../node_modules/zone.js/dist/zone.js.ZoneDelegate.invoke (http://localhost:9876/_karma_webpack_/node_modules/zone.js/dist/zone.js:385:1)
    at Zone../node_modules/zone.js/dist/zone.js.Zone.run (http://localhost:9876/_karma_webpack_/node_modules/zone.js/dist/zone.js:143:1)
    at runInTestZone (http://localhost:9876/_karma_webpack_/node_modules/zone.js/dist/zone-testing.js:545:1)
    at UserContext.&lt;anonymous&gt; (http://localhost:9876/_karma_webpack_/node_modules/zone.js/dist/zone-testing.js:560:1)
    at &lt;Jasmine&gt;
</failure>
  </testcase>
  <testcase name="LoginComponent should display no password validation error when the field kept as null(dirty)" time="0.023" classname=".LoginComponent">
    <failure type="">Error: Expected true to be falsy.
    at &lt;Jasmine&gt;
    at http://localhost:9876/_karma_webpack_/src/app/component/login/login.component.spec.ts:197:41
    at ZoneDelegate../node_modules/zone.js/dist/zone.js.ZoneDelegate.invoke (http://localhost:9876/_karma_webpack_/node_modules/zone.js/dist/zone.js:386:1)
    at FakeAsyncTestZoneSpec.push../node_modules/zone.js/dist/zone-testing.js.FakeAsyncTestZoneSpec.onInvoke (http://localhost:9876/_karma_webpack_/node_modules/zone.js/dist/zone-testing.js:1652:1)
</failure>
    <failure type="">Error: Expected true to be falsy.
    at &lt;Jasmine&gt;
    at http://localhost:9876/_karma_webpack_/src/app/component/login/login.component.spec.ts:201:34
    at ZoneDelegate../node_modules/zone.js/dist/zone.js.ZoneDelegate.invoke (http://localhost:9876/_karma_webpack_/node_modules/zone.js/dist/zone.js:386:1)
    at FakeAsyncTestZoneSpec.push../node_modules/zone.js/dist/zone-testing.js.FakeAsyncTestZoneSpec.onInvoke (http://localhost:9876/_karma_webpack_/node_modules/zone.js/dist/zone-testing.js:1652:1)
</failure>
  </testcase>
  <testcase name="LoginComponent should display minlength 8 password validation error when the password length less than 8" time="0.016" classname=".LoginComponent">
    <failure type="">Error: Expected true to be falsy.
    at &lt;Jasmine&gt;
    at http://localhost:9876/_karma_webpack_/src/app/component/login/login.component.spec.ts:218:34
    at ZoneDelegate../node_modules/zone.js/dist/zone.js.ZoneDelegate.invoke (http://localhost:9876/_karma_webpack_/node_modules/zone.js/dist/zone.js:386:1)
    at FakeAsyncTestZoneSpec.push../node_modules/zone.js/dist/zone-testing.js.FakeAsyncTestZoneSpec.onInvoke (http://localhost:9876/_karma_webpack_/node_modules/zone.js/dist/zone-testing.js:1652:1)
</failure>
  </testcase>
  <testcase name="LoginComponent should display maxlength password validation error when the password length exceeds 20" time="0.034" classname=".LoginComponent">
    <failure type="">Error: Expected true to be falsy.
    at &lt;Jasmine&gt;
    at http://localhost:9876/_karma_webpack_/src/app/component/login/login.component.spec.ts:236:34
    at ZoneDelegate../node_modules/zone.js/dist/zone.js.ZoneDelegate.invoke (http://localhost:9876/_karma_webpack_/node_modules/zone.js/dist/zone.js:386:1)
    at FakeAsyncTestZoneSpec.push../node_modules/zone.js/dist/zone-testing.js.FakeAsyncTestZoneSpec.onInvoke (http://localhost:9876/_karma_webpack_/node_modules/zone.js/dist/zone-testing.js:1652:1)
</failure>
  </testcase>
  <testcase name="LoginComponent should not display password error when the password field is valid" time="0.03" classname=".LoginComponent">
    <failure type="">Error: Expected null to be truthy.
    at &lt;Jasmine&gt;
    at http://localhost:9876/_karma_webpack_/src/app/component/login/login.component.spec.ts:274:86
    at ZoneDelegate../node_modules/zone.js/dist/zone.js.ZoneDelegate.invoke (http://localhost:9876/_karma_webpack_/node_modules/zone.js/dist/zone.js:386:1)
    at FakeAsyncTestZoneSpec.push../node_modules/zone.js/dist/zone-testing.js.FakeAsyncTestZoneSpec.onInvoke (http://localhost:9876/_karma_webpack_/node_modules/zone.js/dist/zone-testing.js:1652:1)
</failure>
    <failure type="">Error: Expected &lt;div _ngcontent-a-c47 id="error-no-password" class="form-error-messages"&gt;...&lt;/div&gt; to be falsy.
    at &lt;Jasmine&gt;
    at http://localhost:9876/_karma_webpack_/src/app/component/login/login.component.spec.ts:276:36
    at ZoneDelegate../node_modules/zone.js/dist/zone.js.ZoneDelegate.invoke (http://localhost:9876/_karma_webpack_/node_modules/zone.js/dist/zone.js:386:1)
    at FakeAsyncTestZoneSpec.push../node_modules/zone.js/dist/zone-testing.js.FakeAsyncTestZoneSpec.onInvoke (http://localhost:9876/_karma_webpack_/node_modules/zone.js/dist/zone-testing.js:1652:1)
</failure>
    <failure type="">Error: Expected &lt;div _ngcontent-a-c47 id="error-minlength-password" class="form-error-messages"&gt;...&lt;/div&gt; to be falsy.
    at &lt;Jasmine&gt;
    at http://localhost:9876/_karma_webpack_/src/app/component/login/login.component.spec.ts:277:43
    at ZoneDelegate../node_modules/zone.js/dist/zone.js.ZoneDelegate.invoke (http://localhost:9876/_karma_webpack_/node_modules/zone.js/dist/zone.js:386:1)
    at FakeAsyncTestZoneSpec.push../node_modules/zone.js/dist/zone-testing.js.FakeAsyncTestZoneSpec.onInvoke (http://localhost:9876/_karma_webpack_/node_modules/zone.js/dist/zone-testing.js:1652:1)
</failure>
    <failure type="">Error: Expected &lt;div _ngcontent-a-c47 id="error-maxlength-password" class="form-error-messages"&gt;...&lt;/div&gt; to be falsy.
    at &lt;Jasmine&gt;
    at http://localhost:9876/_karma_webpack_/src/app/component/login/login.component.spec.ts:278:43
    at ZoneDelegate../node_modules/zone.js/dist/zone.js.ZoneDelegate.invoke (http://localhost:9876/_karma_webpack_/node_modules/zone.js/dist/zone.js:386:1)
    at FakeAsyncTestZoneSpec.push../node_modules/zone.js/dist/zone-testing.js.FakeAsyncTestZoneSpec.onInvoke (http://localhost:9876/_karma_webpack_/node_modules/zone.js/dist/zone-testing.js:1652:1)
</failure>
    <failure type="">Error: Expected &lt;div _ngcontent-a-c47 id="error-pattern-password" class="form-error-messages"&gt;...&lt;/div&gt; to be falsy.
    at &lt;Jasmine&gt;
    at http://localhost:9876/_karma_webpack_/src/app/component/login/login.component.spec.ts:279:41
    at ZoneDelegate../node_modules/zone.js/dist/zone.js.ZoneDelegate.invoke (http://localhost:9876/_karma_webpack_/node_modules/zone.js/dist/zone.js:386:1)
    at FakeAsyncTestZoneSpec.push../node_modules/zone.js/dist/zone-testing.js.FakeAsyncTestZoneSpec.onInvoke (http://localhost:9876/_karma_webpack_/node_modules/zone.js/dist/zone-testing.js:1652:1)
</failure>
  </testcase>
  <testcase name="LoginComponent should display password pattern validation error" time="0.016" classname=".LoginComponent">
    <failure type="">Error: Expected true to be falsy.
    at &lt;Jasmine&gt;
    at http://localhost:9876/_karma_webpack_/src/app/component/login/login.component.spec.ts:254:34
    at ZoneDelegate../node_modules/zone.js/dist/zone.js.ZoneDelegate.invoke (http://localhost:9876/_karma_webpack_/node_modules/zone.js/dist/zone.js:386:1)
    at FakeAsyncTestZoneSpec.push../node_modules/zone.js/dist/zone-testing.js.FakeAsyncTestZoneSpec.onInvoke (http://localhost:9876/_karma_webpack_/node_modules/zone.js/dist/zone-testing.js:1652:1)
</failure>
  </testcase>
  <testcase name="ProfileComponent should submit profile changes with validation" time="0.095" classname=".ProfileComponent">
    <failure type="">Error: Expected spy changeMyProfile to have been called.
    at &lt;Jasmine&gt;
    at http://localhost:9876/_karma_webpack_/src/app/component/profile/profile.component.spec.ts:254:41
    at ZoneDelegate../node_modules/zone.js/dist/zone.js.ZoneDelegate.invoke (http://localhost:9876/_karma_webpack_/node_modules/zone.js/dist/zone.js:386:1)
    at FakeAsyncTestZoneSpec.push../node_modules/zone.js/dist/zone-testing.js.FakeAsyncTestZoneSpec.onInvoke (http://localhost:9876/_karma_webpack_/node_modules/zone.js/dist/zone-testing.js:1652:1)
</failure>
    <failure type="">Error: Expected spy getProfileDetails to have been called.
    at &lt;Jasmine&gt;
    at http://localhost:9876/_karma_webpack_/src/app/component/profile/profile.component.spec.ts:258:45
    at ZoneDelegate../node_modules/zone.js/dist/zone.js.ZoneDelegate.invoke (http://localhost:9876/_karma_webpack_/node_modules/zone.js/dist/zone.js:386:1)
    at FakeAsyncTestZoneSpec.push../node_modules/zone.js/dist/zone-testing.js.FakeAsyncTestZoneSpec.onInvoke (http://localhost:9876/_karma_webpack_/node_modules/zone.js/dist/zone-testing.js:1652:1)
</failure>
    <failure type="">Error: Expected spy discardEdit to have been called.
    at &lt;Jasmine&gt;
    at http://localhost:9876/_karma_webpack_/src/app/component/profile/profile.component.spec.ts:259:39
    at ZoneDelegate../node_modules/zone.js/dist/zone.js.ZoneDelegate.invoke (http://localhost:9876/_karma_webpack_/node_modules/zone.js/dist/zone.js:386:1)
    at FakeAsyncTestZoneSpec.push../node_modules/zone.js/dist/zone-testing.js.FakeAsyncTestZoneSpec.onInvoke (http://localhost:9876/_karma_webpack_/node_modules/zone.js/dist/zone-testing.js:1652:1)
</failure>
  </testcase>
  <testcase name="ProfileComponent should populate form fields with values on edit profile button click" time="0.034" classname=".ProfileComponent">
    <failure type="">Error: Expected Object({ value: '' }) to equal 'test'.
    at &lt;Jasmine&gt;
    at http://localhost:9876/_karma_webpack_/src/app/component/profile/profile.component.spec.ts:215:68
    at ZoneDelegate../node_modules/zone.js/dist/zone.js.ZoneDelegate.invoke (http://localhost:9876/_karma_webpack_/node_modules/zone.js/dist/zone.js:386:1)
    at FakeAsyncTestZoneSpec.push../node_modules/zone.js/dist/zone-testing.js.FakeAsyncTestZoneSpec.onInvoke (http://localhost:9876/_karma_webpack_/node_modules/zone.js/dist/zone-testing.js:1652:1)
</failure>
    <failure type="">Error: Expected '' to equal '1234567890'.
    at &lt;Jasmine&gt;
    at http://localhost:9876/_karma_webpack_/src/app/component/profile/profile.component.spec.ts:216:66
    at ZoneDelegate../node_modules/zone.js/dist/zone.js.ZoneDelegate.invoke (http://localhost:9876/_karma_webpack_/node_modules/zone.js/dist/zone.js:386:1)
    at FakeAsyncTestZoneSpec.push../node_modules/zone.js/dist/zone-testing.js.FakeAsyncTestZoneSpec.onInvoke (http://localhost:9876/_karma_webpack_/node_modules/zone.js/dist/zone-testing.js:1652:1)
</failure>
    <failure type="">Error: Expected '' to equal 'test@test.com'.
    at &lt;Jasmine&gt;
    at http://localhost:9876/_karma_webpack_/src/app/component/profile/profile.component.spec.ts:217:65
    at ZoneDelegate../node_modules/zone.js/dist/zone.js.ZoneDelegate.invoke (http://localhost:9876/_karma_webpack_/node_modules/zone.js/dist/zone.js:386:1)
    at FakeAsyncTestZoneSpec.push../node_modules/zone.js/dist/zone-testing.js.FakeAsyncTestZoneSpec.onInvoke (http://localhost:9876/_karma_webpack_/node_modules/zone.js/dist/zone-testing.js:1652:1)
</failure>
    <failure type="">Error: Expected '' to equal 'testLocation'.
    at &lt;Jasmine&gt;
    at http://localhost:9876/_karma_webpack_/src/app/component/profile/profile.component.spec.ts:218:68
    at ZoneDelegate../node_modules/zone.js/dist/zone.js.ZoneDelegate.invoke (http://localhost:9876/_karma_webpack_/node_modules/zone.js/dist/zone.js:386:1)
    at FakeAsyncTestZoneSpec.push../node_modules/zone.js/dist/zone-testing.js.FakeAsyncTestZoneSpec.onInvoke (http://localhost:9876/_karma_webpack_/node_modules/zone.js/dist/zone-testing.js:1652:1)
</failure>
  </testcase>
  <testcase name="ProfileComponent #getProfileDetails should return error on occurence of error" time="0.036" classname=".ProfileComponent">
    <failure type="">Error: Expected Object({ value: '' }) to equal ''.
    at &lt;Jasmine&gt;
    at http://localhost:9876/_karma_webpack_/src/app/component/profile/profile.component.spec.ts:275:70
    at ZoneDelegate../node_modules/zone.js/dist/zone.js.ZoneDelegate.invoke (http://localhost:9876/_karma_webpack_/node_modules/zone.js/dist/zone.js:386:1)
    at FakeAsyncTestZoneSpec.push../node_modules/zone.js/dist/zone-testing.js.FakeAsyncTestZoneSpec.onInvoke (http://localhost:9876/_karma_webpack_/node_modules/zone.js/dist/zone-testing.js:1652:1)
</failure>
  </testcase>
  <testcase name="ProfileComponent should validate the edit profile form" time="0.027" classname=".ProfileComponent">
    <failure type="">Error: Expected &lt;button _ngcontent-a-c49 id="editProfileBtn" class="prompt-btn btn"&gt;...&lt;/button&gt; to be null.
    at &lt;Jasmine&gt;
    at UserContext.&lt;anonymous&gt; (http://localhost:9876/_karma_webpack_/src/app/component/profile/profile.component.spec.ts:163:32)
    at ZoneDelegate../node_modules/zone.js/dist/zone.js.ZoneDelegate.invoke (http://localhost:9876/_karma_webpack_/node_modules/zone.js/dist/zone.js:386:1)
    at ProxyZoneSpec.push../node_modules/zone.js/dist/zone-testing.js.ProxyZoneSpec.onInvoke (http://localhost:9876/_karma_webpack_/node_modules/zone.js/dist/zone-testing.js:292:1)
</failure>
    <failure type="">Error: Expected &lt;ul _ngcontent-a-c49 id="profileDetails" class="profile-details"&gt;...&lt;/ul&gt; to be null.
    at &lt;Jasmine&gt;
    at UserContext.&lt;anonymous&gt; (http://localhost:9876/_karma_webpack_/src/app/component/profile/profile.component.spec.ts:167:32)
    at ZoneDelegate../node_modules/zone.js/dist/zone.js.ZoneDelegate.invoke (http://localhost:9876/_karma_webpack_/node_modules/zone.js/dist/zone.js:386:1)
    at ProxyZoneSpec.push../node_modules/zone.js/dist/zone-testing.js.ProxyZoneSpec.onInvoke (http://localhost:9876/_karma_webpack_/node_modules/zone.js/dist/zone-testing.js:292:1)
</failure>
    <failure type="">Error: Expected true to be falsy.
    at &lt;Jasmine&gt;
    at UserContext.&lt;anonymous&gt; (http://localhost:9876/_karma_webpack_/src/app/component/profile/profile.component.spec.ts:169:45)
    at ZoneDelegate../node_modules/zone.js/dist/zone.js.ZoneDelegate.invoke (http://localhost:9876/_karma_webpack_/node_modules/zone.js/dist/zone.js:386:1)
    at ProxyZoneSpec.push../node_modules/zone.js/dist/zone-testing.js.ProxyZoneSpec.onInvoke (http://localhost:9876/_karma_webpack_/node_modules/zone.js/dist/zone-testing.js:292:1)
</failure>
    <failure type="">Error: Expected true to be falsy.
    at &lt;Jasmine&gt;
    at UserContext.&lt;anonymous&gt; (http://localhost:9876/_karma_webpack_/src/app/component/profile/profile.component.spec.ts:179:45)
    at ZoneDelegate../node_modules/zone.js/dist/zone.js.ZoneDelegate.invoke (http://localhost:9876/_karma_webpack_/node_modules/zone.js/dist/zone.js:386:1)
    at ProxyZoneSpec.push../node_modules/zone.js/dist/zone-testing.js.ProxyZoneSpec.onInvoke (http://localhost:9876/_karma_webpack_/node_modules/zone.js/dist/zone-testing.js:292:1)
</failure>
    <failure type="">Error: Expected true to be falsy.
    at &lt;Jasmine&gt;
    at UserContext.&lt;anonymous&gt; (http://localhost:9876/_karma_webpack_/src/app/component/profile/profile.component.spec.ts:182:45)
    at ZoneDelegate../node_modules/zone.js/dist/zone.js.ZoneDelegate.invoke (http://localhost:9876/_karma_webpack_/node_modules/zone.js/dist/zone.js:386:1)
    at ProxyZoneSpec.push../node_modules/zone.js/dist/zone-testing.js.ProxyZoneSpec.onInvoke (http://localhost:9876/_karma_webpack_/node_modules/zone.js/dist/zone-testing.js:292:1)
</failure>
    <failure type="">Error: Expected true to be falsy.
    at &lt;Jasmine&gt;
    at UserContext.&lt;anonymous&gt; (http://localhost:9876/_karma_webpack_/src/app/component/profile/profile.component.spec.ts:186:45)
    at ZoneDelegate../node_modules/zone.js/dist/zone.js.ZoneDelegate.invoke (http://localhost:9876/_karma_webpack_/node_modules/zone.js/dist/zone.js:386:1)
    at ProxyZoneSpec.push../node_modules/zone.js/dist/zone-testing.js.ProxyZoneSpec.onInvoke (http://localhost:9876/_karma_webpack_/node_modules/zone.js/dist/zone-testing.js:292:1)
</failure>
    <failure type="">Error: Expected true to be falsy.
    at &lt;Jasmine&gt;
    at UserContext.&lt;anonymous&gt; (http://localhost:9876/_karma_webpack_/src/app/component/profile/profile.component.spec.ts:189:45)
    at ZoneDelegate../node_modules/zone.js/dist/zone.js.ZoneDelegate.invoke (http://localhost:9876/_karma_webpack_/node_modules/zone.js/dist/zone.js:386:1)
    at ProxyZoneSpec.push../node_modules/zone.js/dist/zone-testing.js.ProxyZoneSpec.onInvoke (http://localhost:9876/_karma_webpack_/node_modules/zone.js/dist/zone-testing.js:292:1)
</failure>
  </testcase>
  <testcase name="ProfileComponent should display profile details on clicking discard button" time="0.047" classname=".ProfileComponent">
    <failure type="">Error: Expected &lt;button _ngcontent-a-c49 id="editProfileBtn" class="prompt-btn btn"&gt;...&lt;/button&gt; to be null.
    at &lt;Jasmine&gt;
    at UserContext.&lt;anonymous&gt; (http://localhost:9876/_karma_webpack_/src/app/component/profile/profile.component.spec.ts:137:32)
    at ZoneDelegate../node_modules/zone.js/dist/zone.js.ZoneDelegate.invoke (http://localhost:9876/_karma_webpack_/node_modules/zone.js/dist/zone.js:386:1)
    at ProxyZoneSpec.push../node_modules/zone.js/dist/zone-testing.js.ProxyZoneSpec.onInvoke (http://localhost:9876/_karma_webpack_/node_modules/zone.js/dist/zone-testing.js:292:1)
</failure>
    <failure type="">Error: Expected spy discardEdit to have been called.
    at &lt;Jasmine&gt;
    at UserContext.&lt;anonymous&gt; (http://localhost:9876/_karma_webpack_/src/app/component/profile/profile.component.spec.ts:142:35)
    at ZoneDelegate../node_modules/zone.js/dist/zone.js.ZoneDelegate.invoke (http://localhost:9876/_karma_webpack_/node_modules/zone.js/dist/zone.js:386:1)
    at ProxyZoneSpec.push../node_modules/zone.js/dist/zone-testing.js.ProxyZoneSpec.onInvoke (http://localhost:9876/_karma_webpack_/node_modules/zone.js/dist/zone-testing.js:292:1)
</failure>
    <failure type="">Error: Expected true to be false.
    at &lt;Jasmine&gt;
    at UserContext.&lt;anonymous&gt; (http://localhost:9876/_karma_webpack_/src/app/component/profile/profile.component.spec.ts:145:35)
    at ZoneDelegate../node_modules/zone.js/dist/zone.js.ZoneDelegate.invoke (http://localhost:9876/_karma_webpack_/node_modules/zone.js/dist/zone.js:386:1)
    at ProxyZoneSpec.push../node_modules/zone.js/dist/zone-testing.js.ProxyZoneSpec.onInvoke (http://localhost:9876/_karma_webpack_/node_modules/zone.js/dist/zone-testing.js:292:1)
</failure>
    <failure type="">Error: Expected &lt;form _ngcontent-a-c49 novalidate id="editProfileForm" class="ro-form profile-form ng-untouched ng-pristine ng-valid"&gt;...&lt;/form&gt; to be null.
    at &lt;Jasmine&gt;
    at UserContext.&lt;anonymous&gt; (http://localhost:9876/_karma_webpack_/src/app/component/profile/profile.component.spec.ts:150:33)
    at ZoneDelegate../node_modules/zone.js/dist/zone.js.ZoneDelegate.invoke (http://localhost:9876/_karma_webpack_/node_modules/zone.js/dist/zone.js:386:1)
    at ProxyZoneSpec.push../node_modules/zone.js/dist/zone-testing.js.ProxyZoneSpec.onInvoke (http://localhost:9876/_karma_webpack_/node_modules/zone.js/dist/zone-testing.js:292:1)
</failure>
  </testcase>
  <testcase name="ProfileComponent should display edit profile form on edit profile button click" time="0.019" classname=".ProfileComponent">
    <failure type="">Error: Expected spy editMyProfile to have been called.
    at &lt;Jasmine&gt;
    at UserContext.&lt;anonymous&gt; (http://localhost:9876/_karma_webpack_/src/app/component/profile/profile.component.spec.ts:121:37)
    at ZoneDelegate../node_modules/zone.js/dist/zone.js.ZoneDelegate.invoke (http://localhost:9876/_karma_webpack_/node_modules/zone.js/dist/zone.js:386:1)
    at ProxyZoneSpec.push../node_modules/zone.js/dist/zone-testing.js.ProxyZoneSpec.onInvoke (http://localhost:9876/_karma_webpack_/node_modules/zone.js/dist/zone-testing.js:292:1)
</failure>
    <failure type="">Error: Expected false to be true.
    at &lt;Jasmine&gt;
    at UserContext.&lt;anonymous&gt; (http://localhost:9876/_karma_webpack_/src/app/component/profile/profile.component.spec.ts:123:35)
    at ZoneDelegate../node_modules/zone.js/dist/zone.js.ZoneDelegate.invoke (http://localhost:9876/_karma_webpack_/node_modules/zone.js/dist/zone.js:386:1)
    at ProxyZoneSpec.push../node_modules/zone.js/dist/zone-testing.js.ProxyZoneSpec.onInvoke (http://localhost:9876/_karma_webpack_/node_modules/zone.js/dist/zone-testing.js:292:1)
</failure>
    <failure type="">Error: Expected &lt;ul _ngcontent-a-c49 id="profileDetails" class="profile-details"&gt;...&lt;/ul&gt; to be null.
    at &lt;Jasmine&gt;
    at UserContext.&lt;anonymous&gt; (http://localhost:9876/_karma_webpack_/src/app/component/profile/profile.component.spec.ts:128:32)
    at ZoneDelegate../node_modules/zone.js/dist/zone.js.ZoneDelegate.invoke (http://localhost:9876/_karma_webpack_/node_modules/zone.js/dist/zone.js:386:1)
    at ProxyZoneSpec.push../node_modules/zone.js/dist/zone-testing.js.ProxyZoneSpec.onInvoke (http://localhost:9876/_karma_webpack_/node_modules/zone.js/dist/zone-testing.js:292:1)
</failure>
  </testcase>
  <testcase name="ProfileComponent should display profile details on load" time="0.022" classname=".ProfileComponent">
    <failure type="">Error: Expected spy getProfileDetails to have been called.
    at &lt;Jasmine&gt;
    at http://localhost:9876/_karma_webpack_/src/app/component/profile/profile.component.spec.ts:94:43
    at ZoneDelegate../node_modules/zone.js/dist/zone.js.ZoneDelegate.invoke (http://localhost:9876/_karma_webpack_/node_modules/zone.js/dist/zone.js:386:1)
    at FakeAsyncTestZoneSpec.push../node_modules/zone.js/dist/zone-testing.js.FakeAsyncTestZoneSpec.onInvoke (http://localhost:9876/_karma_webpack_/node_modules/zone.js/dist/zone-testing.js:1652:1)
</failure>
    <failure type="">Error: Expected '' to equal 'test'.
    at &lt;Jasmine&gt;
    at http://localhost:9876/_karma_webpack_/src/app/component/profile/profile.component.spec.ts:107:45
    at ZoneDelegate../node_modules/zone.js/dist/zone.js.ZoneDelegate.invoke (http://localhost:9876/_karma_webpack_/node_modules/zone.js/dist/zone.js:386:1)
    at FakeAsyncTestZoneSpec.push../node_modules/zone.js/dist/zone-testing.js.FakeAsyncTestZoneSpec.onInvoke (http://localhost:9876/_karma_webpack_/node_modules/zone.js/dist/zone-testing.js:1652:1)
</failure>
    <failure type="">Error: Expected '' to equal '1234567890'.
    at &lt;Jasmine&gt;
    at http://localhost:9876/_karma_webpack_/src/app/component/profile/profile.component.spec.ts:108:43
    at ZoneDelegate../node_modules/zone.js/dist/zone.js.ZoneDelegate.invoke (http://localhost:9876/_karma_webpack_/node_modules/zone.js/dist/zone.js:386:1)
    at FakeAsyncTestZoneSpec.push../node_modules/zone.js/dist/zone-testing.js.FakeAsyncTestZoneSpec.onInvoke (http://localhost:9876/_karma_webpack_/node_modules/zone.js/dist/zone-testing.js:1652:1)
</failure>
    <failure type="">Error: Expected '' to equal 'test@test.com'.
    at &lt;Jasmine&gt;
    at http://localhost:9876/_karma_webpack_/src/app/component/profile/profile.component.spec.ts:109:42
    at ZoneDelegate../node_modules/zone.js/dist/zone.js.ZoneDelegate.invoke (http://localhost:9876/_karma_webpack_/node_modules/zone.js/dist/zone.js:386:1)
    at FakeAsyncTestZoneSpec.push../node_modules/zone.js/dist/zone-testing.js.FakeAsyncTestZoneSpec.onInvoke (http://localhost:9876/_karma_webpack_/node_modules/zone.js/dist/zone-testing.js:1652:1)
</failure>
    <failure type="">Error: Expected '' to equal 'testLocation'.
    at &lt;Jasmine&gt;
    at http://localhost:9876/_karma_webpack_/src/app/component/profile/profile.component.spec.ts:110:45
    at ZoneDelegate../node_modules/zone.js/dist/zone.js.ZoneDelegate.invoke (http://localhost:9876/_karma_webpack_/node_modules/zone.js/dist/zone.js:386:1)
    at FakeAsyncTestZoneSpec.push../node_modules/zone.js/dist/zone-testing.js.FakeAsyncTestZoneSpec.onInvoke (http://localhost:9876/_karma_webpack_/node_modules/zone.js/dist/zone-testing.js:1652:1)
</failure>
  </testcase>
  <testcase name="ApiService bookAppointment should add appointment details in post request body" time="0.01" classname=".ApiService">
    <failure type="">TypeError: Cannot read properties of undefined (reading 'subscribe')
    at &lt;Jasmine&gt;
    at UserContext.&lt;anonymous&gt; (http://localhost:9876/_karma_webpack_/src/app/services/api.service.spec.ts:253:51)
    at ZoneDelegate../node_modules/zone.js/dist/zone.js.ZoneDelegate.invoke (http://localhost:9876/_karma_webpack_/node_modules/zone.js/dist/zone.js:386:1)
    at ProxyZoneSpec.push../node_modules/zone.js/dist/zone-testing.js.ProxyZoneSpec.onInvoke (http://localhost:9876/_karma_webpack_/node_modules/zone.js/dist/zone-testing.js:292:1)
    at ZoneDelegate../node_modules/zone.js/dist/zone.js.ZoneDelegate.invoke (http://localhost:9876/_karma_webpack_/node_modules/zone.js/dist/zone.js:385:1)
    at Zone../node_modules/zone.js/dist/zone.js.Zone.run (http://localhost:9876/_karma_webpack_/node_modules/zone.js/dist/zone.js:143:1)
    at runInTestZone (http://localhost:9876/_karma_webpack_/node_modules/zone.js/dist/zone-testing.js:542:1)
    at UserContext.&lt;anonymous&gt; (http://localhost:9876/_karma_webpack_/node_modules/zone.js/dist/zone-testing.js:558:1)
    at &lt;Jasmine&gt;
</failure>
  </testcase>
  <testcase name="ApiService getDiseasesList should return suffer list" time="0.005" classname=".ApiService">
    <failure type="">TypeError: Cannot read properties of undefined (reading 'subscribe')
    at &lt;Jasmine&gt;
    at UserContext.&lt;anonymous&gt; (http://localhost:9876/_karma_webpack_/src/app/services/api.service.spec.ts:230:33)
    at ZoneDelegate../node_modules/zone.js/dist/zone.js.ZoneDelegate.invoke (http://localhost:9876/_karma_webpack_/node_modules/zone.js/dist/zone.js:386:1)
    at ProxyZoneSpec.push../node_modules/zone.js/dist/zone-testing.js.ProxyZoneSpec.onInvoke (http://localhost:9876/_karma_webpack_/node_modules/zone.js/dist/zone-testing.js:292:1)
    at ZoneDelegate../node_modules/zone.js/dist/zone.js.ZoneDelegate.invoke (http://localhost:9876/_karma_webpack_/node_modules/zone.js/dist/zone.js:385:1)
    at Zone../node_modules/zone.js/dist/zone.js.Zone.run (http://localhost:9876/_karma_webpack_/node_modules/zone.js/dist/zone.js:143:1)
    at runInTestZone (http://localhost:9876/_karma_webpack_/node_modules/zone.js/dist/zone-testing.js:542:1)
    at UserContext.&lt;anonymous&gt; (http://localhost:9876/_karma_webpack_/node_modules/zone.js/dist/zone-testing.js:558:1)
    at &lt;Jasmine&gt;
</failure>
  </testcase>
  <testcase name="ApiService should be created" time="0.004" classname=".ApiService"/>
  <testcase name="ApiService deleteAppointment returns empty response" time="0.013" classname=".ApiService">
    <failure type="">TypeError: Cannot read properties of undefined (reading 'subscribe')
    at &lt;Jasmine&gt;
    at UserContext.&lt;anonymous&gt; (http://localhost:9876/_karma_webpack_/src/app/services/api.service.spec.ts:308:37)
    at ZoneDelegate../node_modules/zone.js/dist/zone.js.ZoneDelegate.invoke (http://localhost:9876/_karma_webpack_/node_modules/zone.js/dist/zone.js:386:1)
    at ProxyZoneSpec.push../node_modules/zone.js/dist/zone-testing.js.ProxyZoneSpec.onInvoke (http://localhost:9876/_karma_webpack_/node_modules/zone.js/dist/zone-testing.js:292:1)
    at ZoneDelegate../node_modules/zone.js/dist/zone.js.ZoneDelegate.invoke (http://localhost:9876/_karma_webpack_/node_modules/zone.js/dist/zone.js:385:1)
    at Zone../node_modules/zone.js/dist/zone.js.Zone.run (http://localhost:9876/_karma_webpack_/node_modules/zone.js/dist/zone.js:143:1)
    at runInTestZone (http://localhost:9876/_karma_webpack_/node_modules/zone.js/dist/zone-testing.js:542:1)
    at UserContext.&lt;anonymous&gt; (http://localhost:9876/_karma_webpack_/node_modules/zone.js/dist/zone-testing.js:558:1)
    at &lt;Jasmine&gt;
</failure>
  </testcase>
  <testcase name="ApiService login should return error message if auth fails" time="0.009" classname=".ApiService">
    <failure type="">TypeError: Cannot read properties of undefined (reading 'subscribe')
    at &lt;Jasmine&gt;
    at UserContext.&lt;anonymous&gt; (http://localhost:9876/_karma_webpack_/src/app/services/api.service.spec.ts:85:46)
    at ZoneDelegate../node_modules/zone.js/dist/zone.js.ZoneDelegate.invoke (http://localhost:9876/_karma_webpack_/node_modules/zone.js/dist/zone.js:386:1)
    at ProxyZoneSpec.push../node_modules/zone.js/dist/zone-testing.js.ProxyZoneSpec.onInvoke (http://localhost:9876/_karma_webpack_/node_modules/zone.js/dist/zone-testing.js:292:1)
    at ZoneDelegate../node_modules/zone.js/dist/zone.js.ZoneDelegate.invoke (http://localhost:9876/_karma_webpack_/node_modules/zone.js/dist/zone.js:385:1)
    at Zone../node_modules/zone.js/dist/zone.js.Zone.run (http://localhost:9876/_karma_webpack_/node_modules/zone.js/dist/zone.js:143:1)
    at runInTestZone (http://localhost:9876/_karma_webpack_/node_modules/zone.js/dist/zone-testing.js:542:1)
    at UserContext.&lt;anonymous&gt; (http://localhost:9876/_karma_webpack_/node_modules/zone.js/dist/zone-testing.js:558:1)
    at &lt;Jasmine&gt;
</failure>
  </testcase>
  <testcase name="ApiService bookAppointment should return patient details if POST method success" time="0.005" classname=".ApiService">
    <failure type="">TypeError: Cannot read properties of undefined (reading 'subscribe')
    at &lt;Jasmine&gt;
    at UserContext.&lt;anonymous&gt; (http://localhost:9876/_karma_webpack_/src/app/services/api.service.spec.ts:274:51)
    at ZoneDelegate../node_modules/zone.js/dist/zone.js.ZoneDelegate.invoke (http://localhost:9876/_karma_webpack_/node_modules/zone.js/dist/zone.js:386:1)
    at ProxyZoneSpec.push../node_modules/zone.js/dist/zone-testing.js.ProxyZoneSpec.onInvoke (http://localhost:9876/_karma_webpack_/node_modules/zone.js/dist/zone-testing.js:292:1)
    at ZoneDelegate../node_modules/zone.js/dist/zone.js.ZoneDelegate.invoke (http://localhost:9876/_karma_webpack_/node_modules/zone.js/dist/zone.js:385:1)
    at Zone../node_modules/zone.js/dist/zone.js.Zone.run (http://localhost:9876/_karma_webpack_/node_modules/zone.js/dist/zone.js:143:1)
    at runInTestZone (http://localhost:9876/_karma_webpack_/node_modules/zone.js/dist/zone-testing.js:542:1)
    at UserContext.&lt;anonymous&gt; (http://localhost:9876/_karma_webpack_/node_modules/zone.js/dist/zone-testing.js:558:1)
    at &lt;Jasmine&gt;
</failure>
  </testcase>
  <testcase name="ApiService registerPatient should add patient details in post request body" time="0.01" classname=".ApiService">
    <failure type="">TypeError: Cannot read properties of undefined (reading 'subscribe')
    at &lt;Jasmine&gt;
    at UserContext.&lt;anonymous&gt; (http://localhost:9876/_karma_webpack_/src/app/services/api.service.spec.ts:144:47)
    at ZoneDelegate../node_modules/zone.js/dist/zone.js.ZoneDelegate.invoke (http://localhost:9876/_karma_webpack_/node_modules/zone.js/dist/zone.js:386:1)
    at ProxyZoneSpec.push../node_modules/zone.js/dist/zone-testing.js.ProxyZoneSpec.onInvoke (http://localhost:9876/_karma_webpack_/node_modules/zone.js/dist/zone-testing.js:292:1)
    at ZoneDelegate../node_modules/zone.js/dist/zone.js.ZoneDelegate.invoke (http://localhost:9876/_karma_webpack_/node_modules/zone.js/dist/zone.js:385:1)
    at Zone../node_modules/zone.js/dist/zone.js.Zone.run (http://localhost:9876/_karma_webpack_/node_modules/zone.js/dist/zone.js:143:1)
    at runInTestZone (http://localhost:9876/_karma_webpack_/node_modules/zone.js/dist/zone-testing.js:542:1)
    at UserContext.&lt;anonymous&gt; (http://localhost:9876/_karma_webpack_/node_modules/zone.js/dist/zone-testing.js:558:1)
    at &lt;Jasmine&gt;
</failure>
  </testcase>
  <testcase name="ApiService getUserDetails should return user details" time="0.006" classname=".ApiService">
    <failure type="">TypeError: Cannot read properties of undefined (reading 'subscribe')
    at &lt;Jasmine&gt;
    at UserContext.&lt;anonymous&gt; (http://localhost:9876/_karma_webpack_/src/app/services/api.service.spec.ts:99:38)
    at ZoneDelegate../node_modules/zone.js/dist/zone.js.ZoneDelegate.invoke (http://localhost:9876/_karma_webpack_/node_modules/zone.js/dist/zone.js:386:1)
    at ProxyZoneSpec.push../node_modules/zone.js/dist/zone-testing.js.ProxyZoneSpec.onInvoke (http://localhost:9876/_karma_webpack_/node_modules/zone.js/dist/zone-testing.js:292:1)
    at ZoneDelegate../node_modules/zone.js/dist/zone.js.ZoneDelegate.invoke (http://localhost:9876/_karma_webpack_/node_modules/zone.js/dist/zone.js:385:1)
    at Zone../node_modules/zone.js/dist/zone.js.Zone.run (http://localhost:9876/_karma_webpack_/node_modules/zone.js/dist/zone.js:143:1)
    at runInTestZone (http://localhost:9876/_karma_webpack_/node_modules/zone.js/dist/zone-testing.js:542:1)
    at UserContext.&lt;anonymous&gt; (http://localhost:9876/_karma_webpack_/node_modules/zone.js/dist/zone-testing.js:558:1)
    at &lt;Jasmine&gt;
</failure>
  </testcase>
  <testcase name="ApiService getAllPatientsList should return all patient details" time="0.007" classname=".ApiService">
    <failure type="">TypeError: Cannot read properties of undefined (reading 'subscribe')
    at &lt;Jasmine&gt;
    at UserContext.&lt;anonymous&gt; (http://localhost:9876/_karma_webpack_/src/app/services/api.service.spec.ts:211:36)
    at ZoneDelegate../node_modules/zone.js/dist/zone.js.ZoneDelegate.invoke (http://localhost:9876/_karma_webpack_/node_modules/zone.js/dist/zone.js:386:1)
    at ProxyZoneSpec.push../node_modules/zone.js/dist/zone-testing.js.ProxyZoneSpec.onInvoke (http://localhost:9876/_karma_webpack_/node_modules/zone.js/dist/zone-testing.js:292:1)
    at ZoneDelegate../node_modules/zone.js/dist/zone.js.ZoneDelegate.invoke (http://localhost:9876/_karma_webpack_/node_modules/zone.js/dist/zone.js:385:1)
    at Zone../node_modules/zone.js/dist/zone.js.Zone.run (http://localhost:9876/_karma_webpack_/node_modules/zone.js/dist/zone.js:143:1)
    at runInTestZone (http://localhost:9876/_karma_webpack_/node_modules/zone.js/dist/zone-testing.js:542:1)
    at UserContext.&lt;anonymous&gt; (http://localhost:9876/_karma_webpack_/node_modules/zone.js/dist/zone-testing.js:558:1)
    at &lt;Jasmine&gt;
</failure>
  </testcase>
  <testcase name="ApiService login should send user credentials in post request body" time="0.009" classname=".ApiService">
    <failure type="">TypeError: Cannot read properties of undefined (reading 'subscribe')
    at &lt;Jasmine&gt;
    at UserContext.&lt;anonymous&gt; (http://localhost:9876/_karma_webpack_/src/app/services/api.service.spec.ts:47:46)
    at ZoneDelegate../node_modules/zone.js/dist/zone.js.ZoneDelegate.invoke (http://localhost:9876/_karma_webpack_/node_modules/zone.js/dist/zone.js:386:1)
    at ProxyZoneSpec.push../node_modules/zone.js/dist/zone-testing.js.ProxyZoneSpec.onInvoke (http://localhost:9876/_karma_webpack_/node_modules/zone.js/dist/zone-testing.js:292:1)
    at ZoneDelegate../node_modules/zone.js/dist/zone.js.ZoneDelegate.invoke (http://localhost:9876/_karma_webpack_/node_modules/zone.js/dist/zone.js:385:1)
    at Zone../node_modules/zone.js/dist/zone.js.Zone.run (http://localhost:9876/_karma_webpack_/node_modules/zone.js/dist/zone.js:143:1)
    at runInTestZone (http://localhost:9876/_karma_webpack_/node_modules/zone.js/dist/zone-testing.js:542:1)
    at UserContext.&lt;anonymous&gt; (http://localhost:9876/_karma_webpack_/node_modules/zone.js/dist/zone-testing.js:558:1)
    at &lt;Jasmine&gt;
</failure>
  </testcase>
  <testcase name="ApiService requestedAppointments should return all appointments requested by all patients" time="0.014" classname=".ApiService">
    <failure type="">TypeError: Cannot read properties of undefined (reading 'subscribe')
    at &lt;Jasmine&gt;
    at UserContext.&lt;anonymous&gt; (http://localhost:9876/_karma_webpack_/src/app/services/api.service.spec.ts:327:39)
    at ZoneDelegate../node_modules/zone.js/dist/zone.js.ZoneDelegate.invoke (http://localhost:9876/_karma_webpack_/node_modules/zone.js/dist/zone.js:386:1)
    at ProxyZoneSpec.push../node_modules/zone.js/dist/zone-testing.js.ProxyZoneSpec.onInvoke (http://localhost:9876/_karma_webpack_/node_modules/zone.js/dist/zone-testing.js:292:1)
    at ZoneDelegate../node_modules/zone.js/dist/zone.js.ZoneDelegate.invoke (http://localhost:9876/_karma_webpack_/node_modules/zone.js/dist/zone.js:385:1)
    at Zone../node_modules/zone.js/dist/zone.js.Zone.run (http://localhost:9876/_karma_webpack_/node_modules/zone.js/dist/zone.js:143:1)
    at runInTestZone (http://localhost:9876/_karma_webpack_/node_modules/zone.js/dist/zone-testing.js:542:1)
    at UserContext.&lt;anonymous&gt; (http://localhost:9876/_karma_webpack_/node_modules/zone.js/dist/zone-testing.js:558:1)
    at &lt;Jasmine&gt;
</failure>
  </testcase>
  <testcase name="ApiService getAppointments should return requested appointments of particular patient" time="0.011" classname=".ApiService">
    <failure type="">TypeError: Cannot read properties of undefined (reading 'subscribe')
    at &lt;Jasmine&gt;
    at UserContext.&lt;anonymous&gt; (http://localhost:9876/_karma_webpack_/src/app/services/api.service.spec.ts:292:35)
    at ZoneDelegate../node_modules/zone.js/dist/zone.js.ZoneDelegate.invoke (http://localhost:9876/_karma_webpack_/node_modules/zone.js/dist/zone.js:386:1)
    at ProxyZoneSpec.push../node_modules/zone.js/dist/zone-testing.js.ProxyZoneSpec.onInvoke (http://localhost:9876/_karma_webpack_/node_modules/zone.js/dist/zone-testing.js:292:1)
    at ZoneDelegate../node_modules/zone.js/dist/zone.js.ZoneDelegate.invoke (http://localhost:9876/_karma_webpack_/node_modules/zone.js/dist/zone.js:385:1)
    at Zone../node_modules/zone.js/dist/zone.js.Zone.run (http://localhost:9876/_karma_webpack_/node_modules/zone.js/dist/zone.js:143:1)
    at runInTestZone (http://localhost:9876/_karma_webpack_/node_modules/zone.js/dist/zone-testing.js:542:1)
    at UserContext.&lt;anonymous&gt; (http://localhost:9876/_karma_webpack_/node_modules/zone.js/dist/zone-testing.js:558:1)
    at &lt;Jasmine&gt;
</failure>
  </testcase>
  <testcase name="ApiService login should return user Id if auth success" time="0.005" classname=".ApiService">
    <failure type="">TypeError: Cannot read properties of undefined (reading 'subscribe')
    at &lt;Jasmine&gt;
    at UserContext.&lt;anonymous&gt; (http://localhost:9876/_karma_webpack_/src/app/services/api.service.spec.ts:65:46)
    at ZoneDelegate../node_modules/zone.js/dist/zone.js.ZoneDelegate.invoke (http://localhost:9876/_karma_webpack_/node_modules/zone.js/dist/zone.js:386:1)
    at ProxyZoneSpec.push../node_modules/zone.js/dist/zone-testing.js.ProxyZoneSpec.onInvoke (http://localhost:9876/_karma_webpack_/node_modules/zone.js/dist/zone-testing.js:292:1)
    at ZoneDelegate../node_modules/zone.js/dist/zone.js.ZoneDelegate.invoke (http://localhost:9876/_karma_webpack_/node_modules/zone.js/dist/zone.js:385:1)
    at Zone../node_modules/zone.js/dist/zone.js.Zone.run (http://localhost:9876/_karma_webpack_/node_modules/zone.js/dist/zone.js:143:1)
    at runInTestZone (http://localhost:9876/_karma_webpack_/node_modules/zone.js/dist/zone-testing.js:542:1)
    at UserContext.&lt;anonymous&gt; (http://localhost:9876/_karma_webpack_/node_modules/zone.js/dist/zone-testing.js:558:1)
    at &lt;Jasmine&gt;
</failure>
  </testcase>
  <testcase name="ApiService registerPatient should return patient details if POST method success" time="0.033" classname=".ApiService">
    <failure type="">TypeError: Cannot read properties of undefined (reading 'subscribe')
    at &lt;Jasmine&gt;
    at UserContext.&lt;anonymous&gt; (http://localhost:9876/_karma_webpack_/src/app/services/api.service.spec.ts:167:47)
    at ZoneDelegate../node_modules/zone.js/dist/zone.js.ZoneDelegate.invoke (http://localhost:9876/_karma_webpack_/node_modules/zone.js/dist/zone.js:386:1)
    at ProxyZoneSpec.push../node_modules/zone.js/dist/zone-testing.js.ProxyZoneSpec.onInvoke (http://localhost:9876/_karma_webpack_/node_modules/zone.js/dist/zone-testing.js:292:1)
    at ZoneDelegate../node_modules/zone.js/dist/zone.js.ZoneDelegate.invoke (http://localhost:9876/_karma_webpack_/node_modules/zone.js/dist/zone.js:385:1)
    at Zone../node_modules/zone.js/dist/zone.js.Zone.run (http://localhost:9876/_karma_webpack_/node_modules/zone.js/dist/zone.js:143:1)
    at runInTestZone (http://localhost:9876/_karma_webpack_/node_modules/zone.js/dist/zone-testing.js:542:1)
    at UserContext.&lt;anonymous&gt; (http://localhost:9876/_karma_webpack_/node_modules/zone.js/dist/zone-testing.js:558:1)
    at &lt;Jasmine&gt;
</failure>
  </testcase>
  <testcase name="ApiService updateDetails should return new user details after submitting the update" time="0.009" classname=".ApiService">
    <failure type="">TypeError: Cannot read properties of undefined (reading 'subscribe')
    at &lt;Jasmine&gt;
    at UserContext.&lt;anonymous&gt; (http://localhost:9876/_karma_webpack_/src/app/services/api.service.spec.ts:117:35)
    at ZoneDelegate../node_modules/zone.js/dist/zone.js.ZoneDelegate.invoke (http://localhost:9876/_karma_webpack_/node_modules/zone.js/dist/zone.js:386:1)
    at ProxyZoneSpec.push../node_modules/zone.js/dist/zone-testing.js.ProxyZoneSpec.onInvoke (http://localhost:9876/_karma_webpack_/node_modules/zone.js/dist/zone-testing.js:292:1)
    at ZoneDelegate../node_modules/zone.js/dist/zone.js.ZoneDelegate.invoke (http://localhost:9876/_karma_webpack_/node_modules/zone.js/dist/zone.js:385:1)
    at Zone../node_modules/zone.js/dist/zone.js.Zone.run (http://localhost:9876/_karma_webpack_/node_modules/zone.js/dist/zone.js:143:1)
    at runInTestZone (http://localhost:9876/_karma_webpack_/node_modules/zone.js/dist/zone-testing.js:542:1)
    at UserContext.&lt;anonymous&gt; (http://localhost:9876/_karma_webpack_/node_modules/zone.js/dist/zone-testing.js:558:1)
    at &lt;Jasmine&gt;
</failure>
  </testcase>
  <testcase name="ApiService getParticularPatient should return particular patient details" time="0.015" classname=".ApiService">
    <failure type="">TypeError: Cannot read properties of undefined (reading 'subscribe')
    at &lt;Jasmine&gt;
    at UserContext.&lt;anonymous&gt; (http://localhost:9876/_karma_webpack_/src/app/services/api.service.spec.ts:193:40)
    at ZoneDelegate../node_modules/zone.js/dist/zone.js.ZoneDelegate.invoke (http://localhost:9876/_karma_webpack_/node_modules/zone.js/dist/zone.js:386:1)
    at ProxyZoneSpec.push../node_modules/zone.js/dist/zone-testing.js.ProxyZoneSpec.onInvoke (http://localhost:9876/_karma_webpack_/node_modules/zone.js/dist/zone-testing.js:292:1)
    at ZoneDelegate../node_modules/zone.js/dist/zone.js.ZoneDelegate.invoke (http://localhost:9876/_karma_webpack_/node_modules/zone.js/dist/zone.js:385:1)
    at Zone../node_modules/zone.js/dist/zone.js.Zone.run (http://localhost:9876/_karma_webpack_/node_modules/zone.js/dist/zone.js:143:1)
    at runInTestZone (http://localhost:9876/_karma_webpack_/node_modules/zone.js/dist/zone-testing.js:542:1)
    at UserContext.&lt;anonymous&gt; (http://localhost:9876/_karma_webpack_/node_modules/zone.js/dist/zone-testing.js:558:1)
    at &lt;Jasmine&gt;
</failure>
  </testcase>
  <testcase name="AllRequestedAppointmentsComponent should call cancelAppointment method with the id of selected patient" time="0.101" classname=".AllRequestedAppointmentsComponent"/>
  <testcase name="AllRequestedAppointmentsComponent should fetch all appointments after cancelling an appointment" time="0.013" classname=".AllRequestedAppointmentsComponent"/>
  <testcase name="AllRequestedAppointmentsComponent should call view method with the id of selected patient" time="0.061" classname=".AllRequestedAppointmentsComponent"/>
  <testcase name="AllRequestedAppointmentsComponent should call view method with the id of selected patient" time="0.02" classname=".AllRequestedAppointmentsComponent"/>
  <testcase name="AllRequestedAppointmentsComponent should call requestedAppointments method by default " time="0.011" classname=".AllRequestedAppointmentsComponent"/>
  <testcase name="AllRequestedAppointmentsComponent should create" time="0.022" classname=".AllRequestedAppointmentsComponent"/>
  <testcase name="AllRequestedAppointmentsComponent should call cancelAppointment method with the id of selected patient" time="0.011" classname=".AllRequestedAppointmentsComponent"/>
  <testcase name="ViewPatientComponent should call bookAppointment method of DataService with appointment details" time="0.134" classname=".ViewPatientComponent">
    <failure type="">Error: Uncaught (in promise): TypeError: Cannot read properties of null (reading 'click')
TypeError: Cannot read properties of null (reading 'click')
    at http://localhost:9876/_karma_webpack_/src/app/component/view-patient/view-patient.component.spec.ts:205:63
    at ZoneDelegate../node_modules/zone.js/dist/zone.js.ZoneDelegate.invoke (http://localhost:9876/_karma_webpack_/node_modules/zone.js/dist/zone.js:386:1)
    at FakeAsyncTestZoneSpec.push../node_modules/zone.js/dist/zone-testing.js.FakeAsyncTestZoneSpec.onInvoke (http://localhost:9876/_karma_webpack_/node_modules/zone.js/dist/zone-testing.js:1652:1)
    at ProxyZoneSpec.push../node_modules/zone.js/dist/zone-testing.js.ProxyZoneSpec.onInvoke (http://localhost:9876/_karma_webpack_/node_modules/zone.js/dist/zone-testing.js:289:1)
    at ZoneDelegate../node_modules/zone.js/dist/zone.js.ZoneDelegate.invoke (http://localhost:9876/_karma_webpack_/node_modules/zone.js/dist/zone.js:385:1)
    at Zone../node_modules/zone.js/dist/zone.js.Zone.run (http://localhost:9876/_karma_webpack_/node_modules/zone.js/dist/zone.js:143:1)
    at http://localhost:9876/_karma_webpack_/node_modules/zone.js/dist/zone.js:891:1
    at ZoneDelegate../node_modules/zone.js/dist/zone.js.ZoneDelegate.invokeTask (http://localhost:9876/_karma_webpack_/node_modules/zone.js/dist/zone.js:421:1)
    at ProxyZoneSpec.push../node_modules/zone.js/dist/zone-testing.js.ProxyZoneSpec.onInvokeTask (http://localhost:9876/_karma_webpack_/node_modules/zone.js/dist/zone-testing.js:323:1)
    at ZoneDelegate../node_modules/zone.js/dist/zone.js.ZoneDelegate.invokeTask (http://localhost:9876/_karma_webpack_/node_modules/zone.js/dist/zone.js:420:1)
error properties: Object({ rejection: TypeError: Cannot read properties of null (reading 'click'), promise: [object Promise], zone: Zone({ _parent: Zone({ _parent: null, _name: '&lt;root&gt;', _properties: Object({  }), _zoneDelegate: ZoneDelegate({ _taskCounts: Object({ microTask: 0, macroTask: 0, eventTask: 0 }), zone: &lt;circular reference: Object&gt;, _parentDelegate: null, _forkZS: null, _forkDlgt: null, _forkCurrZone: null, _interceptZS: null, _interceptDlgt: null, _interceptCurrZone: null, _invokeZS: null, _invokeDlgt: null, _invokeCurrZone: null, _handleErrorZS: null, _handleErrorDlgt: null, _handleErrorCurrZone: null, _scheduleTaskZS: null, _scheduleTaskDlgt: null, _scheduleTaskCurrZone: null, _invokeTaskZS: null, _invokeTaskDlgt: null, _invokeTaskCurrZone: null, _cancelTaskZS: null, _cancelTaskDlgt: null, _cancelTaskCurrZone: null, _hasTaskZS: null, _hasTaskDlgt: null, _hasTaskDlgtOwner: null, _hasTaskCurrZone: null }) }), _name: 'ProxyZone', _properties: Object({ ProxyZoneSpec: ProxyZoneSpec({ defau ...
Error: Uncaught (in promise): TypeError: Cannot read properties of null (reading 'click')
TypeError: Cannot read properties of null (reading 'click')
    at http://localhost:9876/_karma_webpack_/src/app/component/view-patient/view-patient.component.spec.ts:205:63
    at ZoneDelegate../node_modules/zone.js/dist/zone.js.ZoneDelegate.invoke (http://localhost:9876/_karma_webpack_/node_modules/zone.js/dist/zone.js:386:1)
    at FakeAsyncTestZoneSpec.push../node_modules/zone.js/dist/zone-testing.js.FakeAsyncTestZoneSpec.onInvoke (http://localhost:9876/_karma_webpack_/node_modules/zone.js/dist/zone-testing.js:1652:1)
    at ProxyZoneSpec.push../node_modules/zone.js/dist/zone-testing.js.ProxyZoneSpec.onInvoke (http://localhost:9876/_karma_webpack_/node_modules/zone.js/dist/zone-testing.js:289:1)
    at ZoneDelegate../node_modules/zone.js/dist/zone.js.ZoneDelegate.invoke (http://localhost:9876/_karma_webpack_/node_modules/zone.js/dist/zone.js:385:1)
    at Zone../node_modules/zone.js/dist/zone.js.Zone.run (http://localhost:9876/_karma_webpack_/node_modules/zone.js/dist/zone.js:143:1)
    at http://localhost:9876/_karma_webpack_/node_modules/zone.js/dist/zone.js:891:1
    at ZoneDelegate../node_modules/zone.js/dist/zone.js.ZoneDelegate.invokeTask (http://localhost:9876/_karma_webpack_/node_modules/zone.js/dist/zone.js:421:1)
    at ProxyZoneSpec.push../node_modules/zone.js/dist/zone-testing.js.ProxyZoneSpec.onInvokeTask (http://localhost:9876/_karma_webpack_/node_modules/zone.js/dist/zone-testing.js:323:1)
    at ZoneDelegate../node_modules/zone.js/dist/zone.js.ZoneDelegate.invokeTask (http://localhost:9876/_karma_webpack_/node_modules/zone.js/dist/zone.js:420:1)
    at resolvePromise (http://localhost:9876/_karma_webpack_/node_modules/zone.js/dist/zone.js:832:1)
    at http://localhost:9876/_karma_webpack_/node_modules/zone.js/dist/zone.js:898:1
    at ZoneDelegate../node_modules/zone.js/dist/zone.js.ZoneDelegate.invokeTask (http://localhost:9876/_karma_webpack_/node_modules/zone.js/dist/zone.js:421:1)
    at ProxyZoneSpec.push../node_modules/zone.js/dist/zone-testing.js.ProxyZoneSpec.onInvokeTask (http://localhost:9876/_karma_webpack_/node_modules/zone.js/dist/zone-testing.js:323:1)
    at ZoneDelegate../node_modules/zone.js/dist/zone.js.ZoneDelegate.invokeTask (http://localhost:9876/_karma_webpack_/node_modules/zone.js/dist/zone.js:420:1)
    at Zone../node_modules/zone.js/dist/zone.js.Zone.runTask (http://localhost:9876/_karma_webpack_/node_modules/zone.js/dist/zone.js:188:1)
    at ./node_modules/zone.js/dist/zone.js.ZoneTask.invokeTask (http://localhost:9876/_karma_webpack_/node_modules/zone.js/dist/zone.js:503:1)
    at ZoneTask.invoke (http://localhost:9876/_karma_webpack_/node_modules/zone.js/dist/zone.js:492:1)
    at FakeAsyncTestZoneSpec.push../node_modules/zone.js/dist/zone-testing.js.FakeAsyncTestZoneSpec.flushMicrotasks (http://localhost:9876/_karma_webpack_/node_modules/zone.js/dist/zone-testing.js:1546:1)
    at flushMicrotasks (http://localhost:9876/_karma_webpack_/node_modules/zone.js/dist/zone-testing.js:1821:37)
</failure>
  </testcase>
  <testcase name="ViewPatientComponent should get sufferList when clicking on &quot;Book Appointment&quot;" time="0.026" classname=".ViewPatientComponent">
    <failure type="">Error: Uncaught (in promise): TypeError: Cannot read properties of null (reading 'click')
TypeError: Cannot read properties of null (reading 'click')
    at http://localhost:9876/_karma_webpack_/src/app/component/view-patient/view-patient.component.spec.ts:171:63
    at ZoneDelegate../node_modules/zone.js/dist/zone.js.ZoneDelegate.invoke (http://localhost:9876/_karma_webpack_/node_modules/zone.js/dist/zone.js:386:1)
    at FakeAsyncTestZoneSpec.push../node_modules/zone.js/dist/zone-testing.js.FakeAsyncTestZoneSpec.onInvoke (http://localhost:9876/_karma_webpack_/node_modules/zone.js/dist/zone-testing.js:1652:1)
    at ProxyZoneSpec.push../node_modules/zone.js/dist/zone-testing.js.ProxyZoneSpec.onInvoke (http://localhost:9876/_karma_webpack_/node_modules/zone.js/dist/zone-testing.js:289:1)
    at ZoneDelegate../node_modules/zone.js/dist/zone.js.ZoneDelegate.invoke (http://localhost:9876/_karma_webpack_/node_modules/zone.js/dist/zone.js:385:1)
    at Zone../node_modules/zone.js/dist/zone.js.Zone.run (http://localhost:9876/_karma_webpack_/node_modules/zone.js/dist/zone.js:143:1)
    at http://localhost:9876/_karma_webpack_/node_modules/zone.js/dist/zone.js:891:1
    at ZoneDelegate../node_modules/zone.js/dist/zone.js.ZoneDelegate.invokeTask (http://localhost:9876/_karma_webpack_/node_modules/zone.js/dist/zone.js:421:1)
    at ProxyZoneSpec.push../node_modules/zone.js/dist/zone-testing.js.ProxyZoneSpec.onInvokeTask (http://localhost:9876/_karma_webpack_/node_modules/zone.js/dist/zone-testing.js:323:1)
    at ZoneDelegate../node_modules/zone.js/dist/zone.js.ZoneDelegate.invokeTask (http://localhost:9876/_karma_webpack_/node_modules/zone.js/dist/zone.js:420:1)
error properties: Object({ rejection: TypeError: Cannot read properties of null (reading 'click'), promise: [object Promise], zone: Zone({ _parent: Zone({ _parent: null, _name: '&lt;root&gt;', _properties: Object({  }), _zoneDelegate: ZoneDelegate({ _taskCounts: Object({ microTask: 0, macroTask: 0, eventTask: 0 }), zone: &lt;circular reference: Object&gt;, _parentDelegate: null, _forkZS: null, _forkDlgt: null, _forkCurrZone: null, _interceptZS: null, _interceptDlgt: null, _interceptCurrZone: null, _invokeZS: null, _invokeDlgt: null, _invokeCurrZone: null, _handleErrorZS: null, _handleErrorDlgt: null, _handleErrorCurrZone: null, _scheduleTaskZS: null, _scheduleTaskDlgt: null, _scheduleTaskCurrZone: null, _invokeTaskZS: null, _invokeTaskDlgt: null, _invokeTaskCurrZone: null, _cancelTaskZS: null, _cancelTaskDlgt: null, _cancelTaskCurrZone: null, _hasTaskZS: null, _hasTaskDlgt: null, _hasTaskDlgtOwner: null, _hasTaskCurrZone: null }) }), _name: 'ProxyZone', _properties: Object({ ProxyZoneSpec: ProxyZoneSpec({ defau ...
Error: Uncaught (in promise): TypeError: Cannot read properties of null (reading 'click')
TypeError: Cannot read properties of null (reading 'click')
    at http://localhost:9876/_karma_webpack_/src/app/component/view-patient/view-patient.component.spec.ts:171:63
    at ZoneDelegate../node_modules/zone.js/dist/zone.js.ZoneDelegate.invoke (http://localhost:9876/_karma_webpack_/node_modules/zone.js/dist/zone.js:386:1)
    at FakeAsyncTestZoneSpec.push../node_modules/zone.js/dist/zone-testing.js.FakeAsyncTestZoneSpec.onInvoke (http://localhost:9876/_karma_webpack_/node_modules/zone.js/dist/zone-testing.js:1652:1)
    at ProxyZoneSpec.push../node_modules/zone.js/dist/zone-testing.js.ProxyZoneSpec.onInvoke (http://localhost:9876/_karma_webpack_/node_modules/zone.js/dist/zone-testing.js:289:1)
    at ZoneDelegate../node_modules/zone.js/dist/zone.js.ZoneDelegate.invoke (http://localhost:9876/_karma_webpack_/node_modules/zone.js/dist/zone.js:385:1)
    at Zone../node_modules/zone.js/dist/zone.js.Zone.run (http://localhost:9876/_karma_webpack_/node_modules/zone.js/dist/zone.js:143:1)
    at http://localhost:9876/_karma_webpack_/node_modules/zone.js/dist/zone.js:891:1
    at ZoneDelegate../node_modules/zone.js/dist/zone.js.ZoneDelegate.invokeTask (http://localhost:9876/_karma_webpack_/node_modules/zone.js/dist/zone.js:421:1)
    at ProxyZoneSpec.push../node_modules/zone.js/dist/zone-testing.js.ProxyZoneSpec.onInvokeTask (http://localhost:9876/_karma_webpack_/node_modules/zone.js/dist/zone-testing.js:323:1)
    at ZoneDelegate../node_modules/zone.js/dist/zone.js.ZoneDelegate.invokeTask (http://localhost:9876/_karma_webpack_/node_modules/zone.js/dist/zone.js:420:1)
    at resolvePromise (http://localhost:9876/_karma_webpack_/node_modules/zone.js/dist/zone.js:832:1)
    at http://localhost:9876/_karma_webpack_/node_modules/zone.js/dist/zone.js:898:1
    at ZoneDelegate../node_modules/zone.js/dist/zone.js.ZoneDelegate.invokeTask (http://localhost:9876/_karma_webpack_/node_modules/zone.js/dist/zone.js:421:1)
    at ProxyZoneSpec.push../node_modules/zone.js/dist/zone-testing.js.ProxyZoneSpec.onInvokeTask (http://localhost:9876/_karma_webpack_/node_modules/zone.js/dist/zone-testing.js:323:1)
    at ZoneDelegate../node_modules/zone.js/dist/zone.js.ZoneDelegate.invokeTask (http://localhost:9876/_karma_webpack_/node_modules/zone.js/dist/zone.js:420:1)
    at Zone../node_modules/zone.js/dist/zone.js.Zone.runTask (http://localhost:9876/_karma_webpack_/node_modules/zone.js/dist/zone.js:188:1)
    at ./node_modules/zone.js/dist/zone.js.ZoneTask.invokeTask (http://localhost:9876/_karma_webpack_/node_modules/zone.js/dist/zone.js:503:1)
    at ZoneTask.invoke (http://localhost:9876/_karma_webpack_/node_modules/zone.js/dist/zone.js:492:1)
    at FakeAsyncTestZoneSpec.push../node_modules/zone.js/dist/zone-testing.js.FakeAsyncTestZoneSpec.flushMicrotasks (http://localhost:9876/_karma_webpack_/node_modules/zone.js/dist/zone-testing.js:1546:1)
    at flushMicrotasks (http://localhost:9876/_karma_webpack_/node_modules/zone.js/dist/zone-testing.js:1821:37)
</failure>
  </testcase>
  <testcase name="ViewPatientComponent should navigate to requested_appointments page after booking an appointment" time="0.018" classname=".ViewPatientComponent">
    <failure type="">Error: Uncaught (in promise): TypeError: Cannot read properties of null (reading 'click')
TypeError: Cannot read properties of null (reading 'click')
    at http://localhost:9876/_karma_webpack_/src/app/component/view-patient/view-patient.component.spec.ts:224:63
    at ZoneDelegate../node_modules/zone.js/dist/zone.js.ZoneDelegate.invoke (http://localhost:9876/_karma_webpack_/node_modules/zone.js/dist/zone.js:386:1)
    at FakeAsyncTestZoneSpec.push../node_modules/zone.js/dist/zone-testing.js.FakeAsyncTestZoneSpec.onInvoke (http://localhost:9876/_karma_webpack_/node_modules/zone.js/dist/zone-testing.js:1652:1)
    at ProxyZoneSpec.push../node_modules/zone.js/dist/zone-testing.js.ProxyZoneSpec.onInvoke (http://localhost:9876/_karma_webpack_/node_modules/zone.js/dist/zone-testing.js:289:1)
    at ZoneDelegate../node_modules/zone.js/dist/zone.js.ZoneDelegate.invoke (http://localhost:9876/_karma_webpack_/node_modules/zone.js/dist/zone.js:385:1)
    at Zone../node_modules/zone.js/dist/zone.js.Zone.run (http://localhost:9876/_karma_webpack_/node_modules/zone.js/dist/zone.js:143:1)
    at http://localhost:9876/_karma_webpack_/node_modules/zone.js/dist/zone.js:891:1
    at ZoneDelegate../node_modules/zone.js/dist/zone.js.ZoneDelegate.invokeTask (http://localhost:9876/_karma_webpack_/node_modules/zone.js/dist/zone.js:421:1)
    at ProxyZoneSpec.push../node_modules/zone.js/dist/zone-testing.js.ProxyZoneSpec.onInvokeTask (http://localhost:9876/_karma_webpack_/node_modules/zone.js/dist/zone-testing.js:323:1)
    at ZoneDelegate../node_modules/zone.js/dist/zone.js.ZoneDelegate.invokeTask (http://localhost:9876/_karma_webpack_/node_modules/zone.js/dist/zone.js:420:1)
error properties: Object({ rejection: TypeError: Cannot read properties of null (reading 'click'), promise: [object Promise], zone: Zone({ _parent: Zone({ _parent: null, _name: '&lt;root&gt;', _properties: Object({  }), _zoneDelegate: ZoneDelegate({ _taskCounts: Object({ microTask: 0, macroTask: 0, eventTask: 0 }), zone: &lt;circular reference: Object&gt;, _parentDelegate: null, _forkZS: null, _forkDlgt: null, _forkCurrZone: null, _interceptZS: null, _interceptDlgt: null, _interceptCurrZone: null, _invokeZS: null, _invokeDlgt: null, _invokeCurrZone: null, _handleErrorZS: null, _handleErrorDlgt: null, _handleErrorCurrZone: null, _scheduleTaskZS: null, _scheduleTaskDlgt: null, _scheduleTaskCurrZone: null, _invokeTaskZS: null, _invokeTaskDlgt: null, _invokeTaskCurrZone: null, _cancelTaskZS: null, _cancelTaskDlgt: null, _cancelTaskCurrZone: null, _hasTaskZS: null, _hasTaskDlgt: null, _hasTaskDlgtOwner: null, _hasTaskCurrZone: null }) }), _name: 'ProxyZone', _properties: Object({ ProxyZoneSpec: ProxyZoneSpec({ defau ...
Error: Uncaught (in promise): TypeError: Cannot read properties of null (reading 'click')
TypeError: Cannot read properties of null (reading 'click')
    at http://localhost:9876/_karma_webpack_/src/app/component/view-patient/view-patient.component.spec.ts:224:63
    at ZoneDelegate../node_modules/zone.js/dist/zone.js.ZoneDelegate.invoke (http://localhost:9876/_karma_webpack_/node_modules/zone.js/dist/zone.js:386:1)
    at FakeAsyncTestZoneSpec.push../node_modules/zone.js/dist/zone-testing.js.FakeAsyncTestZoneSpec.onInvoke (http://localhost:9876/_karma_webpack_/node_modules/zone.js/dist/zone-testing.js:1652:1)
    at ProxyZoneSpec.push../node_modules/zone.js/dist/zone-testing.js.ProxyZoneSpec.onInvoke (http://localhost:9876/_karma_webpack_/node_modules/zone.js/dist/zone-testing.js:289:1)
    at ZoneDelegate../node_modules/zone.js/dist/zone.js.ZoneDelegate.invoke (http://localhost:9876/_karma_webpack_/node_modules/zone.js/dist/zone.js:385:1)
    at Zone../node_modules/zone.js/dist/zone.js.Zone.run (http://localhost:9876/_karma_webpack_/node_modules/zone.js/dist/zone.js:143:1)
    at http://localhost:9876/_karma_webpack_/node_modules/zone.js/dist/zone.js:891:1
    at ZoneDelegate../node_modules/zone.js/dist/zone.js.ZoneDelegate.invokeTask (http://localhost:9876/_karma_webpack_/node_modules/zone.js/dist/zone.js:421:1)
    at ProxyZoneSpec.push../node_modules/zone.js/dist/zone-testing.js.ProxyZoneSpec.onInvokeTask (http://localhost:9876/_karma_webpack_/node_modules/zone.js/dist/zone-testing.js:323:1)
    at ZoneDelegate../node_modules/zone.js/dist/zone.js.ZoneDelegate.invokeTask (http://localhost:9876/_karma_webpack_/node_modules/zone.js/dist/zone.js:420:1)
    at resolvePromise (http://localhost:9876/_karma_webpack_/node_modules/zone.js/dist/zone.js:832:1)
    at http://localhost:9876/_karma_webpack_/node_modules/zone.js/dist/zone.js:898:1
    at ZoneDelegate../node_modules/zone.js/dist/zone.js.ZoneDelegate.invokeTask (http://localhost:9876/_karma_webpack_/node_modules/zone.js/dist/zone.js:421:1)
    at ProxyZoneSpec.push../node_modules/zone.js/dist/zone-testing.js.ProxyZoneSpec.onInvokeTask (http://localhost:9876/_karma_webpack_/node_modules/zone.js/dist/zone-testing.js:323:1)
    at ZoneDelegate../node_modules/zone.js/dist/zone.js.ZoneDelegate.invokeTask (http://localhost:9876/_karma_webpack_/node_modules/zone.js/dist/zone.js:420:1)
    at Zone../node_modules/zone.js/dist/zone.js.Zone.runTask (http://localhost:9876/_karma_webpack_/node_modules/zone.js/dist/zone.js:188:1)
    at ./node_modules/zone.js/dist/zone.js.ZoneTask.invokeTask (http://localhost:9876/_karma_webpack_/node_modules/zone.js/dist/zone.js:503:1)
    at ZoneTask.invoke (http://localhost:9876/_karma_webpack_/node_modules/zone.js/dist/zone.js:492:1)
    at FakeAsyncTestZoneSpec.push../node_modules/zone.js/dist/zone-testing.js.FakeAsyncTestZoneSpec.flushMicrotasks (http://localhost:9876/_karma_webpack_/node_modules/zone.js/dist/zone-testing.js:1546:1)
    at flushMicrotasks (http://localhost:9876/_karma_webpack_/node_modules/zone.js/dist/zone-testing.js:1821:37)
</failure>
  </testcase>
  <testcase name="ViewPatientComponent should call scheduleAppointment method for valid form input&quot;" time="0.02" classname=".ViewPatientComponent">
    <failure type="">Error: Uncaught (in promise): TypeError: Cannot read properties of null (reading 'click')
TypeError: Cannot read properties of null (reading 'click')
    at http://localhost:9876/_karma_webpack_/src/app/component/view-patient/view-patient.component.spec.ts:184:63
    at ZoneDelegate../node_modules/zone.js/dist/zone.js.ZoneDelegate.invoke (http://localhost:9876/_karma_webpack_/node_modules/zone.js/dist/zone.js:386:1)
    at FakeAsyncTestZoneSpec.push../node_modules/zone.js/dist/zone-testing.js.FakeAsyncTestZoneSpec.onInvoke (http://localhost:9876/_karma_webpack_/node_modules/zone.js/dist/zone-testing.js:1652:1)
    at ProxyZoneSpec.push../node_modules/zone.js/dist/zone-testing.js.ProxyZoneSpec.onInvoke (http://localhost:9876/_karma_webpack_/node_modules/zone.js/dist/zone-testing.js:289:1)
    at ZoneDelegate../node_modules/zone.js/dist/zone.js.ZoneDelegate.invoke (http://localhost:9876/_karma_webpack_/node_modules/zone.js/dist/zone.js:385:1)
    at Zone../node_modules/zone.js/dist/zone.js.Zone.run (http://localhost:9876/_karma_webpack_/node_modules/zone.js/dist/zone.js:143:1)
    at http://localhost:9876/_karma_webpack_/node_modules/zone.js/dist/zone.js:891:1
    at ZoneDelegate../node_modules/zone.js/dist/zone.js.ZoneDelegate.invokeTask (http://localhost:9876/_karma_webpack_/node_modules/zone.js/dist/zone.js:421:1)
    at ProxyZoneSpec.push../node_modules/zone.js/dist/zone-testing.js.ProxyZoneSpec.onInvokeTask (http://localhost:9876/_karma_webpack_/node_modules/zone.js/dist/zone-testing.js:323:1)
    at ZoneDelegate../node_modules/zone.js/dist/zone.js.ZoneDelegate.invokeTask (http://localhost:9876/_karma_webpack_/node_modules/zone.js/dist/zone.js:420:1)
error properties: Object({ rejection: TypeError: Cannot read properties of null (reading 'click'), promise: [object Promise], zone: Zone({ _parent: Zone({ _parent: null, _name: '&lt;root&gt;', _properties: Object({  }), _zoneDelegate: ZoneDelegate({ _taskCounts: Object({ microTask: 0, macroTask: 0, eventTask: 0 }), zone: &lt;circular reference: Object&gt;, _parentDelegate: null, _forkZS: null, _forkDlgt: null, _forkCurrZone: null, _interceptZS: null, _interceptDlgt: null, _interceptCurrZone: null, _invokeZS: null, _invokeDlgt: null, _invokeCurrZone: null, _handleErrorZS: null, _handleErrorDlgt: null, _handleErrorCurrZone: null, _scheduleTaskZS: null, _scheduleTaskDlgt: null, _scheduleTaskCurrZone: null, _invokeTaskZS: null, _invokeTaskDlgt: null, _invokeTaskCurrZone: null, _cancelTaskZS: null, _cancelTaskDlgt: null, _cancelTaskCurrZone: null, _hasTaskZS: null, _hasTaskDlgt: null, _hasTaskDlgtOwner: null, _hasTaskCurrZone: null }) }), _name: 'ProxyZone', _properties: Object({ ProxyZoneSpec: ProxyZoneSpec({ defau ...
Error: Uncaught (in promise): TypeError: Cannot read properties of null (reading 'click')
TypeError: Cannot read properties of null (reading 'click')
    at http://localhost:9876/_karma_webpack_/src/app/component/view-patient/view-patient.component.spec.ts:184:63
    at ZoneDelegate../node_modules/zone.js/dist/zone.js.ZoneDelegate.invoke (http://localhost:9876/_karma_webpack_/node_modules/zone.js/dist/zone.js:386:1)
    at FakeAsyncTestZoneSpec.push../node_modules/zone.js/dist/zone-testing.js.FakeAsyncTestZoneSpec.onInvoke (http://localhost:9876/_karma_webpack_/node_modules/zone.js/dist/zone-testing.js:1652:1)
    at ProxyZoneSpec.push../node_modules/zone.js/dist/zone-testing.js.ProxyZoneSpec.onInvoke (http://localhost:9876/_karma_webpack_/node_modules/zone.js/dist/zone-testing.js:289:1)
    at ZoneDelegate../node_modules/zone.js/dist/zone.js.ZoneDelegate.invoke (http://localhost:9876/_karma_webpack_/node_modules/zone.js/dist/zone.js:385:1)
    at Zone../node_modules/zone.js/dist/zone.js.Zone.run (http://localhost:9876/_karma_webpack_/node_modules/zone.js/dist/zone.js:143:1)
    at http://localhost:9876/_karma_webpack_/node_modules/zone.js/dist/zone.js:891:1
    at ZoneDelegate../node_modules/zone.js/dist/zone.js.ZoneDelegate.invokeTask (http://localhost:9876/_karma_webpack_/node_modules/zone.js/dist/zone.js:421:1)
    at ProxyZoneSpec.push../node_modules/zone.js/dist/zone-testing.js.ProxyZoneSpec.onInvokeTask (http://localhost:9876/_karma_webpack_/node_modules/zone.js/dist/zone-testing.js:323:1)
    at ZoneDelegate../node_modules/zone.js/dist/zone.js.ZoneDelegate.invokeTask (http://localhost:9876/_karma_webpack_/node_modules/zone.js/dist/zone.js:420:1)
    at resolvePromise (http://localhost:9876/_karma_webpack_/node_modules/zone.js/dist/zone.js:832:1)
    at http://localhost:9876/_karma_webpack_/node_modules/zone.js/dist/zone.js:898:1
    at ZoneDelegate../node_modules/zone.js/dist/zone.js.ZoneDelegate.invokeTask (http://localhost:9876/_karma_webpack_/node_modules/zone.js/dist/zone.js:421:1)
    at ProxyZoneSpec.push../node_modules/zone.js/dist/zone-testing.js.ProxyZoneSpec.onInvokeTask (http://localhost:9876/_karma_webpack_/node_modules/zone.js/dist/zone-testing.js:323:1)
    at ZoneDelegate../node_modules/zone.js/dist/zone.js.ZoneDelegate.invokeTask (http://localhost:9876/_karma_webpack_/node_modules/zone.js/dist/zone.js:420:1)
    at Zone../node_modules/zone.js/dist/zone.js.Zone.runTask (http://localhost:9876/_karma_webpack_/node_modules/zone.js/dist/zone.js:188:1)
    at ./node_modules/zone.js/dist/zone.js.ZoneTask.invokeTask (http://localhost:9876/_karma_webpack_/node_modules/zone.js/dist/zone.js:503:1)
    at ZoneTask.invoke (http://localhost:9876/_karma_webpack_/node_modules/zone.js/dist/zone.js:492:1)
    at FakeAsyncTestZoneSpec.push../node_modules/zone.js/dist/zone-testing.js.FakeAsyncTestZoneSpec.flushMicrotasks (http://localhost:9876/_karma_webpack_/node_modules/zone.js/dist/zone-testing.js:1546:1)
    at flushMicrotasks (http://localhost:9876/_karma_webpack_/node_modules/zone.js/dist/zone-testing.js:1821:37)
</failure>
  </testcase>
  <testcase name="ViewPatientComponent should call getParticularPatient method of DataService by default" time="0.012" classname=".ViewPatientComponent">
    <failure type="">Error: Expected spy getParticularPatient to have been called.
    at &lt;Jasmine&gt;
    at UserContext.&lt;anonymous&gt; (http://localhost:9876/_karma_webpack_/src/app/component/view-patient/view-patient.component.spec.ts:131:46)
    at UserContext.&lt;anonymous&gt; (http://localhost:9876/_karma_webpack_/node_modules/zone.js/dist/zone-testing.js:1749:1)
    at ZoneDelegate../node_modules/zone.js/dist/zone.js.ZoneDelegate.invoke (http://localhost:9876/_karma_webpack_/node_modules/zone.js/dist/zone.js:386:1)
</failure>
  </testcase>
  <testcase name="ViewPatientComponent &quot;Book Appointment&quot; button should be disabled when clicking on &quot;Scheduled Appointment&quot;" time="0.014" classname=".ViewPatientComponent">
    <failure type="">Error: Uncaught (in promise): TypeError: Cannot read properties of null (reading 'click')
TypeError: Cannot read properties of null (reading 'click')
    at http://localhost:9876/_karma_webpack_/src/app/component/view-patient/view-patient.component.spec.ts:156:68
    at ZoneDelegate../node_modules/zone.js/dist/zone.js.ZoneDelegate.invoke (http://localhost:9876/_karma_webpack_/node_modules/zone.js/dist/zone.js:386:1)
    at FakeAsyncTestZoneSpec.push../node_modules/zone.js/dist/zone-testing.js.FakeAsyncTestZoneSpec.onInvoke (http://localhost:9876/_karma_webpack_/node_modules/zone.js/dist/zone-testing.js:1652:1)
    at ProxyZoneSpec.push../node_modules/zone.js/dist/zone-testing.js.ProxyZoneSpec.onInvoke (http://localhost:9876/_karma_webpack_/node_modules/zone.js/dist/zone-testing.js:289:1)
    at ZoneDelegate../node_modules/zone.js/dist/zone.js.ZoneDelegate.invoke (http://localhost:9876/_karma_webpack_/node_modules/zone.js/dist/zone.js:385:1)
    at Zone../node_modules/zone.js/dist/zone.js.Zone.run (http://localhost:9876/_karma_webpack_/node_modules/zone.js/dist/zone.js:143:1)
    at http://localhost:9876/_karma_webpack_/node_modules/zone.js/dist/zone.js:891:1
    at ZoneDelegate../node_modules/zone.js/dist/zone.js.ZoneDelegate.invokeTask (http://localhost:9876/_karma_webpack_/node_modules/zone.js/dist/zone.js:421:1)
    at ProxyZoneSpec.push../node_modules/zone.js/dist/zone-testing.js.ProxyZoneSpec.onInvokeTask (http://localhost:9876/_karma_webpack_/node_modules/zone.js/dist/zone-testing.js:323:1)
    at ZoneDelegate../node_modules/zone.js/dist/zone.js.ZoneDelegate.invokeTask (http://localhost:9876/_karma_webpack_/node_modules/zone.js/dist/zone.js:420:1)
error properties: Object({ rejection: TypeError: Cannot read properties of null (reading 'click'), promise: [object Promise], zone: Zone({ _parent: Zone({ _parent: null, _name: '&lt;root&gt;', _properties: Object({  }), _zoneDelegate: ZoneDelegate({ _taskCounts: Object({ microTask: 0, macroTask: 0, eventTask: 0 }), zone: &lt;circular reference: Object&gt;, _parentDelegate: null, _forkZS: null, _forkDlgt: null, _forkCurrZone: null, _interceptZS: null, _interceptDlgt: null, _interceptCurrZone: null, _invokeZS: null, _invokeDlgt: null, _invokeCurrZone: null, _handleErrorZS: null, _handleErrorDlgt: null, _handleErrorCurrZone: null, _scheduleTaskZS: null, _scheduleTaskDlgt: null, _scheduleTaskCurrZone: null, _invokeTaskZS: null, _invokeTaskDlgt: null, _invokeTaskCurrZone: null, _cancelTaskZS: null, _cancelTaskDlgt: null, _cancelTaskCurrZone: null, _hasTaskZS: null, _hasTaskDlgt: null, _hasTaskDlgtOwner: null, _hasTaskCurrZone: null }) }), _name: 'ProxyZone', _properties: Object({ ProxyZoneSpec: ProxyZoneSpec({ defau ...
Error: Uncaught (in promise): TypeError: Cannot read properties of null (reading 'click')
TypeError: Cannot read properties of null (reading 'click')
    at http://localhost:9876/_karma_webpack_/src/app/component/view-patient/view-patient.component.spec.ts:156:68
    at ZoneDelegate../node_modules/zone.js/dist/zone.js.ZoneDelegate.invoke (http://localhost:9876/_karma_webpack_/node_modules/zone.js/dist/zone.js:386:1)
    at FakeAsyncTestZoneSpec.push../node_modules/zone.js/dist/zone-testing.js.FakeAsyncTestZoneSpec.onInvoke (http://localhost:9876/_karma_webpack_/node_modules/zone.js/dist/zone-testing.js:1652:1)
    at ProxyZoneSpec.push../node_modules/zone.js/dist/zone-testing.js.ProxyZoneSpec.onInvoke (http://localhost:9876/_karma_webpack_/node_modules/zone.js/dist/zone-testing.js:289:1)
    at ZoneDelegate../node_modules/zone.js/dist/zone.js.ZoneDelegate.invoke (http://localhost:9876/_karma_webpack_/node_modules/zone.js/dist/zone.js:385:1)
    at Zone../node_modules/zone.js/dist/zone.js.Zone.run (http://localhost:9876/_karma_webpack_/node_modules/zone.js/dist/zone.js:143:1)
    at http://localhost:9876/_karma_webpack_/node_modules/zone.js/dist/zone.js:891:1
    at ZoneDelegate../node_modules/zone.js/dist/zone.js.ZoneDelegate.invokeTask (http://localhost:9876/_karma_webpack_/node_modules/zone.js/dist/zone.js:421:1)
    at ProxyZoneSpec.push../node_modules/zone.js/dist/zone-testing.js.ProxyZoneSpec.onInvokeTask (http://localhost:9876/_karma_webpack_/node_modules/zone.js/dist/zone-testing.js:323:1)
    at ZoneDelegate../node_modules/zone.js/dist/zone.js.ZoneDelegate.invokeTask (http://localhost:9876/_karma_webpack_/node_modules/zone.js/dist/zone.js:420:1)
    at resolvePromise (http://localhost:9876/_karma_webpack_/node_modules/zone.js/dist/zone.js:832:1)
    at http://localhost:9876/_karma_webpack_/node_modules/zone.js/dist/zone.js:898:1
    at ZoneDelegate../node_modules/zone.js/dist/zone.js.ZoneDelegate.invokeTask (http://localhost:9876/_karma_webpack_/node_modules/zone.js/dist/zone.js:421:1)
    at ProxyZoneSpec.push../node_modules/zone.js/dist/zone-testing.js.ProxyZoneSpec.onInvokeTask (http://localhost:9876/_karma_webpack_/node_modules/zone.js/dist/zone-testing.js:323:1)
    at ZoneDelegate../node_modules/zone.js/dist/zone.js.ZoneDelegate.invokeTask (http://localhost:9876/_karma_webpack_/node_modules/zone.js/dist/zone.js:420:1)
    at Zone../node_modules/zone.js/dist/zone.js.Zone.runTask (http://localhost:9876/_karma_webpack_/node_modules/zone.js/dist/zone.js:188:1)
    at ./node_modules/zone.js/dist/zone.js.ZoneTask.invokeTask (http://localhost:9876/_karma_webpack_/node_modules/zone.js/dist/zone.js:503:1)
    at ZoneTask.invoke (http://localhost:9876/_karma_webpack_/node_modules/zone.js/dist/zone.js:492:1)
    at FakeAsyncTestZoneSpec.push../node_modules/zone.js/dist/zone-testing.js.FakeAsyncTestZoneSpec.flushMicrotasks (http://localhost:9876/_karma_webpack_/node_modules/zone.js/dist/zone-testing.js:1546:1)
    at flushMicrotasks (http://localhost:9876/_karma_webpack_/node_modules/zone.js/dist/zone-testing.js:1821:37)
</failure>
  </testcase>
  <testcase name="ViewPatientComponent Book Appointment &amp; Scheduled Appointment should be enabled by default" time="0.01" classname=".ViewPatientComponent">
    <failure type="">TypeError: Cannot read properties of null (reading 'disabled')
    at &lt;Jasmine&gt;
    at UserContext.&lt;anonymous&gt; (http://localhost:9876/_karma_webpack_/src/app/component/view-patient/view-patient.component.spec.ts:135:81)
    at UserContext.&lt;anonymous&gt; (http://localhost:9876/_karma_webpack_/node_modules/zone.js/dist/zone-testing.js:1749:1)
    at ZoneDelegate../node_modules/zone.js/dist/zone.js.ZoneDelegate.invoke (http://localhost:9876/_karma_webpack_/node_modules/zone.js/dist/zone.js:386:1)
    at ProxyZoneSpec.push../node_modules/zone.js/dist/zone-testing.js.ProxyZoneSpec.onInvoke (http://localhost:9876/_karma_webpack_/node_modules/zone.js/dist/zone-testing.js:292:1)
    at ZoneDelegate../node_modules/zone.js/dist/zone.js.ZoneDelegate.invoke (http://localhost:9876/_karma_webpack_/node_modules/zone.js/dist/zone.js:385:1)
    at Zone../node_modules/zone.js/dist/zone.js.Zone.run (http://localhost:9876/_karma_webpack_/node_modules/zone.js/dist/zone.js:143:1)
    at runInTestZone (http://localhost:9876/_karma_webpack_/node_modules/zone.js/dist/zone-testing.js:545:1)
    at UserContext.&lt;anonymous&gt; (http://localhost:9876/_karma_webpack_/node_modules/zone.js/dist/zone-testing.js:560:1)
    at &lt;Jasmine&gt;
</failure>
  </testcase>
  <testcase name="ViewPatientComponent should create" time="0.01" classname=".ViewPatientComponent"/>
  <testcase name="ViewPatientComponent &quot;Scheduled Appointment&quot; button should be disabled when clicking on &quot;Book Appointment&quot;" time="0.022" classname=".ViewPatientComponent">
    <failure type="">Error: Uncaught (in promise): TypeError: Cannot read properties of null (reading 'click')
TypeError: Cannot read properties of null (reading 'click')
    at http://localhost:9876/_karma_webpack_/src/app/component/view-patient/view-patient.component.spec.ts:143:63
    at ZoneDelegate../node_modules/zone.js/dist/zone.js.ZoneDelegate.invoke (http://localhost:9876/_karma_webpack_/node_modules/zone.js/dist/zone.js:386:1)
    at FakeAsyncTestZoneSpec.push../node_modules/zone.js/dist/zone-testing.js.FakeAsyncTestZoneSpec.onInvoke (http://localhost:9876/_karma_webpack_/node_modules/zone.js/dist/zone-testing.js:1652:1)
    at ProxyZoneSpec.push../node_modules/zone.js/dist/zone-testing.js.ProxyZoneSpec.onInvoke (http://localhost:9876/_karma_webpack_/node_modules/zone.js/dist/zone-testing.js:289:1)
    at ZoneDelegate../node_modules/zone.js/dist/zone.js.ZoneDelegate.invoke (http://localhost:9876/_karma_webpack_/node_modules/zone.js/dist/zone.js:385:1)
    at Zone../node_modules/zone.js/dist/zone.js.Zone.run (http://localhost:9876/_karma_webpack_/node_modules/zone.js/dist/zone.js:143:1)
    at http://localhost:9876/_karma_webpack_/node_modules/zone.js/dist/zone.js:891:1
    at ZoneDelegate../node_modules/zone.js/dist/zone.js.ZoneDelegate.invokeTask (http://localhost:9876/_karma_webpack_/node_modules/zone.js/dist/zone.js:421:1)
    at ProxyZoneSpec.push../node_modules/zone.js/dist/zone-testing.js.ProxyZoneSpec.onInvokeTask (http://localhost:9876/_karma_webpack_/node_modules/zone.js/dist/zone-testing.js:323:1)
    at ZoneDelegate../node_modules/zone.js/dist/zone.js.ZoneDelegate.invokeTask (http://localhost:9876/_karma_webpack_/node_modules/zone.js/dist/zone.js:420:1)
error properties: Object({ rejection: TypeError: Cannot read properties of null (reading 'click'), promise: [object Promise], zone: Zone({ _parent: Zone({ _parent: null, _name: '&lt;root&gt;', _properties: Object({  }), _zoneDelegate: ZoneDelegate({ _taskCounts: Object({ microTask: 0, macroTask: 0, eventTask: 0 }), zone: &lt;circular reference: Object&gt;, _parentDelegate: null, _forkZS: null, _forkDlgt: null, _forkCurrZone: null, _interceptZS: null, _interceptDlgt: null, _interceptCurrZone: null, _invokeZS: null, _invokeDlgt: null, _invokeCurrZone: null, _handleErrorZS: null, _handleErrorDlgt: null, _handleErrorCurrZone: null, _scheduleTaskZS: null, _scheduleTaskDlgt: null, _scheduleTaskCurrZone: null, _invokeTaskZS: null, _invokeTaskDlgt: null, _invokeTaskCurrZone: null, _cancelTaskZS: null, _cancelTaskDlgt: null, _cancelTaskCurrZone: null, _hasTaskZS: null, _hasTaskDlgt: null, _hasTaskDlgtOwner: null, _hasTaskCurrZone: null }) }), _name: 'ProxyZone', _properties: Object({ ProxyZoneSpec: ProxyZoneSpec({ defau ...
Error: Uncaught (in promise): TypeError: Cannot read properties of null (reading 'click')
TypeError: Cannot read properties of null (reading 'click')
    at http://localhost:9876/_karma_webpack_/src/app/component/view-patient/view-patient.component.spec.ts:143:63
    at ZoneDelegate../node_modules/zone.js/dist/zone.js.ZoneDelegate.invoke (http://localhost:9876/_karma_webpack_/node_modules/zone.js/dist/zone.js:386:1)
    at FakeAsyncTestZoneSpec.push../node_modules/zone.js/dist/zone-testing.js.FakeAsyncTestZoneSpec.onInvoke (http://localhost:9876/_karma_webpack_/node_modules/zone.js/dist/zone-testing.js:1652:1)
    at ProxyZoneSpec.push../node_modules/zone.js/dist/zone-testing.js.ProxyZoneSpec.onInvoke (http://localhost:9876/_karma_webpack_/node_modules/zone.js/dist/zone-testing.js:289:1)
    at ZoneDelegate../node_modules/zone.js/dist/zone.js.ZoneDelegate.invoke (http://localhost:9876/_karma_webpack_/node_modules/zone.js/dist/zone.js:385:1)
    at Zone../node_modules/zone.js/dist/zone.js.Zone.run (http://localhost:9876/_karma_webpack_/node_modules/zone.js/dist/zone.js:143:1)
    at http://localhost:9876/_karma_webpack_/node_modules/zone.js/dist/zone.js:891:1
    at ZoneDelegate../node_modules/zone.js/dist/zone.js.ZoneDelegate.invokeTask (http://localhost:9876/_karma_webpack_/node_modules/zone.js/dist/zone.js:421:1)
    at ProxyZoneSpec.push../node_modules/zone.js/dist/zone-testing.js.ProxyZoneSpec.onInvokeTask (http://localhost:9876/_karma_webpack_/node_modules/zone.js/dist/zone-testing.js:323:1)
    at ZoneDelegate../node_modules/zone.js/dist/zone.js.ZoneDelegate.invokeTask (http://localhost:9876/_karma_webpack_/node_modules/zone.js/dist/zone.js:420:1)
    at resolvePromise (http://localhost:9876/_karma_webpack_/node_modules/zone.js/dist/zone.js:832:1)
    at http://localhost:9876/_karma_webpack_/node_modules/zone.js/dist/zone.js:898:1
    at ZoneDelegate../node_modules/zone.js/dist/zone.js.ZoneDelegate.invokeTask (http://localhost:9876/_karma_webpack_/node_modules/zone.js/dist/zone.js:421:1)
    at ProxyZoneSpec.push../node_modules/zone.js/dist/zone-testing.js.ProxyZoneSpec.onInvokeTask (http://localhost:9876/_karma_webpack_/node_modules/zone.js/dist/zone-testing.js:323:1)
    at ZoneDelegate../node_modules/zone.js/dist/zone.js.ZoneDelegate.invokeTask (http://localhost:9876/_karma_webpack_/node_modules/zone.js/dist/zone.js:420:1)
    at Zone../node_modules/zone.js/dist/zone.js.Zone.runTask (http://localhost:9876/_karma_webpack_/node_modules/zone.js/dist/zone.js:188:1)
    at ./node_modules/zone.js/dist/zone.js.ZoneTask.invokeTask (http://localhost:9876/_karma_webpack_/node_modules/zone.js/dist/zone.js:503:1)
    at ZoneTask.invoke (http://localhost:9876/_karma_webpack_/node_modules/zone.js/dist/zone.js:492:1)
    at FakeAsyncTestZoneSpec.push../node_modules/zone.js/dist/zone-testing.js.FakeAsyncTestZoneSpec.flushMicrotasks (http://localhost:9876/_karma_webpack_/node_modules/zone.js/dist/zone-testing.js:1546:1)
    at flushMicrotasks (http://localhost:9876/_karma_webpack_/node_modules/zone.js/dist/zone-testing.js:1821:37)
</failure>
  </testcase>
  <testcase name="ViewPatientComponent should call scheduleded method after deleting an appointment" time="0.03" classname=".ViewPatientComponent">
    <failure type="">Error: Uncaught (in promise): TypeError: Cannot read properties of null (reading 'click')
TypeError: Cannot read properties of null (reading 'click')
    at http://localhost:9876/_karma_webpack_/src/app/component/view-patient/view-patient.component.spec.ts:273:68
    at ZoneDelegate../node_modules/zone.js/dist/zone.js.ZoneDelegate.invoke (http://localhost:9876/_karma_webpack_/node_modules/zone.js/dist/zone.js:386:1)
    at FakeAsyncTestZoneSpec.push../node_modules/zone.js/dist/zone-testing.js.FakeAsyncTestZoneSpec.onInvoke (http://localhost:9876/_karma_webpack_/node_modules/zone.js/dist/zone-testing.js:1652:1)
    at ProxyZoneSpec.push../node_modules/zone.js/dist/zone-testing.js.ProxyZoneSpec.onInvoke (http://localhost:9876/_karma_webpack_/node_modules/zone.js/dist/zone-testing.js:289:1)
    at ZoneDelegate../node_modules/zone.js/dist/zone.js.ZoneDelegate.invoke (http://localhost:9876/_karma_webpack_/node_modules/zone.js/dist/zone.js:385:1)
    at Zone../node_modules/zone.js/dist/zone.js.Zone.run (http://localhost:9876/_karma_webpack_/node_modules/zone.js/dist/zone.js:143:1)
    at http://localhost:9876/_karma_webpack_/node_modules/zone.js/dist/zone.js:891:1
    at ZoneDelegate../node_modules/zone.js/dist/zone.js.ZoneDelegate.invokeTask (http://localhost:9876/_karma_webpack_/node_modules/zone.js/dist/zone.js:421:1)
    at ProxyZoneSpec.push../node_modules/zone.js/dist/zone-testing.js.ProxyZoneSpec.onInvokeTask (http://localhost:9876/_karma_webpack_/node_modules/zone.js/dist/zone-testing.js:323:1)
    at ZoneDelegate../node_modules/zone.js/dist/zone.js.ZoneDelegate.invokeTask (http://localhost:9876/_karma_webpack_/node_modules/zone.js/dist/zone.js:420:1)
error properties: Object({ rejection: TypeError: Cannot read properties of null (reading 'click'), promise: [object Promise], zone: Zone({ _parent: Zone({ _parent: null, _name: '&lt;root&gt;', _properties: Object({  }), _zoneDelegate: ZoneDelegate({ _taskCounts: Object({ microTask: 0, macroTask: 0, eventTask: 0 }), zone: &lt;circular reference: Object&gt;, _parentDelegate: null, _forkZS: null, _forkDlgt: null, _forkCurrZone: null, _interceptZS: null, _interceptDlgt: null, _interceptCurrZone: null, _invokeZS: null, _invokeDlgt: null, _invokeCurrZone: null, _handleErrorZS: null, _handleErrorDlgt: null, _handleErrorCurrZone: null, _scheduleTaskZS: null, _scheduleTaskDlgt: null, _scheduleTaskCurrZone: null, _invokeTaskZS: null, _invokeTaskDlgt: null, _invokeTaskCurrZone: null, _cancelTaskZS: null, _cancelTaskDlgt: null, _cancelTaskCurrZone: null, _hasTaskZS: null, _hasTaskDlgt: null, _hasTaskDlgtOwner: null, _hasTaskCurrZone: null }) }), _name: 'ProxyZone', _properties: Object({ ProxyZoneSpec: ProxyZoneSpec({ defau ...
Error: Uncaught (in promise): TypeError: Cannot read properties of null (reading 'click')
TypeError: Cannot read properties of null (reading 'click')
    at http://localhost:9876/_karma_webpack_/src/app/component/view-patient/view-patient.component.spec.ts:273:68
    at ZoneDelegate../node_modules/zone.js/dist/zone.js.ZoneDelegate.invoke (http://localhost:9876/_karma_webpack_/node_modules/zone.js/dist/zone.js:386:1)
    at FakeAsyncTestZoneSpec.push../node_modules/zone.js/dist/zone-testing.js.FakeAsyncTestZoneSpec.onInvoke (http://localhost:9876/_karma_webpack_/node_modules/zone.js/dist/zone-testing.js:1652:1)
    at ProxyZoneSpec.push../node_modules/zone.js/dist/zone-testing.js.ProxyZoneSpec.onInvoke (http://localhost:9876/_karma_webpack_/node_modules/zone.js/dist/zone-testing.js:289:1)
    at ZoneDelegate../node_modules/zone.js/dist/zone.js.ZoneDelegate.invoke (http://localhost:9876/_karma_webpack_/node_modules/zone.js/dist/zone.js:385:1)
    at Zone../node_modules/zone.js/dist/zone.js.Zone.run (http://localhost:9876/_karma_webpack_/node_modules/zone.js/dist/zone.js:143:1)
    at http://localhost:9876/_karma_webpack_/node_modules/zone.js/dist/zone.js:891:1
    at ZoneDelegate../node_modules/zone.js/dist/zone.js.ZoneDelegate.invokeTask (http://localhost:9876/_karma_webpack_/node_modules/zone.js/dist/zone.js:421:1)
    at ProxyZoneSpec.push../node_modules/zone.js/dist/zone-testing.js.ProxyZoneSpec.onInvokeTask (http://localhost:9876/_karma_webpack_/node_modules/zone.js/dist/zone-testing.js:323:1)
    at ZoneDelegate../node_modules/zone.js/dist/zone.js.ZoneDelegate.invokeTask (http://localhost:9876/_karma_webpack_/node_modules/zone.js/dist/zone.js:420:1)
    at resolvePromise (http://localhost:9876/_karma_webpack_/node_modules/zone.js/dist/zone.js:832:1)
    at http://localhost:9876/_karma_webpack_/node_modules/zone.js/dist/zone.js:898:1
    at ZoneDelegate../node_modules/zone.js/dist/zone.js.ZoneDelegate.invokeTask (http://localhost:9876/_karma_webpack_/node_modules/zone.js/dist/zone.js:421:1)
    at ProxyZoneSpec.push../node_modules/zone.js/dist/zone-testing.js.ProxyZoneSpec.onInvokeTask (http://localhost:9876/_karma_webpack_/node_modules/zone.js/dist/zone-testing.js:323:1)
    at ZoneDelegate../node_modules/zone.js/dist/zone.js.ZoneDelegate.invokeTask (http://localhost:9876/_karma_webpack_/node_modules/zone.js/dist/zone.js:420:1)
    at Zone../node_modules/zone.js/dist/zone.js.Zone.runTask (http://localhost:9876/_karma_webpack_/node_modules/zone.js/dist/zone.js:188:1)
    at ./node_modules/zone.js/dist/zone.js.ZoneTask.invokeTask (http://localhost:9876/_karma_webpack_/node_modules/zone.js/dist/zone.js:503:1)
    at ZoneTask.invoke (http://localhost:9876/_karma_webpack_/node_modules/zone.js/dist/zone.js:492:1)
    at FakeAsyncTestZoneSpec.push../node_modules/zone.js/dist/zone-testing.js.FakeAsyncTestZoneSpec.flushMicrotasks (http://localhost:9876/_karma_webpack_/node_modules/zone.js/dist/zone-testing.js:1546:1)
    at flushMicrotasks (http://localhost:9876/_karma_webpack_/node_modules/zone.js/dist/zone-testing.js:1821:37)
</failure>
  </testcase>
  <testcase name="ViewPatientComponent should call cancelAppointment method with selected appointment id" time="0.014" classname=".ViewPatientComponent">
    <failure type="">Error: Uncaught (in promise): TypeError: Cannot read properties of null (reading 'click')
TypeError: Cannot read properties of null (reading 'click')
    at http://localhost:9876/_karma_webpack_/src/app/component/view-patient/view-patient.component.spec.ts:243:68
    at ZoneDelegate../node_modules/zone.js/dist/zone.js.ZoneDelegate.invoke (http://localhost:9876/_karma_webpack_/node_modules/zone.js/dist/zone.js:386:1)
    at FakeAsyncTestZoneSpec.push../node_modules/zone.js/dist/zone-testing.js.FakeAsyncTestZoneSpec.onInvoke (http://localhost:9876/_karma_webpack_/node_modules/zone.js/dist/zone-testing.js:1652:1)
    at ProxyZoneSpec.push../node_modules/zone.js/dist/zone-testing.js.ProxyZoneSpec.onInvoke (http://localhost:9876/_karma_webpack_/node_modules/zone.js/dist/zone-testing.js:289:1)
    at ZoneDelegate../node_modules/zone.js/dist/zone.js.ZoneDelegate.invoke (http://localhost:9876/_karma_webpack_/node_modules/zone.js/dist/zone.js:385:1)
    at Zone../node_modules/zone.js/dist/zone.js.Zone.run (http://localhost:9876/_karma_webpack_/node_modules/zone.js/dist/zone.js:143:1)
    at http://localhost:9876/_karma_webpack_/node_modules/zone.js/dist/zone.js:891:1
    at ZoneDelegate../node_modules/zone.js/dist/zone.js.ZoneDelegate.invokeTask (http://localhost:9876/_karma_webpack_/node_modules/zone.js/dist/zone.js:421:1)
    at ProxyZoneSpec.push../node_modules/zone.js/dist/zone-testing.js.ProxyZoneSpec.onInvokeTask (http://localhost:9876/_karma_webpack_/node_modules/zone.js/dist/zone-testing.js:323:1)
    at ZoneDelegate../node_modules/zone.js/dist/zone.js.ZoneDelegate.invokeTask (http://localhost:9876/_karma_webpack_/node_modules/zone.js/dist/zone.js:420:1)
error properties: Object({ rejection: TypeError: Cannot read properties of null (reading 'click'), promise: [object Promise], zone: Zone({ _parent: Zone({ _parent: null, _name: '&lt;root&gt;', _properties: Object({  }), _zoneDelegate: ZoneDelegate({ _taskCounts: Object({ microTask: 0, macroTask: 0, eventTask: 0 }), zone: &lt;circular reference: Object&gt;, _parentDelegate: null, _forkZS: null, _forkDlgt: null, _forkCurrZone: null, _interceptZS: null, _interceptDlgt: null, _interceptCurrZone: null, _invokeZS: null, _invokeDlgt: null, _invokeCurrZone: null, _handleErrorZS: null, _handleErrorDlgt: null, _handleErrorCurrZone: null, _scheduleTaskZS: null, _scheduleTaskDlgt: null, _scheduleTaskCurrZone: null, _invokeTaskZS: null, _invokeTaskDlgt: null, _invokeTaskCurrZone: null, _cancelTaskZS: null, _cancelTaskDlgt: null, _cancelTaskCurrZone: null, _hasTaskZS: null, _hasTaskDlgt: null, _hasTaskDlgtOwner: null, _hasTaskCurrZone: null }) }), _name: 'ProxyZone', _properties: Object({ ProxyZoneSpec: ProxyZoneSpec({ defau ...
Error: Uncaught (in promise): TypeError: Cannot read properties of null (reading 'click')
TypeError: Cannot read properties of null (reading 'click')
    at http://localhost:9876/_karma_webpack_/src/app/component/view-patient/view-patient.component.spec.ts:243:68
    at ZoneDelegate../node_modules/zone.js/dist/zone.js.ZoneDelegate.invoke (http://localhost:9876/_karma_webpack_/node_modules/zone.js/dist/zone.js:386:1)
    at FakeAsyncTestZoneSpec.push../node_modules/zone.js/dist/zone-testing.js.FakeAsyncTestZoneSpec.onInvoke (http://localhost:9876/_karma_webpack_/node_modules/zone.js/dist/zone-testing.js:1652:1)
    at ProxyZoneSpec.push../node_modules/zone.js/dist/zone-testing.js.ProxyZoneSpec.onInvoke (http://localhost:9876/_karma_webpack_/node_modules/zone.js/dist/zone-testing.js:289:1)
    at ZoneDelegate../node_modules/zone.js/dist/zone.js.ZoneDelegate.invoke (http://localhost:9876/_karma_webpack_/node_modules/zone.js/dist/zone.js:385:1)
    at Zone../node_modules/zone.js/dist/zone.js.Zone.run (http://localhost:9876/_karma_webpack_/node_modules/zone.js/dist/zone.js:143:1)
    at http://localhost:9876/_karma_webpack_/node_modules/zone.js/dist/zone.js:891:1
    at ZoneDelegate../node_modules/zone.js/dist/zone.js.ZoneDelegate.invokeTask (http://localhost:9876/_karma_webpack_/node_modules/zone.js/dist/zone.js:421:1)
    at ProxyZoneSpec.push../node_modules/zone.js/dist/zone-testing.js.ProxyZoneSpec.onInvokeTask (http://localhost:9876/_karma_webpack_/node_modules/zone.js/dist/zone-testing.js:323:1)
    at ZoneDelegate../node_modules/zone.js/dist/zone.js.ZoneDelegate.invokeTask (http://localhost:9876/_karma_webpack_/node_modules/zone.js/dist/zone.js:420:1)
    at resolvePromise (http://localhost:9876/_karma_webpack_/node_modules/zone.js/dist/zone.js:832:1)
    at http://localhost:9876/_karma_webpack_/node_modules/zone.js/dist/zone.js:898:1
    at ZoneDelegate../node_modules/zone.js/dist/zone.js.ZoneDelegate.invokeTask (http://localhost:9876/_karma_webpack_/node_modules/zone.js/dist/zone.js:421:1)
    at ProxyZoneSpec.push../node_modules/zone.js/dist/zone-testing.js.ProxyZoneSpec.onInvokeTask (http://localhost:9876/_karma_webpack_/node_modules/zone.js/dist/zone-testing.js:323:1)
    at ZoneDelegate../node_modules/zone.js/dist/zone.js.ZoneDelegate.invokeTask (http://localhost:9876/_karma_webpack_/node_modules/zone.js/dist/zone.js:420:1)
    at Zone../node_modules/zone.js/dist/zone.js.Zone.runTask (http://localhost:9876/_karma_webpack_/node_modules/zone.js/dist/zone.js:188:1)
    at ./node_modules/zone.js/dist/zone.js.ZoneTask.invokeTask (http://localhost:9876/_karma_webpack_/node_modules/zone.js/dist/zone.js:503:1)
    at ZoneTask.invoke (http://localhost:9876/_karma_webpack_/node_modules/zone.js/dist/zone.js:492:1)
    at FakeAsyncTestZoneSpec.push../node_modules/zone.js/dist/zone-testing.js.FakeAsyncTestZoneSpec.flushMicrotasks (http://localhost:9876/_karma_webpack_/node_modules/zone.js/dist/zone-testing.js:1546:1)
    at flushMicrotasks (http://localhost:9876/_karma_webpack_/node_modules/zone.js/dist/zone-testing.js:1821:37)
</failure>
  </testcase>
  <testcase name="ViewPatientComponent should call deleteAppointment method of DataService with selected appointment id" time="0.026" classname=".ViewPatientComponent">
    <failure type="">Error: Uncaught (in promise): TypeError: Cannot read properties of null (reading 'click')
TypeError: Cannot read properties of null (reading 'click')
    at http://localhost:9876/_karma_webpack_/src/app/component/view-patient/view-patient.component.spec.ts:258:68
    at ZoneDelegate../node_modules/zone.js/dist/zone.js.ZoneDelegate.invoke (http://localhost:9876/_karma_webpack_/node_modules/zone.js/dist/zone.js:386:1)
    at FakeAsyncTestZoneSpec.push../node_modules/zone.js/dist/zone-testing.js.FakeAsyncTestZoneSpec.onInvoke (http://localhost:9876/_karma_webpack_/node_modules/zone.js/dist/zone-testing.js:1652:1)
    at ProxyZoneSpec.push../node_modules/zone.js/dist/zone-testing.js.ProxyZoneSpec.onInvoke (http://localhost:9876/_karma_webpack_/node_modules/zone.js/dist/zone-testing.js:289:1)
    at ZoneDelegate../node_modules/zone.js/dist/zone.js.ZoneDelegate.invoke (http://localhost:9876/_karma_webpack_/node_modules/zone.js/dist/zone.js:385:1)
    at Zone../node_modules/zone.js/dist/zone.js.Zone.run (http://localhost:9876/_karma_webpack_/node_modules/zone.js/dist/zone.js:143:1)
    at http://localhost:9876/_karma_webpack_/node_modules/zone.js/dist/zone.js:891:1
    at ZoneDelegate../node_modules/zone.js/dist/zone.js.ZoneDelegate.invokeTask (http://localhost:9876/_karma_webpack_/node_modules/zone.js/dist/zone.js:421:1)
    at ProxyZoneSpec.push../node_modules/zone.js/dist/zone-testing.js.ProxyZoneSpec.onInvokeTask (http://localhost:9876/_karma_webpack_/node_modules/zone.js/dist/zone-testing.js:323:1)
    at ZoneDelegate../node_modules/zone.js/dist/zone.js.ZoneDelegate.invokeTask (http://localhost:9876/_karma_webpack_/node_modules/zone.js/dist/zone.js:420:1)
error properties: Object({ rejection: TypeError: Cannot read properties of null (reading 'click'), promise: [object Promise], zone: Zone({ _parent: Zone({ _parent: null, _name: '&lt;root&gt;', _properties: Object({  }), _zoneDelegate: ZoneDelegate({ _taskCounts: Object({ microTask: 0, macroTask: 0, eventTask: 0 }), zone: &lt;circular reference: Object&gt;, _parentDelegate: null, _forkZS: null, _forkDlgt: null, _forkCurrZone: null, _interceptZS: null, _interceptDlgt: null, _interceptCurrZone: null, _invokeZS: null, _invokeDlgt: null, _invokeCurrZone: null, _handleErrorZS: null, _handleErrorDlgt: null, _handleErrorCurrZone: null, _scheduleTaskZS: null, _scheduleTaskDlgt: null, _scheduleTaskCurrZone: null, _invokeTaskZS: null, _invokeTaskDlgt: null, _invokeTaskCurrZone: null, _cancelTaskZS: null, _cancelTaskDlgt: null, _cancelTaskCurrZone: null, _hasTaskZS: null, _hasTaskDlgt: null, _hasTaskDlgtOwner: null, _hasTaskCurrZone: null }) }), _name: 'ProxyZone', _properties: Object({ ProxyZoneSpec: ProxyZoneSpec({ defau ...
Error: Uncaught (in promise): TypeError: Cannot read properties of null (reading 'click')
TypeError: Cannot read properties of null (reading 'click')
    at http://localhost:9876/_karma_webpack_/src/app/component/view-patient/view-patient.component.spec.ts:258:68
    at ZoneDelegate../node_modules/zone.js/dist/zone.js.ZoneDelegate.invoke (http://localhost:9876/_karma_webpack_/node_modules/zone.js/dist/zone.js:386:1)
    at FakeAsyncTestZoneSpec.push../node_modules/zone.js/dist/zone-testing.js.FakeAsyncTestZoneSpec.onInvoke (http://localhost:9876/_karma_webpack_/node_modules/zone.js/dist/zone-testing.js:1652:1)
    at ProxyZoneSpec.push../node_modules/zone.js/dist/zone-testing.js.ProxyZoneSpec.onInvoke (http://localhost:9876/_karma_webpack_/node_modules/zone.js/dist/zone-testing.js:289:1)
    at ZoneDelegate../node_modules/zone.js/dist/zone.js.ZoneDelegate.invoke (http://localhost:9876/_karma_webpack_/node_modules/zone.js/dist/zone.js:385:1)
    at Zone../node_modules/zone.js/dist/zone.js.Zone.run (http://localhost:9876/_karma_webpack_/node_modules/zone.js/dist/zone.js:143:1)
    at http://localhost:9876/_karma_webpack_/node_modules/zone.js/dist/zone.js:891:1
    at ZoneDelegate../node_modules/zone.js/dist/zone.js.ZoneDelegate.invokeTask (http://localhost:9876/_karma_webpack_/node_modules/zone.js/dist/zone.js:421:1)
    at ProxyZoneSpec.push../node_modules/zone.js/dist/zone-testing.js.ProxyZoneSpec.onInvokeTask (http://localhost:9876/_karma_webpack_/node_modules/zone.js/dist/zone-testing.js:323:1)
    at ZoneDelegate../node_modules/zone.js/dist/zone.js.ZoneDelegate.invokeTask (http://localhost:9876/_karma_webpack_/node_modules/zone.js/dist/zone.js:420:1)
    at resolvePromise (http://localhost:9876/_karma_webpack_/node_modules/zone.js/dist/zone.js:832:1)
    at http://localhost:9876/_karma_webpack_/node_modules/zone.js/dist/zone.js:898:1
    at ZoneDelegate../node_modules/zone.js/dist/zone.js.ZoneDelegate.invokeTask (http://localhost:9876/_karma_webpack_/node_modules/zone.js/dist/zone.js:421:1)
    at ProxyZoneSpec.push../node_modules/zone.js/dist/zone-testing.js.ProxyZoneSpec.onInvokeTask (http://localhost:9876/_karma_webpack_/node_modules/zone.js/dist/zone-testing.js:323:1)
    at ZoneDelegate../node_modules/zone.js/dist/zone.js.ZoneDelegate.invokeTask (http://localhost:9876/_karma_webpack_/node_modules/zone.js/dist/zone.js:420:1)
    at Zone../node_modules/zone.js/dist/zone.js.Zone.runTask (http://localhost:9876/_karma_webpack_/node_modules/zone.js/dist/zone.js:188:1)
    at ./node_modules/zone.js/dist/zone.js.ZoneTask.invokeTask (http://localhost:9876/_karma_webpack_/node_modules/zone.js/dist/zone.js:503:1)
    at ZoneTask.invoke (http://localhost:9876/_karma_webpack_/node_modules/zone.js/dist/zone.js:492:1)
    at FakeAsyncTestZoneSpec.push../node_modules/zone.js/dist/zone-testing.js.FakeAsyncTestZoneSpec.flushMicrotasks (http://localhost:9876/_karma_webpack_/node_modules/zone.js/dist/zone-testing.js:1546:1)
    at flushMicrotasks (http://localhost:9876/_karma_webpack_/node_modules/zone.js/dist/zone-testing.js:1821:37)
</failure>
  </testcase>
  <testcase name="HeaderComponent should get logged user details" time="0.065" classname=".HeaderComponent"/>
  <testcase name="HeaderComponent should get profile details by default" time="0.019" classname=".HeaderComponent"/>
  <testcase name="HeaderComponent should get logged user id by default" time="0.533" classname=".HeaderComponent"/>
  <testcase name="HeaderComponent should create" time="0.012" classname=".HeaderComponent"/>
  <testcase name="AllPatientsListComponent should call view method with the id of selected patient : case 2" time="0.029" classname=".AllPatientsListComponent"/>
  <testcase name="AllPatientsListComponent should call view method with the id of selected patient : case 1" time="0.014" classname=".AllPatientsListComponent"/>
  <testcase name="AllPatientsListComponent should call view method with the id of selected patient" time="0.01" classname=".AllPatientsListComponent"/>
  <testcase name="AllPatientsListComponent should create" time="0.007" classname=".AllPatientsListComponent"/>
  <testcase name="AllPatientsListComponent should call getAllPatientsList method when page loads " time="0.008" classname=".AllPatientsListComponent"/>
  <testcase name="FormComponent should display no mobile number validation error when the field has kept as null(dirty)" time="0.084" classname=".FormComponent">
    <failure type="">Error: Expected true to be falsy.
    at &lt;Jasmine&gt;
    at http://localhost:9876/_karma_webpack_/src/app/component/form/form.component.spec.ts:482:43
    at ZoneDelegate../node_modules/zone.js/dist/zone.js.ZoneDelegate.invoke (http://localhost:9876/_karma_webpack_/node_modules/zone.js/dist/zone.js:386:1)
    at FakeAsyncTestZoneSpec.push../node_modules/zone.js/dist/zone-testing.js.FakeAsyncTestZoneSpec.onInvoke (http://localhost:9876/_karma_webpack_/node_modules/zone.js/dist/zone-testing.js:1652:1)
</failure>
    <failure type="">Error: Expected true to be falsy.
    at &lt;Jasmine&gt;
    at http://localhost:9876/_karma_webpack_/src/app/component/form/form.component.spec.ts:488:32
    at ZoneDelegate../node_modules/zone.js/dist/zone.js.ZoneDelegate.invoke (http://localhost:9876/_karma_webpack_/node_modules/zone.js/dist/zone.js:386:1)
    at FakeAsyncTestZoneSpec.push../node_modules/zone.js/dist/zone-testing.js.FakeAsyncTestZoneSpec.onInvoke (http://localhost:9876/_karma_webpack_/node_modules/zone.js/dist/zone-testing.js:1652:1)
</failure>
    <failure type="">Error: Expected &lt;div _ngcontent-a-c58 id="error-number-mobile" class="alert alert-danger error-msg"&gt;...&lt;/div&gt; to be falsy.
    at &lt;Jasmine&gt;
    at http://localhost:9876/_karma_webpack_/src/app/component/form/form.component.spec.ts:490:38
    at ZoneDelegate../node_modules/zone.js/dist/zone.js.ZoneDelegate.invoke (http://localhost:9876/_karma_webpack_/node_modules/zone.js/dist/zone.js:386:1)
    at FakeAsyncTestZoneSpec.push../node_modules/zone.js/dist/zone-testing.js.FakeAsyncTestZoneSpec.onInvoke (http://localhost:9876/_karma_webpack_/node_modules/zone.js/dist/zone-testing.js:1652:1)
</failure>
    <failure type="">Error: Expected &lt;div _ngcontent-a-c58 id="error-maxlength-mobile" class="alert alert-danger error-msg"&gt;...&lt;/div&gt; to be falsy.
    at &lt;Jasmine&gt;
    at http://localhost:9876/_karma_webpack_/src/app/component/form/form.component.spec.ts:491:41
    at ZoneDelegate../node_modules/zone.js/dist/zone.js.ZoneDelegate.invoke (http://localhost:9876/_karma_webpack_/node_modules/zone.js/dist/zone.js:386:1)
    at FakeAsyncTestZoneSpec.push../node_modules/zone.js/dist/zone-testing.js.FakeAsyncTestZoneSpec.onInvoke (http://localhost:9876/_karma_webpack_/node_modules/zone.js/dist/zone-testing.js:1652:1)
</failure>
  </testcase>
  <testcase name="FormComponent gender validation gets pass when clicking male radio button" time="0.016" classname=".FormComponent">
    <failure type="">Error: Expected &lt;div _ngcontent-a-c58 id="error-no-gender" class="alert alert-danger error-msg"&gt;...&lt;/div&gt; to be falsy.
    at &lt;Jasmine&gt;
    at http://localhost:9876/_karma_webpack_/src/app/component/form/form.component.spec.ts:397:34
    at ZoneDelegate../node_modules/zone.js/dist/zone.js.ZoneDelegate.invoke (http://localhost:9876/_karma_webpack_/node_modules/zone.js/dist/zone.js:386:1)
    at FakeAsyncTestZoneSpec.push../node_modules/zone.js/dist/zone-testing.js.FakeAsyncTestZoneSpec.onInvoke (http://localhost:9876/_karma_webpack_/node_modules/zone.js/dist/zone-testing.js:1652:1)
</failure>
  </testcase>
  <testcase name="FormComponent All validation errors should be hidden and form should be invalid by default" time="0.031" classname=".FormComponent">
    <failure type="">Error: Expected true to be falsy.
    at &lt;Jasmine&gt;
    at http://localhost:9876/_karma_webpack_/src/app/component/form/form.component.spec.ts:234:43
    at ZoneDelegate../node_modules/zone.js/dist/zone.js.ZoneDelegate.invoke (http://localhost:9876/_karma_webpack_/node_modules/zone.js/dist/zone.js:386:1)
    at FakeAsyncTestZoneSpec.push../node_modules/zone.js/dist/zone-testing.js.FakeAsyncTestZoneSpec.onInvoke (http://localhost:9876/_karma_webpack_/node_modules/zone.js/dist/zone-testing.js:1652:1)
</failure>
    <failure type="">Error: Expected &lt;div _ngcontent-a-c58 id="error-no-firstname" class="alert alert-danger error-msg"&gt;...&lt;/div&gt; to be falsy.
    at &lt;Jasmine&gt;
    at http://localhost:9876/_karma_webpack_/src/app/component/form/form.component.spec.ts:236:37
    at ZoneDelegate../node_modules/zone.js/dist/zone.js.ZoneDelegate.invoke (http://localhost:9876/_karma_webpack_/node_modules/zone.js/dist/zone.js:386:1)
    at FakeAsyncTestZoneSpec.push../node_modules/zone.js/dist/zone-testing.js.FakeAsyncTestZoneSpec.onInvoke (http://localhost:9876/_karma_webpack_/node_modules/zone.js/dist/zone-testing.js:1652:1)
</failure>
    <failure type="">Error: Expected &lt;div _ngcontent-a-c58 id="error-minlength-firstname" class="alert alert-danger error-msg"&gt;...&lt;/div&gt; to be falsy.
    at &lt;Jasmine&gt;
    at http://localhost:9876/_karma_webpack_/src/app/component/form/form.component.spec.ts:237:44
    at ZoneDelegate../node_modules/zone.js/dist/zone.js.ZoneDelegate.invoke (http://localhost:9876/_karma_webpack_/node_modules/zone.js/dist/zone.js:386:1)
    at FakeAsyncTestZoneSpec.push../node_modules/zone.js/dist/zone-testing.js.FakeAsyncTestZoneSpec.onInvoke (http://localhost:9876/_karma_webpack_/node_modules/zone.js/dist/zone-testing.js:1652:1)
</failure>
    <failure type="">Error: Expected &lt;div _ngcontent-a-c58 id="error-maxlength-firstname" class="alert alert-danger error-msg"&gt;...&lt;/div&gt; to be falsy.
    at &lt;Jasmine&gt;
    at http://localhost:9876/_karma_webpack_/src/app/component/form/form.component.spec.ts:238:44
    at ZoneDelegate../node_modules/zone.js/dist/zone.js.ZoneDelegate.invoke (http://localhost:9876/_karma_webpack_/node_modules/zone.js/dist/zone.js:386:1)
    at FakeAsyncTestZoneSpec.push../node_modules/zone.js/dist/zone-testing.js.FakeAsyncTestZoneSpec.onInvoke (http://localhost:9876/_karma_webpack_/node_modules/zone.js/dist/zone-testing.js:1652:1)
</failure>
    <failure type="">Error: Expected &lt;div _ngcontent-a-c58 id="error-no-lastname" class="alert alert-danger error-msg"&gt;...&lt;/div&gt; to be falsy.
    at &lt;Jasmine&gt;
    at http://localhost:9876/_karma_webpack_/src/app/component/form/form.component.spec.ts:240:36
    at ZoneDelegate../node_modules/zone.js/dist/zone.js.ZoneDelegate.invoke (http://localhost:9876/_karma_webpack_/node_modules/zone.js/dist/zone.js:386:1)
    at FakeAsyncTestZoneSpec.push../node_modules/zone.js/dist/zone-testing.js.FakeAsyncTestZoneSpec.onInvoke (http://localhost:9876/_karma_webpack_/node_modules/zone.js/dist/zone-testing.js:1652:1)
</failure>
    <failure type="">Error: Expected &lt;div _ngcontent-a-c58 id="error-minlength-lastname" class="alert alert-danger error-msg"&gt;...&lt;/div&gt; to be falsy.
    at &lt;Jasmine&gt;
    at http://localhost:9876/_karma_webpack_/src/app/component/form/form.component.spec.ts:241:43
    at ZoneDelegate../node_modules/zone.js/dist/zone.js.ZoneDelegate.invoke (http://localhost:9876/_karma_webpack_/node_modules/zone.js/dist/zone.js:386:1)
    at FakeAsyncTestZoneSpec.push../node_modules/zone.js/dist/zone-testing.js.FakeAsyncTestZoneSpec.onInvoke (http://localhost:9876/_karma_webpack_/node_modules/zone.js/dist/zone-testing.js:1652:1)
</failure>
    <failure type="">Error: Expected &lt;div _ngcontent-a-c58 id="error-maxlength-mobile" class="alert alert-danger error-msg"&gt;...&lt;/div&gt; to be falsy.
    at &lt;Jasmine&gt;
    at http://localhost:9876/_karma_webpack_/src/app/component/form/form.component.spec.ts:242:41
    at ZoneDelegate../node_modules/zone.js/dist/zone.js.ZoneDelegate.invoke (http://localhost:9876/_karma_webpack_/node_modules/zone.js/dist/zone.js:386:1)
    at FakeAsyncTestZoneSpec.push../node_modules/zone.js/dist/zone-testing.js.FakeAsyncTestZoneSpec.onInvoke (http://localhost:9876/_karma_webpack_/node_modules/zone.js/dist/zone-testing.js:1652:1)
</failure>
    <failure type="">Error: Expected &lt;div _ngcontent-a-c58 id="error-no-gender" class="alert alert-danger error-msg"&gt;...&lt;/div&gt; to be falsy.
    at &lt;Jasmine&gt;
    at http://localhost:9876/_karma_webpack_/src/app/component/form/form.component.spec.ts:244:34
    at ZoneDelegate../node_modules/zone.js/dist/zone.js.ZoneDelegate.invoke (http://localhost:9876/_karma_webpack_/node_modules/zone.js/dist/zone.js:386:1)
    at FakeAsyncTestZoneSpec.push../node_modules/zone.js/dist/zone-testing.js.FakeAsyncTestZoneSpec.onInvoke (http://localhost:9876/_karma_webpack_/node_modules/zone.js/dist/zone-testing.js:1652:1)
</failure>
    <failure type="">Error: Expected &lt;div _ngcontent-a-c58 id="error-no-dob" class="alert alert-danger error-msg"&gt;...&lt;/div&gt; to be falsy.
    at &lt;Jasmine&gt;
    at http://localhost:9876/_karma_webpack_/src/app/component/form/form.component.spec.ts:245:31
    at ZoneDelegate../node_modules/zone.js/dist/zone.js.ZoneDelegate.invoke (http://localhost:9876/_karma_webpack_/node_modules/zone.js/dist/zone.js:386:1)
    at FakeAsyncTestZoneSpec.push../node_modules/zone.js/dist/zone-testing.js.FakeAsyncTestZoneSpec.onInvoke (http://localhost:9876/_karma_webpack_/node_modules/zone.js/dist/zone-testing.js:1652:1)
</failure>
    <failure type="">Error: Expected &lt;div _ngcontent-a-c58 id="error-no-mobile" class="alert alert-danger error-msg"&gt;...&lt;/div&gt; to be falsy.
    at &lt;Jasmine&gt;
    at http://localhost:9876/_karma_webpack_/src/app/component/form/form.component.spec.ts:247:34
    at ZoneDelegate../node_modules/zone.js/dist/zone.js.ZoneDelegate.invoke (http://localhost:9876/_karma_webpack_/node_modules/zone.js/dist/zone.js:386:1)
    at FakeAsyncTestZoneSpec.push../node_modules/zone.js/dist/zone-testing.js.FakeAsyncTestZoneSpec.onInvoke (http://localhost:9876/_karma_webpack_/node_modules/zone.js/dist/zone-testing.js:1652:1)
</failure>
    <failure type="">Error: Expected &lt;div _ngcontent-a-c58 id="error-number-mobile" class="alert alert-danger error-msg"&gt;...&lt;/div&gt; to be falsy.
    at &lt;Jasmine&gt;
    at http://localhost:9876/_karma_webpack_/src/app/component/form/form.component.spec.ts:248:38
    at ZoneDelegate../node_modules/zone.js/dist/zone.js.ZoneDelegate.invoke (http://localhost:9876/_karma_webpack_/node_modules/zone.js/dist/zone.js:386:1)
    at FakeAsyncTestZoneSpec.push../node_modules/zone.js/dist/zone-testing.js.FakeAsyncTestZoneSpec.onInvoke (http://localhost:9876/_karma_webpack_/node_modules/zone.js/dist/zone-testing.js:1652:1)
</failure>
    <failure type="">Error: Expected &lt;div _ngcontent-a-c58 id="error-pattern-email" class="alert alert-danger error-msg"&gt;...&lt;/div&gt; to be falsy.
    at &lt;Jasmine&gt;
    at http://localhost:9876/_karma_webpack_/src/app/component/form/form.component.spec.ts:251:38
    at ZoneDelegate../node_modules/zone.js/dist/zone.js.ZoneDelegate.invoke (http://localhost:9876/_karma_webpack_/node_modules/zone.js/dist/zone.js:386:1)
    at FakeAsyncTestZoneSpec.push../node_modules/zone.js/dist/zone-testing.js.FakeAsyncTestZoneSpec.onInvoke (http://localhost:9876/_karma_webpack_/node_modules/zone.js/dist/zone-testing.js:1652:1)
</failure>
  </testcase>
  <testcase name="FormComponent should display mobile number pattern validation error when the field has value" time="0.018" classname=".FormComponent">
    <failure type="">Error: Expected true to be falsy.
    at &lt;Jasmine&gt;
    at http://localhost:9876/_karma_webpack_/src/app/component/form/form.component.spec.ts:502:43
    at ZoneDelegate../node_modules/zone.js/dist/zone.js.ZoneDelegate.invoke (http://localhost:9876/_karma_webpack_/node_modules/zone.js/dist/zone.js:386:1)
    at FakeAsyncTestZoneSpec.push../node_modules/zone.js/dist/zone-testing.js.FakeAsyncTestZoneSpec.onInvoke (http://localhost:9876/_karma_webpack_/node_modules/zone.js/dist/zone-testing.js:1652:1)
</failure>
    <failure type="">Error: Expected true to be falsy.
    at &lt;Jasmine&gt;
    at http://localhost:9876/_karma_webpack_/src/app/component/form/form.component.spec.ts:508:32
    at ZoneDelegate../node_modules/zone.js/dist/zone.js.ZoneDelegate.invoke (http://localhost:9876/_karma_webpack_/node_modules/zone.js/dist/zone.js:386:1)
    at FakeAsyncTestZoneSpec.push../node_modules/zone.js/dist/zone-testing.js.FakeAsyncTestZoneSpec.onInvoke (http://localhost:9876/_karma_webpack_/node_modules/zone.js/dist/zone-testing.js:1652:1)
</failure>
    <failure type="">Error: Expected &lt;div _ngcontent-a-c58 id="error-no-mobile" class="alert alert-danger error-msg"&gt;...&lt;/div&gt; to be falsy.
    at &lt;Jasmine&gt;
    at http://localhost:9876/_karma_webpack_/src/app/component/form/form.component.spec.ts:509:34
    at ZoneDelegate../node_modules/zone.js/dist/zone.js.ZoneDelegate.invoke (http://localhost:9876/_karma_webpack_/node_modules/zone.js/dist/zone.js:386:1)
    at FakeAsyncTestZoneSpec.push../node_modules/zone.js/dist/zone-testing.js.FakeAsyncTestZoneSpec.onInvoke (http://localhost:9876/_karma_webpack_/node_modules/zone.js/dist/zone-testing.js:1652:1)
</failure>
    <failure type="">Error: Expected &lt;div _ngcontent-a-c58 id="error-maxlength-mobile" class="alert alert-danger error-msg"&gt;...&lt;/div&gt; to be falsy.
    at &lt;Jasmine&gt;
    at http://localhost:9876/_karma_webpack_/src/app/component/form/form.component.spec.ts:511:41
    at ZoneDelegate../node_modules/zone.js/dist/zone.js.ZoneDelegate.invoke (http://localhost:9876/_karma_webpack_/node_modules/zone.js/dist/zone.js:386:1)
    at FakeAsyncTestZoneSpec.push../node_modules/zone.js/dist/zone-testing.js.FakeAsyncTestZoneSpec.onInvoke (http://localhost:9876/_karma_webpack_/node_modules/zone.js/dist/zone-testing.js:1652:1)
</failure>
  </testcase>
  <testcase name="FormComponent should display no firstname validation error when the field kept as null(dirty)" time="0.022" classname=".FormComponent">
    <failure type="">Error: Expected true to be falsy.
    at &lt;Jasmine&gt;
    at http://localhost:9876/_karma_webpack_/src/app/component/form/form.component.spec.ts:261:43
    at ZoneDelegate../node_modules/zone.js/dist/zone.js.ZoneDelegate.invoke (http://localhost:9876/_karma_webpack_/node_modules/zone.js/dist/zone.js:386:1)
    at FakeAsyncTestZoneSpec.push../node_modules/zone.js/dist/zone-testing.js.FakeAsyncTestZoneSpec.onInvoke (http://localhost:9876/_karma_webpack_/node_modules/zone.js/dist/zone-testing.js:1652:1)
</failure>
    <failure type="">Error: Expected true to be falsy.
    at &lt;Jasmine&gt;
    at http://localhost:9876/_karma_webpack_/src/app/component/form/form.component.spec.ts:267:35
    at ZoneDelegate../node_modules/zone.js/dist/zone.js.ZoneDelegate.invoke (http://localhost:9876/_karma_webpack_/node_modules/zone.js/dist/zone.js:386:1)
    at FakeAsyncTestZoneSpec.push../node_modules/zone.js/dist/zone-testing.js.FakeAsyncTestZoneSpec.onInvoke (http://localhost:9876/_karma_webpack_/node_modules/zone.js/dist/zone-testing.js:1652:1)
</failure>
    <failure type="">Error: Expected &lt;div _ngcontent-a-c58 id="error-minlength-firstname" class="alert alert-danger error-msg"&gt;...&lt;/div&gt; to be falsy.
    at &lt;Jasmine&gt;
    at http://localhost:9876/_karma_webpack_/src/app/component/form/form.component.spec.ts:269:44
    at ZoneDelegate../node_modules/zone.js/dist/zone.js.ZoneDelegate.invoke (http://localhost:9876/_karma_webpack_/node_modules/zone.js/dist/zone.js:386:1)
    at FakeAsyncTestZoneSpec.push../node_modules/zone.js/dist/zone-testing.js.FakeAsyncTestZoneSpec.onInvoke (http://localhost:9876/_karma_webpack_/node_modules/zone.js/dist/zone-testing.js:1652:1)
</failure>
    <failure type="">Error: Expected &lt;div _ngcontent-a-c58 id="error-maxlength-firstname" class="alert alert-danger error-msg"&gt;...&lt;/div&gt; to be falsy.
    at &lt;Jasmine&gt;
    at http://localhost:9876/_karma_webpack_/src/app/component/form/form.component.spec.ts:270:44
    at ZoneDelegate../node_modules/zone.js/dist/zone.js.ZoneDelegate.invoke (http://localhost:9876/_karma_webpack_/node_modules/zone.js/dist/zone.js:386:1)
    at FakeAsyncTestZoneSpec.push../node_modules/zone.js/dist/zone-testing.js.FakeAsyncTestZoneSpec.onInvoke (http://localhost:9876/_karma_webpack_/node_modules/zone.js/dist/zone-testing.js:1652:1)
</failure>
  </testcase>
  <testcase name="FormComponent mobile field validity" time="0.028" classname=".FormComponent">
    <failure type="">Error: Expected true to be falsy.
    at &lt;Jasmine&gt;
    at UserContext.&lt;anonymous&gt; (http://localhost:9876/_karma_webpack_/src/app/component/form/form.component.spec.ts:449:30)
    at ZoneDelegate../node_modules/zone.js/dist/zone.js.ZoneDelegate.invoke (http://localhost:9876/_karma_webpack_/node_modules/zone.js/dist/zone.js:386:1)
    at ProxyZoneSpec.push../node_modules/zone.js/dist/zone-testing.js.ProxyZoneSpec.onInvoke (http://localhost:9876/_karma_webpack_/node_modules/zone.js/dist/zone-testing.js:292:1)
</failure>
    <failure type="">Error: Expected undefined to be truthy.
    at &lt;Jasmine&gt;
    at UserContext.&lt;anonymous&gt; (http://localhost:9876/_karma_webpack_/src/app/component/form/form.component.spec.ts:452:32)
    at ZoneDelegate../node_modules/zone.js/dist/zone.js.ZoneDelegate.invoke (http://localhost:9876/_karma_webpack_/node_modules/zone.js/dist/zone.js:386:1)
    at ProxyZoneSpec.push../node_modules/zone.js/dist/zone-testing.js.ProxyZoneSpec.onInvoke (http://localhost:9876/_karma_webpack_/node_modules/zone.js/dist/zone-testing.js:292:1)
</failure>
    <failure type="">Error: Expected undefined to be truthy.
    at &lt;Jasmine&gt;
    at UserContext.&lt;anonymous&gt; (http://localhost:9876/_karma_webpack_/src/app/component/form/form.component.spec.ts:457:31)
    at ZoneDelegate../node_modules/zone.js/dist/zone.js.ZoneDelegate.invoke (http://localhost:9876/_karma_webpack_/node_modules/zone.js/dist/zone.js:386:1)
    at ProxyZoneSpec.push../node_modules/zone.js/dist/zone-testing.js.ProxyZoneSpec.onInvoke (http://localhost:9876/_karma_webpack_/node_modules/zone.js/dist/zone-testing.js:292:1)
</failure>
    <failure type="">Error: Expected undefined to be truthy.
    at &lt;Jasmine&gt;
    at UserContext.&lt;anonymous&gt; (http://localhost:9876/_karma_webpack_/src/app/component/form/form.component.spec.ts:467:31)
    at ZoneDelegate../node_modules/zone.js/dist/zone.js.ZoneDelegate.invoke (http://localhost:9876/_karma_webpack_/node_modules/zone.js/dist/zone.js:386:1)
    at ProxyZoneSpec.push../node_modules/zone.js/dist/zone-testing.js.ProxyZoneSpec.onInvoke (http://localhost:9876/_karma_webpack_/node_modules/zone.js/dist/zone-testing.js:292:1)
</failure>
  </testcase>
  <testcase name="FormComponent gender field validity" time="0.014" classname=".FormComponent">
    <failure type="">Error: Expected true to be falsy.
    at &lt;Jasmine&gt;
    at UserContext.&lt;anonymous&gt; (http://localhost:9876/_karma_webpack_/src/app/component/form/form.component.spec.ts:378:30)
    at ZoneDelegate../node_modules/zone.js/dist/zone.js.ZoneDelegate.invoke (http://localhost:9876/_karma_webpack_/node_modules/zone.js/dist/zone.js:386:1)
    at ProxyZoneSpec.push../node_modules/zone.js/dist/zone-testing.js.ProxyZoneSpec.onInvoke (http://localhost:9876/_karma_webpack_/node_modules/zone.js/dist/zone-testing.js:292:1)
</failure>
    <failure type="">Error: Expected undefined to be truthy.
    at &lt;Jasmine&gt;
    at UserContext.&lt;anonymous&gt; (http://localhost:9876/_karma_webpack_/src/app/component/form/form.component.spec.ts:381:32)
    at ZoneDelegate../node_modules/zone.js/dist/zone.js.ZoneDelegate.invoke (http://localhost:9876/_karma_webpack_/node_modules/zone.js/dist/zone.js:386:1)
    at ProxyZoneSpec.push../node_modules/zone.js/dist/zone-testing.js.ProxyZoneSpec.onInvoke (http://localhost:9876/_karma_webpack_/node_modules/zone.js/dist/zone-testing.js:292:1)
</failure>
  </testcase>
  <testcase name="FormComponent should create" time="0.017" classname=".FormComponent"/>
  <testcase name="FormComponent should display firstname maximun length validation error when the field has greater than 20 length" time="0.041" classname=".FormComponent">
    <failure type="">Error: Expected true to be falsy.
    at &lt;Jasmine&gt;
    at http://localhost:9876/_karma_webpack_/src/app/component/form/form.component.spec.ts:301:43
    at ZoneDelegate../node_modules/zone.js/dist/zone.js.ZoneDelegate.invoke (http://localhost:9876/_karma_webpack_/node_modules/zone.js/dist/zone.js:386:1)
    at FakeAsyncTestZoneSpec.push../node_modules/zone.js/dist/zone-testing.js.FakeAsyncTestZoneSpec.onInvoke (http://localhost:9876/_karma_webpack_/node_modules/zone.js/dist/zone-testing.js:1652:1)
</failure>
    <failure type="">Error: Expected true to be falsy.
    at &lt;Jasmine&gt;
    at http://localhost:9876/_karma_webpack_/src/app/component/form/form.component.spec.ts:307:35
    at ZoneDelegate../node_modules/zone.js/dist/zone.js.ZoneDelegate.invoke (http://localhost:9876/_karma_webpack_/node_modules/zone.js/dist/zone.js:386:1)
    at FakeAsyncTestZoneSpec.push../node_modules/zone.js/dist/zone-testing.js.FakeAsyncTestZoneSpec.onInvoke (http://localhost:9876/_karma_webpack_/node_modules/zone.js/dist/zone-testing.js:1652:1)
</failure>
    <failure type="">Error: Expected &lt;div _ngcontent-a-c58 id="error-minlength-firstname" class="alert alert-danger error-msg"&gt;...&lt;/div&gt; to be falsy.
    at &lt;Jasmine&gt;
    at http://localhost:9876/_karma_webpack_/src/app/component/form/form.component.spec.ts:308:44
    at ZoneDelegate../node_modules/zone.js/dist/zone.js.ZoneDelegate.invoke (http://localhost:9876/_karma_webpack_/node_modules/zone.js/dist/zone.js:386:1)
    at FakeAsyncTestZoneSpec.push../node_modules/zone.js/dist/zone-testing.js.FakeAsyncTestZoneSpec.onInvoke (http://localhost:9876/_karma_webpack_/node_modules/zone.js/dist/zone-testing.js:1652:1)
</failure>
    <failure type="">Error: Expected &lt;div _ngcontent-a-c58 id="error-no-firstname" class="alert alert-danger error-msg"&gt;...&lt;/div&gt; to be falsy.
    at &lt;Jasmine&gt;
    at http://localhost:9876/_karma_webpack_/src/app/component/form/form.component.spec.ts:309:37
    at ZoneDelegate../node_modules/zone.js/dist/zone.js.ZoneDelegate.invoke (http://localhost:9876/_karma_webpack_/node_modules/zone.js/dist/zone.js:386:1)
    at FakeAsyncTestZoneSpec.push../node_modules/zone.js/dist/zone-testing.js.FakeAsyncTestZoneSpec.onInvoke (http://localhost:9876/_karma_webpack_/node_modules/zone.js/dist/zone-testing.js:1652:1)
</failure>
  </testcase>
  <testcase name="FormComponent should display lastname minimum length validation error when the field has less than 3 length" time="0.619" classname=".FormComponent">
    <failure type="">Error: Expected true to be falsy.
    at &lt;Jasmine&gt;
    at http://localhost:9876/_karma_webpack_/src/app/component/form/form.component.spec.ts:341:43
    at ZoneDelegate../node_modules/zone.js/dist/zone.js.ZoneDelegate.invoke (http://localhost:9876/_karma_webpack_/node_modules/zone.js/dist/zone.js:386:1)
    at FakeAsyncTestZoneSpec.push../node_modules/zone.js/dist/zone-testing.js.FakeAsyncTestZoneSpec.onInvoke (http://localhost:9876/_karma_webpack_/node_modules/zone.js/dist/zone-testing.js:1652:1)
</failure>
    <failure type="">Error: Expected true to be falsy.
    at &lt;Jasmine&gt;
    at http://localhost:9876/_karma_webpack_/src/app/component/form/form.component.spec.ts:347:34
    at ZoneDelegate../node_modules/zone.js/dist/zone.js.ZoneDelegate.invoke (http://localhost:9876/_karma_webpack_/node_modules/zone.js/dist/zone.js:386:1)
    at FakeAsyncTestZoneSpec.push../node_modules/zone.js/dist/zone-testing.js.FakeAsyncTestZoneSpec.onInvoke (http://localhost:9876/_karma_webpack_/node_modules/zone.js/dist/zone-testing.js:1652:1)
</failure>
    <failure type="">Error: Expected &lt;div _ngcontent-a-c58 id="error-no-lastname" class="alert alert-danger error-msg"&gt;...&lt;/div&gt; to be falsy.
    at &lt;Jasmine&gt;
    at http://localhost:9876/_karma_webpack_/src/app/component/form/form.component.spec.ts:350:36
    at ZoneDelegate../node_modules/zone.js/dist/zone.js.ZoneDelegate.invoke (http://localhost:9876/_karma_webpack_/node_modules/zone.js/dist/zone.js:386:1)
    at FakeAsyncTestZoneSpec.push../node_modules/zone.js/dist/zone-testing.js.FakeAsyncTestZoneSpec.onInvoke (http://localhost:9876/_karma_webpack_/node_modules/zone.js/dist/zone-testing.js:1652:1)
</failure>
    <failure type="">Error: Expected &lt;div _ngcontent-a-c58 id="error-maxlength-lastname" class="alert alert-danger error-msg"&gt;...&lt;/div&gt; to be falsy.
    at &lt;Jasmine&gt;
    at http://localhost:9876/_karma_webpack_/src/app/component/form/form.component.spec.ts:351:43
    at ZoneDelegate../node_modules/zone.js/dist/zone.js.ZoneDelegate.invoke (http://localhost:9876/_karma_webpack_/node_modules/zone.js/dist/zone.js:386:1)
    at FakeAsyncTestZoneSpec.push../node_modules/zone.js/dist/zone-testing.js.FakeAsyncTestZoneSpec.onInvoke (http://localhost:9876/_karma_webpack_/node_modules/zone.js/dist/zone-testing.js:1652:1)
</failure>
  </testcase>
  <testcase name="FormComponent should display no email validation error when the field has kept as null(dirty)" time="0.033" classname=".FormComponent">
    <failure type="">Error: Expected true to be falsy.
    at &lt;Jasmine&gt;
    at http://localhost:9876/_karma_webpack_/src/app/component/form/form.component.spec.ts:542:43
    at ZoneDelegate../node_modules/zone.js/dist/zone.js.ZoneDelegate.invoke (http://localhost:9876/_karma_webpack_/node_modules/zone.js/dist/zone.js:386:1)
    at FakeAsyncTestZoneSpec.push../node_modules/zone.js/dist/zone-testing.js.FakeAsyncTestZoneSpec.onInvoke (http://localhost:9876/_karma_webpack_/node_modules/zone.js/dist/zone-testing.js:1652:1)
</failure>
    <failure type="">Error: Expected true to be falsy.
    at &lt;Jasmine&gt;
    at http://localhost:9876/_karma_webpack_/src/app/component/form/form.component.spec.ts:548:31
    at ZoneDelegate../node_modules/zone.js/dist/zone.js.ZoneDelegate.invoke (http://localhost:9876/_karma_webpack_/node_modules/zone.js/dist/zone.js:386:1)
    at FakeAsyncTestZoneSpec.push../node_modules/zone.js/dist/zone-testing.js.FakeAsyncTestZoneSpec.onInvoke (http://localhost:9876/_karma_webpack_/node_modules/zone.js/dist/zone-testing.js:1652:1)
</failure>
    <failure type="">Error: Expected null to be truthy.
    at &lt;Jasmine&gt;
    at http://localhost:9876/_karma_webpack_/src/app/component/form/form.component.spec.ts:549:33
    at ZoneDelegate../node_modules/zone.js/dist/zone.js.ZoneDelegate.invoke (http://localhost:9876/_karma_webpack_/node_modules/zone.js/dist/zone.js:386:1)
    at FakeAsyncTestZoneSpec.push../node_modules/zone.js/dist/zone-testing.js.FakeAsyncTestZoneSpec.onInvoke (http://localhost:9876/_karma_webpack_/node_modules/zone.js/dist/zone-testing.js:1652:1)
</failure>
    <failure type="">Error: Expected &lt;div _ngcontent-a-c58 id="error-pattern-email" class="alert alert-danger error-msg"&gt;...&lt;/div&gt; to be falsy.
    at &lt;Jasmine&gt;
    at http://localhost:9876/_karma_webpack_/src/app/component/form/form.component.spec.ts:550:38
    at ZoneDelegate../node_modules/zone.js/dist/zone.js.ZoneDelegate.invoke (http://localhost:9876/_karma_webpack_/node_modules/zone.js/dist/zone.js:386:1)
    at FakeAsyncTestZoneSpec.push../node_modules/zone.js/dist/zone-testing.js.FakeAsyncTestZoneSpec.onInvoke (http://localhost:9876/_karma_webpack_/node_modules/zone.js/dist/zone-testing.js:1652:1)
</failure>
    <failure type="">Error: Uncaught (in promise): TypeError: Cannot read properties of null (reading 'textContent')
TypeError: Cannot read properties of null (reading 'textContent')
    at http://localhost:9876/_karma_webpack_/src/app/component/form/form.component.spec.ts:552:68
    at ZoneDelegate../node_modules/zone.js/dist/zone.js.ZoneDelegate.invoke (http://localhost:9876/_karma_webpack_/node_modules/zone.js/dist/zone.js:386:1)
    at FakeAsyncTestZoneSpec.push../node_modules/zone.js/dist/zone-testing.js.FakeAsyncTestZoneSpec.onInvoke (http://localhost:9876/_karma_webpack_/node_modules/zone.js/dist/zone-testing.js:1652:1)
    at ProxyZoneSpec.push../node_modules/zone.js/dist/zone-testing.js.ProxyZoneSpec.onInvoke (http://localhost:9876/_karma_webpack_/node_modules/zone.js/dist/zone-testing.js:289:1)
    at ZoneDelegate../node_modules/zone.js/dist/zone.js.ZoneDelegate.invoke (http://localhost:9876/_karma_webpack_/node_modules/zone.js/dist/zone.js:385:1)
    at Zone../node_modules/zone.js/dist/zone.js.Zone.run (http://localhost:9876/_karma_webpack_/node_modules/zone.js/dist/zone.js:143:1)
    at http://localhost:9876/_karma_webpack_/node_modules/zone.js/dist/zone.js:891:1
    at ZoneDelegate../node_modules/zone.js/dist/zone.js.ZoneDelegate.invokeTask (http://localhost:9876/_karma_webpack_/node_modules/zone.js/dist/zone.js:421:1)
    at ProxyZoneSpec.push../node_modules/zone.js/dist/zone-testing.js.ProxyZoneSpec.onInvokeTask (http://localhost:9876/_karma_webpack_/node_modules/zone.js/dist/zone-testing.js:323:1)
    at ZoneDelegate../node_modules/zone.js/dist/zone.js.ZoneDelegate.invokeTask (http://localhost:9876/_karma_webpack_/node_modules/zone.js/dist/zone.js:420:1)
error properties: Object({ rejection: TypeError: Cannot read properties of null (reading 'textContent'), promise: [object Promise], zone: Zone({ _parent: Zone({ _parent: null, _name: '&lt;root&gt;', _properties: Object({  }), _zoneDelegate: ZoneDelegate({ _taskCounts: Object({ microTask: 0, macroTask: 0, eventTask: 0 }), zone: &lt;circular reference: Object&gt;, _parentDelegate: null, _forkZS: null, _forkDlgt: null, _forkCurrZone: null, _interceptZS: null, _interceptDlgt: null, _interceptCurrZone: null, _invokeZS: null, _invokeDlgt: null, _invokeCurrZone: null, _handleErrorZS: null, _handleErrorDlgt: null, _handleErrorCurrZone: null, _scheduleTaskZS: null, _scheduleTaskDlgt: null, _scheduleTaskCurrZone: null, _invokeTaskZS: null, _invokeTaskDlgt: null, _invokeTaskCurrZone: null, _cancelTaskZS: null, _cancelTaskDlgt: null, _cancelTaskCurrZone: null, _hasTaskZS: null, _hasTaskDlgt: null, _hasTaskDlgtOwner: null, _hasTaskCurrZone: null }) }), _name: 'ProxyZone', _properties: Object({ ProxyZoneSpec: ProxyZoneSpec({  ...
Error: Uncaught (in promise): TypeError: Cannot read properties of null (reading 'textContent')
TypeError: Cannot read properties of null (reading 'textContent')
    at http://localhost:9876/_karma_webpack_/src/app/component/form/form.component.spec.ts:552:68
    at ZoneDelegate../node_modules/zone.js/dist/zone.js.ZoneDelegate.invoke (http://localhost:9876/_karma_webpack_/node_modules/zone.js/dist/zone.js:386:1)
    at FakeAsyncTestZoneSpec.push../node_modules/zone.js/dist/zone-testing.js.FakeAsyncTestZoneSpec.onInvoke (http://localhost:9876/_karma_webpack_/node_modules/zone.js/dist/zone-testing.js:1652:1)
    at ProxyZoneSpec.push../node_modules/zone.js/dist/zone-testing.js.ProxyZoneSpec.onInvoke (http://localhost:9876/_karma_webpack_/node_modules/zone.js/dist/zone-testing.js:289:1)
    at ZoneDelegate../node_modules/zone.js/dist/zone.js.ZoneDelegate.invoke (http://localhost:9876/_karma_webpack_/node_modules/zone.js/dist/zone.js:385:1)
    at Zone../node_modules/zone.js/dist/zone.js.Zone.run (http://localhost:9876/_karma_webpack_/node_modules/zone.js/dist/zone.js:143:1)
    at http://localhost:9876/_karma_webpack_/node_modules/zone.js/dist/zone.js:891:1
    at ZoneDelegate../node_modules/zone.js/dist/zone.js.ZoneDelegate.invokeTask (http://localhost:9876/_karma_webpack_/node_modules/zone.js/dist/zone.js:421:1)
    at ProxyZoneSpec.push../node_modules/zone.js/dist/zone-testing.js.ProxyZoneSpec.onInvokeTask (http://localhost:9876/_karma_webpack_/node_modules/zone.js/dist/zone-testing.js:323:1)
    at ZoneDelegate../node_modules/zone.js/dist/zone.js.ZoneDelegate.invokeTask (http://localhost:9876/_karma_webpack_/node_modules/zone.js/dist/zone.js:420:1)
    at resolvePromise (http://localhost:9876/_karma_webpack_/node_modules/zone.js/dist/zone.js:832:1)
    at http://localhost:9876/_karma_webpack_/node_modules/zone.js/dist/zone.js:898:1
    at ZoneDelegate../node_modules/zone.js/dist/zone.js.ZoneDelegate.invokeTask (http://localhost:9876/_karma_webpack_/node_modules/zone.js/dist/zone.js:421:1)
    at ProxyZoneSpec.push../node_modules/zone.js/dist/zone-testing.js.ProxyZoneSpec.onInvokeTask (http://localhost:9876/_karma_webpack_/node_modules/zone.js/dist/zone-testing.js:323:1)
    at ZoneDelegate../node_modules/zone.js/dist/zone.js.ZoneDelegate.invokeTask (http://localhost:9876/_karma_webpack_/node_modules/zone.js/dist/zone.js:420:1)
    at Zone../node_modules/zone.js/dist/zone.js.Zone.runTask (http://localhost:9876/_karma_webpack_/node_modules/zone.js/dist/zone.js:188:1)
    at ./node_modules/zone.js/dist/zone.js.ZoneTask.invokeTask (http://localhost:9876/_karma_webpack_/node_modules/zone.js/dist/zone.js:503:1)
    at ZoneTask.invoke (http://localhost:9876/_karma_webpack_/node_modules/zone.js/dist/zone.js:492:1)
    at FakeAsyncTestZoneSpec.push../node_modules/zone.js/dist/zone-testing.js.FakeAsyncTestZoneSpec.flushMicrotasks (http://localhost:9876/_karma_webpack_/node_modules/zone.js/dist/zone-testing.js:1546:1)
    at flushMicrotasks (http://localhost:9876/_karma_webpack_/node_modules/zone.js/dist/zone-testing.js:1821:37)
</failure>
  </testcase>
  <testcase name="FormComponent Date of birth validation gets pass when the field has valid value" time="0.038" classname=".FormComponent">
    <failure type="">Error: Expected true to be falsy.
    at &lt;Jasmine&gt;
    at http://localhost:9876/_karma_webpack_/src/app/component/form/form.component.spec.ts:437:43
    at ZoneDelegate../node_modules/zone.js/dist/zone.js.ZoneDelegate.invoke (http://localhost:9876/_karma_webpack_/node_modules/zone.js/dist/zone.js:386:1)
    at FakeAsyncTestZoneSpec.push../node_modules/zone.js/dist/zone-testing.js.FakeAsyncTestZoneSpec.onInvoke (http://localhost:9876/_karma_webpack_/node_modules/zone.js/dist/zone-testing.js:1652:1)
</failure>
    <failure type="">Error: Expected &lt;div _ngcontent-a-c58 id="error-no-dob" class="alert alert-danger error-msg"&gt;...&lt;/div&gt; to be falsy.
    at &lt;Jasmine&gt;
    at http://localhost:9876/_karma_webpack_/src/app/component/form/form.component.spec.ts:442:31
    at ZoneDelegate../node_modules/zone.js/dist/zone.js.ZoneDelegate.invoke (http://localhost:9876/_karma_webpack_/node_modules/zone.js/dist/zone.js:386:1)
    at FakeAsyncTestZoneSpec.push../node_modules/zone.js/dist/zone-testing.js.FakeAsyncTestZoneSpec.onInvoke (http://localhost:9876/_karma_webpack_/node_modules/zone.js/dist/zone-testing.js:1652:1)
</failure>
  </testcase>
  <testcase name="FormComponent should display lastname maximun length validation error when the field has greater than 20 length" time="0.054" classname=".FormComponent">
    <failure type="">Error: Expected true to be falsy.
    at &lt;Jasmine&gt;
    at http://localhost:9876/_karma_webpack_/src/app/component/form/form.component.spec.ts:361:43
    at ZoneDelegate../node_modules/zone.js/dist/zone.js.ZoneDelegate.invoke (http://localhost:9876/_karma_webpack_/node_modules/zone.js/dist/zone.js:386:1)
    at FakeAsyncTestZoneSpec.push../node_modules/zone.js/dist/zone-testing.js.FakeAsyncTestZoneSpec.onInvoke (http://localhost:9876/_karma_webpack_/node_modules/zone.js/dist/zone-testing.js:1652:1)
</failure>
    <failure type="">Error: Expected true to be falsy.
    at &lt;Jasmine&gt;
    at http://localhost:9876/_karma_webpack_/src/app/component/form/form.component.spec.ts:367:34
    at ZoneDelegate../node_modules/zone.js/dist/zone.js.ZoneDelegate.invoke (http://localhost:9876/_karma_webpack_/node_modules/zone.js/dist/zone.js:386:1)
    at FakeAsyncTestZoneSpec.push../node_modules/zone.js/dist/zone-testing.js.FakeAsyncTestZoneSpec.onInvoke (http://localhost:9876/_karma_webpack_/node_modules/zone.js/dist/zone-testing.js:1652:1)
</failure>
    <failure type="">Error: Expected &lt;div _ngcontent-a-c58 id="error-minlength-lastname" class="alert alert-danger error-msg"&gt;...&lt;/div&gt; to be falsy.
    at &lt;Jasmine&gt;
    at http://localhost:9876/_karma_webpack_/src/app/component/form/form.component.spec.ts:368:43
    at ZoneDelegate../node_modules/zone.js/dist/zone.js.ZoneDelegate.invoke (http://localhost:9876/_karma_webpack_/node_modules/zone.js/dist/zone.js:386:1)
    at FakeAsyncTestZoneSpec.push../node_modules/zone.js/dist/zone-testing.js.FakeAsyncTestZoneSpec.onInvoke (http://localhost:9876/_karma_webpack_/node_modules/zone.js/dist/zone-testing.js:1652:1)
</failure>
    <failure type="">Error: Expected &lt;div _ngcontent-a-c58 id="error-no-lastname" class="alert alert-danger error-msg"&gt;...&lt;/div&gt; to be falsy.
    at &lt;Jasmine&gt;
    at http://localhost:9876/_karma_webpack_/src/app/component/form/form.component.spec.ts:369:36
    at ZoneDelegate../node_modules/zone.js/dist/zone.js.ZoneDelegate.invoke (http://localhost:9876/_karma_webpack_/node_modules/zone.js/dist/zone.js:386:1)
    at FakeAsyncTestZoneSpec.push../node_modules/zone.js/dist/zone-testing.js.FakeAsyncTestZoneSpec.onInvoke (http://localhost:9876/_karma_webpack_/node_modules/zone.js/dist/zone-testing.js:1652:1)
</failure>
  </testcase>
  <testcase name="FormComponent gender validation gets pass when clicking female radio button" time="0.027" classname=".FormComponent">
    <failure type="">Error: Expected &lt;div _ngcontent-a-c58 id="error-no-gender" class="alert alert-danger error-msg"&gt;...&lt;/div&gt; to be falsy.
    at &lt;Jasmine&gt;
    at http://localhost:9876/_karma_webpack_/src/app/component/form/form.component.spec.ts:411:34
    at ZoneDelegate../node_modules/zone.js/dist/zone.js.ZoneDelegate.invoke (http://localhost:9876/_karma_webpack_/node_modules/zone.js/dist/zone.js:386:1)
    at FakeAsyncTestZoneSpec.push../node_modules/zone.js/dist/zone-testing.js.FakeAsyncTestZoneSpec.onInvoke (http://localhost:9876/_karma_webpack_/node_modules/zone.js/dist/zone-testing.js:1652:1)
</failure>
  </testcase>
  <testcase name="FormComponent should display firstname minimum length validation error when the field has less than 3 length" time="0.022" classname=".FormComponent">
    <failure type="">Error: Expected true to be falsy.
    at &lt;Jasmine&gt;
    at http://localhost:9876/_karma_webpack_/src/app/component/form/form.component.spec.ts:281:43
    at ZoneDelegate../node_modules/zone.js/dist/zone.js.ZoneDelegate.invoke (http://localhost:9876/_karma_webpack_/node_modules/zone.js/dist/zone.js:386:1)
    at FakeAsyncTestZoneSpec.push../node_modules/zone.js/dist/zone-testing.js.FakeAsyncTestZoneSpec.onInvoke (http://localhost:9876/_karma_webpack_/node_modules/zone.js/dist/zone-testing.js:1652:1)
</failure>
    <failure type="">Error: Expected true to be falsy.
    at &lt;Jasmine&gt;
    at http://localhost:9876/_karma_webpack_/src/app/component/form/form.component.spec.ts:287:35
    at ZoneDelegate../node_modules/zone.js/dist/zone.js.ZoneDelegate.invoke (http://localhost:9876/_karma_webpack_/node_modules/zone.js/dist/zone.js:386:1)
    at FakeAsyncTestZoneSpec.push../node_modules/zone.js/dist/zone-testing.js.FakeAsyncTestZoneSpec.onInvoke (http://localhost:9876/_karma_webpack_/node_modules/zone.js/dist/zone-testing.js:1652:1)
</failure>
    <failure type="">Error: Expected &lt;div _ngcontent-a-c58 id="error-no-firstname" class="alert alert-danger error-msg"&gt;...&lt;/div&gt; to be falsy.
    at &lt;Jasmine&gt;
    at http://localhost:9876/_karma_webpack_/src/app/component/form/form.component.spec.ts:290:37
    at ZoneDelegate../node_modules/zone.js/dist/zone.js.ZoneDelegate.invoke (http://localhost:9876/_karma_webpack_/node_modules/zone.js/dist/zone.js:386:1)
    at FakeAsyncTestZoneSpec.push../node_modules/zone.js/dist/zone-testing.js.FakeAsyncTestZoneSpec.onInvoke (http://localhost:9876/_karma_webpack_/node_modules/zone.js/dist/zone-testing.js:1652:1)
</failure>
    <failure type="">Error: Expected &lt;div _ngcontent-a-c58 id="error-maxlength-firstname" class="alert alert-danger error-msg"&gt;...&lt;/div&gt; to be falsy.
    at &lt;Jasmine&gt;
    at http://localhost:9876/_karma_webpack_/src/app/component/form/form.component.spec.ts:291:44
    at ZoneDelegate../node_modules/zone.js/dist/zone.js.ZoneDelegate.invoke (http://localhost:9876/_karma_webpack_/node_modules/zone.js/dist/zone.js:386:1)
    at FakeAsyncTestZoneSpec.push../node_modules/zone.js/dist/zone-testing.js.FakeAsyncTestZoneSpec.onInvoke (http://localhost:9876/_karma_webpack_/node_modules/zone.js/dist/zone-testing.js:1652:1)
</failure>
  </testcase>
  <testcase name="FormComponent should display no lastname validation error when the field kept as null(dirty)" time="0.024" classname=".FormComponent">
    <failure type="">Error: Expected true to be falsy.
    at &lt;Jasmine&gt;
    at http://localhost:9876/_karma_webpack_/src/app/component/form/form.component.spec.ts:321:43
    at ZoneDelegate../node_modules/zone.js/dist/zone.js.ZoneDelegate.invoke (http://localhost:9876/_karma_webpack_/node_modules/zone.js/dist/zone.js:386:1)
    at FakeAsyncTestZoneSpec.push../node_modules/zone.js/dist/zone-testing.js.FakeAsyncTestZoneSpec.onInvoke (http://localhost:9876/_karma_webpack_/node_modules/zone.js/dist/zone-testing.js:1652:1)
</failure>
    <failure type="">Error: Expected true to be falsy.
    at &lt;Jasmine&gt;
    at http://localhost:9876/_karma_webpack_/src/app/component/form/form.component.spec.ts:327:34
    at ZoneDelegate../node_modules/zone.js/dist/zone.js.ZoneDelegate.invoke (http://localhost:9876/_karma_webpack_/node_modules/zone.js/dist/zone.js:386:1)
    at FakeAsyncTestZoneSpec.push../node_modules/zone.js/dist/zone-testing.js.FakeAsyncTestZoneSpec.onInvoke (http://localhost:9876/_karma_webpack_/node_modules/zone.js/dist/zone-testing.js:1652:1)
</failure>
    <failure type="">Error: Expected &lt;div _ngcontent-a-c58 id="error-minlength-lastname" class="alert alert-danger error-msg"&gt;...&lt;/div&gt; to be falsy.
    at &lt;Jasmine&gt;
    at http://localhost:9876/_karma_webpack_/src/app/component/form/form.component.spec.ts:329:43
    at ZoneDelegate../node_modules/zone.js/dist/zone.js.ZoneDelegate.invoke (http://localhost:9876/_karma_webpack_/node_modules/zone.js/dist/zone.js:386:1)
    at FakeAsyncTestZoneSpec.push../node_modules/zone.js/dist/zone-testing.js.FakeAsyncTestZoneSpec.onInvoke (http://localhost:9876/_karma_webpack_/node_modules/zone.js/dist/zone-testing.js:1652:1)
</failure>
    <failure type="">Error: Expected &lt;div _ngcontent-a-c58 id="error-maxlength-lastname" class="alert alert-danger error-msg"&gt;...&lt;/div&gt; to be falsy.
    at &lt;Jasmine&gt;
    at http://localhost:9876/_karma_webpack_/src/app/component/form/form.component.spec.ts:330:43
    at ZoneDelegate../node_modules/zone.js/dist/zone.js.ZoneDelegate.invoke (http://localhost:9876/_karma_webpack_/node_modules/zone.js/dist/zone.js:386:1)
    at FakeAsyncTestZoneSpec.push../node_modules/zone.js/dist/zone-testing.js.FakeAsyncTestZoneSpec.onInvoke (http://localhost:9876/_karma_webpack_/node_modules/zone.js/dist/zone-testing.js:1652:1)
</failure>
  </testcase>
  <testcase name="FormComponent should display mobile maximun length validation error when the field has greater than 10 length" time="0.026" classname=".FormComponent">
    <failure type="">Error: Expected true to be falsy.
    at &lt;Jasmine&gt;
    at http://localhost:9876/_karma_webpack_/src/app/component/form/form.component.spec.ts:522:43
    at ZoneDelegate../node_modules/zone.js/dist/zone.js.ZoneDelegate.invoke (http://localhost:9876/_karma_webpack_/node_modules/zone.js/dist/zone.js:386:1)
    at FakeAsyncTestZoneSpec.push../node_modules/zone.js/dist/zone-testing.js.FakeAsyncTestZoneSpec.onInvoke (http://localhost:9876/_karma_webpack_/node_modules/zone.js/dist/zone-testing.js:1652:1)
</failure>
    <failure type="">Error: Expected true to be falsy.
    at &lt;Jasmine&gt;
    at http://localhost:9876/_karma_webpack_/src/app/component/form/form.component.spec.ts:528:32
    at ZoneDelegate../node_modules/zone.js/dist/zone.js.ZoneDelegate.invoke (http://localhost:9876/_karma_webpack_/node_modules/zone.js/dist/zone.js:386:1)
    at FakeAsyncTestZoneSpec.push../node_modules/zone.js/dist/zone-testing.js.FakeAsyncTestZoneSpec.onInvoke (http://localhost:9876/_karma_webpack_/node_modules/zone.js/dist/zone-testing.js:1652:1)
</failure>
    <failure type="">Error: Expected &lt;div _ngcontent-a-c58 id="error-no-mobile" class="alert alert-danger error-msg"&gt;...&lt;/div&gt; to be falsy.
    at &lt;Jasmine&gt;
    at http://localhost:9876/_karma_webpack_/src/app/component/form/form.component.spec.ts:529:34
    at ZoneDelegate../node_modules/zone.js/dist/zone.js.ZoneDelegate.invoke (http://localhost:9876/_karma_webpack_/node_modules/zone.js/dist/zone.js:386:1)
    at FakeAsyncTestZoneSpec.push../node_modules/zone.js/dist/zone-testing.js.FakeAsyncTestZoneSpec.onInvoke (http://localhost:9876/_karma_webpack_/node_modules/zone.js/dist/zone-testing.js:1652:1)
</failure>
    <failure type="">Error: Expected &lt;div _ngcontent-a-c58 id="error-number-mobile" class="alert alert-danger error-msg"&gt;...&lt;/div&gt; to be falsy.
    at &lt;Jasmine&gt;
    at http://localhost:9876/_karma_webpack_/src/app/component/form/form.component.spec.ts:530:38
    at ZoneDelegate../node_modules/zone.js/dist/zone.js.ZoneDelegate.invoke (http://localhost:9876/_karma_webpack_/node_modules/zone.js/dist/zone.js:386:1)
    at FakeAsyncTestZoneSpec.push../node_modules/zone.js/dist/zone-testing.js.FakeAsyncTestZoneSpec.onInvoke (http://localhost:9876/_karma_webpack_/node_modules/zone.js/dist/zone-testing.js:1652:1)
</failure>
  </testcase>
  <testcase name="FormComponent should display no date of birth validation error when the field kept as null(dirty)" time="0.034" classname=".FormComponent">
    <failure type="">Error: Expected true to be falsy.
    at &lt;Jasmine&gt;
    at http://localhost:9876/_karma_webpack_/src/app/component/form/form.component.spec.ts:421:43
    at ZoneDelegate../node_modules/zone.js/dist/zone.js.ZoneDelegate.invoke (http://localhost:9876/_karma_webpack_/node_modules/zone.js/dist/zone.js:386:1)
    at FakeAsyncTestZoneSpec.push../node_modules/zone.js/dist/zone-testing.js.FakeAsyncTestZoneSpec.onInvoke (http://localhost:9876/_karma_webpack_/node_modules/zone.js/dist/zone-testing.js:1652:1)
</failure>
    <failure type="">Error: Expected true to be falsy.
    at &lt;Jasmine&gt;
    at http://localhost:9876/_karma_webpack_/src/app/component/form/form.component.spec.ts:425:29
    at ZoneDelegate../node_modules/zone.js/dist/zone.js.ZoneDelegate.invoke (http://localhost:9876/_karma_webpack_/node_modules/zone.js/dist/zone.js:386:1)
    at FakeAsyncTestZoneSpec.push../node_modules/zone.js/dist/zone-testing.js.FakeAsyncTestZoneSpec.onInvoke (http://localhost:9876/_karma_webpack_/node_modules/zone.js/dist/zone-testing.js:1652:1)
</failure>
  </testcase>
  <testcase name="FormComponent should call submitform method for valid form" time="0.022" classname=".FormComponent">
    <failure type="">Error: Expected spy submitForm to have been called.
    at &lt;Jasmine&gt;
    at http://localhost:9876/_karma_webpack_/src/app/component/form/form.component.spec.ts:591:36
    at ZoneDelegate../node_modules/zone.js/dist/zone.js.ZoneDelegate.invoke (http://localhost:9876/_karma_webpack_/node_modules/zone.js/dist/zone.js:386:1)
    at FakeAsyncTestZoneSpec.push../node_modules/zone.js/dist/zone-testing.js.FakeAsyncTestZoneSpec.onInvoke (http://localhost:9876/_karma_webpack_/node_modules/zone.js/dist/zone-testing.js:1652:1)
</failure>
  </testcase>
  <testcase name="FormComponent should display  email pattern validation error when the field has no value" time="0.047" classname=".FormComponent">
    <failure type="">Error: Expected true to be falsy.
    at &lt;Jasmine&gt;
    at http://localhost:9876/_karma_webpack_/src/app/component/form/form.component.spec.ts:562:43
    at ZoneDelegate../node_modules/zone.js/dist/zone.js.ZoneDelegate.invoke (http://localhost:9876/_karma_webpack_/node_modules/zone.js/dist/zone.js:386:1)
    at FakeAsyncTestZoneSpec.push../node_modules/zone.js/dist/zone-testing.js.FakeAsyncTestZoneSpec.onInvoke (http://localhost:9876/_karma_webpack_/node_modules/zone.js/dist/zone-testing.js:1652:1)
</failure>
    <failure type="">Error: Expected true to be falsy.
    at &lt;Jasmine&gt;
    at http://localhost:9876/_karma_webpack_/src/app/component/form/form.component.spec.ts:568:31
    at ZoneDelegate../node_modules/zone.js/dist/zone.js.ZoneDelegate.invoke (http://localhost:9876/_karma_webpack_/node_modules/zone.js/dist/zone.js:386:1)
    at FakeAsyncTestZoneSpec.push../node_modules/zone.js/dist/zone-testing.js.FakeAsyncTestZoneSpec.onInvoke (http://localhost:9876/_karma_webpack_/node_modules/zone.js/dist/zone-testing.js:1652:1)
</failure>
  </testcase>
  <testcase name="DataService  should return -1 if user is no logged in or userid in localstorage is invalid" time="0.009" classname=".DataService">
    <failure type="">Error: Expected undefined to be -1.
    at &lt;Jasmine&gt;
    at UserContext.&lt;anonymous&gt; (http://localhost:9876/_karma_webpack_/src/app/services/data.service.spec.ts:181:37)
    at UserContext.&lt;anonymous&gt; (http://localhost:9876/_karma_webpack_/node_modules/zone.js/dist/zone-testing.js:1749:1)
    at ZoneDelegate../node_modules/zone.js/dist/zone.js.ZoneDelegate.invoke (http://localhost:9876/_karma_webpack_/node_modules/zone.js/dist/zone.js:386:1)
</failure>
  </testcase>
  <testcase name="DataService  should return -1 userId from local storage if exists but isLogin is false" time="0.006" classname=".DataService">
    <failure type="">Error: Expected undefined to be -1.
    at &lt;Jasmine&gt;
    at UserContext.&lt;anonymous&gt; (http://localhost:9876/_karma_webpack_/src/app/services/data.service.spec.ts:160:37)
    at UserContext.&lt;anonymous&gt; (http://localhost:9876/_karma_webpack_/node_modules/zone.js/dist/zone-testing.js:1749:1)
    at ZoneDelegate../node_modules/zone.js/dist/zone.js.ZoneDelegate.invoke (http://localhost:9876/_karma_webpack_/node_modules/zone.js/dist/zone.js:386:1)
</failure>
  </testcase>
  <testcase name="DataService #bookAppointment should return error on occurence of error" time="0.011" classname=".DataService">
    <failure type="">TypeError: Cannot read properties of undefined (reading 'subscribe')
    at &lt;Jasmine&gt;
    at UserContext.&lt;anonymous&gt; (http://localhost:9876/_karma_webpack_/src/app/services/data.service.spec.ts:402:48)
    at UserContext.&lt;anonymous&gt; (http://localhost:9876/_karma_webpack_/node_modules/zone.js/dist/zone-testing.js:1749:1)
    at ZoneDelegate../node_modules/zone.js/dist/zone.js.ZoneDelegate.invoke (http://localhost:9876/_karma_webpack_/node_modules/zone.js/dist/zone.js:386:1)
    at ProxyZoneSpec.push../node_modules/zone.js/dist/zone-testing.js.ProxyZoneSpec.onInvoke (http://localhost:9876/_karma_webpack_/node_modules/zone.js/dist/zone-testing.js:292:1)
    at ZoneDelegate../node_modules/zone.js/dist/zone.js.ZoneDelegate.invoke (http://localhost:9876/_karma_webpack_/node_modules/zone.js/dist/zone.js:385:1)
    at Zone../node_modules/zone.js/dist/zone.js.Zone.run (http://localhost:9876/_karma_webpack_/node_modules/zone.js/dist/zone.js:143:1)
    at runInTestZone (http://localhost:9876/_karma_webpack_/node_modules/zone.js/dist/zone-testing.js:545:1)
    at UserContext.&lt;anonymous&gt; (http://localhost:9876/_karma_webpack_/node_modules/zone.js/dist/zone-testing.js:560:1)
    at &lt;Jasmine&gt;
</failure>
  </testcase>
  <testcase name="DataService  should return -1 if user is no logged in or userid in localstorage is invalid" time="0.006" classname=".DataService">
    <failure type="">Error: Expected undefined to be -1.
    at &lt;Jasmine&gt;
    at UserContext.&lt;anonymous&gt; (http://localhost:9876/_karma_webpack_/src/app/services/data.service.spec.ts:174:37)
    at UserContext.&lt;anonymous&gt; (http://localhost:9876/_karma_webpack_/node_modules/zone.js/dist/zone-testing.js:1749:1)
    at ZoneDelegate../node_modules/zone.js/dist/zone.js.ZoneDelegate.invoke (http://localhost:9876/_karma_webpack_/node_modules/zone.js/dist/zone.js:386:1)
</failure>
  </testcase>
  <testcase name="DataService #getUserDetails should return error on providing invalid user id" time="0.008" classname=".DataService">
    <failure type="">TypeError: Cannot read properties of undefined (reading 'subscribe')
    at &lt;Jasmine&gt;
    at UserContext.&lt;anonymous&gt; (http://localhost:9876/_karma_webpack_/src/app/services/data.service.spec.ts:223:34)
    at UserContext.&lt;anonymous&gt; (http://localhost:9876/_karma_webpack_/node_modules/zone.js/dist/zone-testing.js:1749:1)
    at ZoneDelegate../node_modules/zone.js/dist/zone.js.ZoneDelegate.invoke (http://localhost:9876/_karma_webpack_/node_modules/zone.js/dist/zone.js:386:1)
    at ProxyZoneSpec.push../node_modules/zone.js/dist/zone-testing.js.ProxyZoneSpec.onInvoke (http://localhost:9876/_karma_webpack_/node_modules/zone.js/dist/zone-testing.js:292:1)
    at ZoneDelegate../node_modules/zone.js/dist/zone.js.ZoneDelegate.invoke (http://localhost:9876/_karma_webpack_/node_modules/zone.js/dist/zone.js:385:1)
    at Zone../node_modules/zone.js/dist/zone.js.Zone.run (http://localhost:9876/_karma_webpack_/node_modules/zone.js/dist/zone.js:143:1)
    at runInTestZone (http://localhost:9876/_karma_webpack_/node_modules/zone.js/dist/zone-testing.js:545:1)
    at UserContext.&lt;anonymous&gt; (http://localhost:9876/_karma_webpack_/node_modules/zone.js/dist/zone-testing.js:560:1)
    at &lt;Jasmine&gt;
</failure>
  </testcase>
  <testcase name="DataService #getAppointments should return error on occurence of error" time="0.007" classname=".DataService">
    <failure type="">TypeError: Cannot read properties of undefined (reading 'subscribe')
    at &lt;Jasmine&gt;
    at UserContext.&lt;anonymous&gt; (http://localhost:9876/_karma_webpack_/src/app/services/data.service.spec.ts:424:36)
    at UserContext.&lt;anonymous&gt; (http://localhost:9876/_karma_webpack_/node_modules/zone.js/dist/zone-testing.js:1749:1)
    at ZoneDelegate../node_modules/zone.js/dist/zone.js.ZoneDelegate.invoke (http://localhost:9876/_karma_webpack_/node_modules/zone.js/dist/zone.js:386:1)
    at ProxyZoneSpec.push../node_modules/zone.js/dist/zone-testing.js.ProxyZoneSpec.onInvoke (http://localhost:9876/_karma_webpack_/node_modules/zone.js/dist/zone-testing.js:292:1)
    at ZoneDelegate../node_modules/zone.js/dist/zone.js.ZoneDelegate.invoke (http://localhost:9876/_karma_webpack_/node_modules/zone.js/dist/zone.js:385:1)
    at Zone../node_modules/zone.js/dist/zone.js.Zone.run (http://localhost:9876/_karma_webpack_/node_modules/zone.js/dist/zone.js:143:1)
    at runInTestZone (http://localhost:9876/_karma_webpack_/node_modules/zone.js/dist/zone-testing.js:545:1)
    at UserContext.&lt;anonymous&gt; (http://localhost:9876/_karma_webpack_/node_modules/zone.js/dist/zone-testing.js:560:1)
    at &lt;Jasmine&gt;
</failure>
  </testcase>
  <testcase name="DataService #getParticularPatient should return error on occurence of error" time="0.008" classname=".DataService">
    <failure type="">TypeError: Cannot read properties of undefined (reading 'subscribe')
    at &lt;Jasmine&gt;
    at UserContext.&lt;anonymous&gt; (http://localhost:9876/_karma_webpack_/src/app/services/data.service.spec.ts:349:41)
    at UserContext.&lt;anonymous&gt; (http://localhost:9876/_karma_webpack_/node_modules/zone.js/dist/zone-testing.js:1749:1)
    at ZoneDelegate../node_modules/zone.js/dist/zone.js.ZoneDelegate.invoke (http://localhost:9876/_karma_webpack_/node_modules/zone.js/dist/zone.js:386:1)
    at ProxyZoneSpec.push../node_modules/zone.js/dist/zone-testing.js.ProxyZoneSpec.onInvoke (http://localhost:9876/_karma_webpack_/node_modules/zone.js/dist/zone-testing.js:292:1)
    at ZoneDelegate../node_modules/zone.js/dist/zone.js.ZoneDelegate.invoke (http://localhost:9876/_karma_webpack_/node_modules/zone.js/dist/zone.js:385:1)
    at Zone../node_modules/zone.js/dist/zone.js.Zone.run (http://localhost:9876/_karma_webpack_/node_modules/zone.js/dist/zone.js:143:1)
    at runInTestZone (http://localhost:9876/_karma_webpack_/node_modules/zone.js/dist/zone-testing.js:545:1)
    at UserContext.&lt;anonymous&gt; (http://localhost:9876/_karma_webpack_/node_modules/zone.js/dist/zone-testing.js:560:1)
    at &lt;Jasmine&gt;
</failure>
  </testcase>
  <testcase name="DataService #bookAppointment should return appointmentDetails  on reporting with valid user id " time="0.006" classname=".DataService">
    <failure type="">TypeError: Cannot read properties of undefined (reading 'subscribe')
    at &lt;Jasmine&gt;
    at UserContext.&lt;anonymous&gt; (http://localhost:9876/_karma_webpack_/src/app/services/data.service.spec.ts:391:48)
    at UserContext.&lt;anonymous&gt; (http://localhost:9876/_karma_webpack_/node_modules/zone.js/dist/zone-testing.js:1749:1)
    at ZoneDelegate../node_modules/zone.js/dist/zone.js.ZoneDelegate.invoke (http://localhost:9876/_karma_webpack_/node_modules/zone.js/dist/zone.js:386:1)
    at ProxyZoneSpec.push../node_modules/zone.js/dist/zone-testing.js.ProxyZoneSpec.onInvoke (http://localhost:9876/_karma_webpack_/node_modules/zone.js/dist/zone-testing.js:292:1)
    at ZoneDelegate../node_modules/zone.js/dist/zone.js.ZoneDelegate.invoke (http://localhost:9876/_karma_webpack_/node_modules/zone.js/dist/zone.js:385:1)
    at Zone../node_modules/zone.js/dist/zone.js.Zone.run (http://localhost:9876/_karma_webpack_/node_modules/zone.js/dist/zone.js:143:1)
    at runInTestZone (http://localhost:9876/_karma_webpack_/node_modules/zone.js/dist/zone-testing.js:545:1)
    at UserContext.&lt;anonymous&gt; (http://localhost:9876/_karma_webpack_/node_modules/zone.js/dist/zone-testing.js:560:1)
    at &lt;Jasmine&gt;
</failure>
  </testcase>
  <testcase name="DataService  should return false after creation" time="0.007" classname=".DataService">
    <failure type="">TypeError: Cannot read properties of undefined (reading 'subscribe')
    at &lt;Jasmine&gt;
    at UserContext.&lt;anonymous&gt; (http://localhost:9876/_karma_webpack_/src/app/services/data.service.spec.ts:113:32)
    at ZoneDelegate../node_modules/zone.js/dist/zone.js.ZoneDelegate.invoke (http://localhost:9876/_karma_webpack_/node_modules/zone.js/dist/zone.js:386:1)
    at ProxyZoneSpec.push../node_modules/zone.js/dist/zone-testing.js.ProxyZoneSpec.onInvoke (http://localhost:9876/_karma_webpack_/node_modules/zone.js/dist/zone-testing.js:292:1)
    at ZoneDelegate../node_modules/zone.js/dist/zone.js.ZoneDelegate.invoke (http://localhost:9876/_karma_webpack_/node_modules/zone.js/dist/zone.js:385:1)
    at Zone../node_modules/zone.js/dist/zone.js.Zone.run (http://localhost:9876/_karma_webpack_/node_modules/zone.js/dist/zone.js:143:1)
    at runInTestZone (http://localhost:9876/_karma_webpack_/node_modules/zone.js/dist/zone-testing.js:545:1)
    at UserContext.&lt;anonymous&gt; (http://localhost:9876/_karma_webpack_/node_modules/zone.js/dist/zone-testing.js:560:1)
    at &lt;Jasmine&gt;
</failure>
  </testcase>
  <testcase name="DataService #deleteAppointment should return error on occurence of error" time="0.012" classname=".DataService">
    <failure type="">TypeError: Cannot read properties of undefined (reading 'subscribe')
    at &lt;Jasmine&gt;
    at UserContext.&lt;anonymous&gt; (http://localhost:9876/_karma_webpack_/src/app/services/data.service.spec.ts:446:38)
    at UserContext.&lt;anonymous&gt; (http://localhost:9876/_karma_webpack_/node_modules/zone.js/dist/zone-testing.js:1749:1)
    at ZoneDelegate../node_modules/zone.js/dist/zone.js.ZoneDelegate.invoke (http://localhost:9876/_karma_webpack_/node_modules/zone.js/dist/zone.js:386:1)
    at ProxyZoneSpec.push../node_modules/zone.js/dist/zone-testing.js.ProxyZoneSpec.onInvoke (http://localhost:9876/_karma_webpack_/node_modules/zone.js/dist/zone-testing.js:292:1)
    at ZoneDelegate../node_modules/zone.js/dist/zone.js.ZoneDelegate.invoke (http://localhost:9876/_karma_webpack_/node_modules/zone.js/dist/zone.js:385:1)
    at Zone../node_modules/zone.js/dist/zone.js.Zone.run (http://localhost:9876/_karma_webpack_/node_modules/zone.js/dist/zone.js:143:1)
    at runInTestZone (http://localhost:9876/_karma_webpack_/node_modules/zone.js/dist/zone-testing.js:545:1)
    at UserContext.&lt;anonymous&gt; (http://localhost:9876/_karma_webpack_/node_modules/zone.js/dist/zone-testing.js:560:1)
    at &lt;Jasmine&gt;
</failure>
  </testcase>
  <testcase name="DataService #getAllPatientsList should return error on providing invalid user id" time="0.005" classname=".DataService">
    <failure type="">TypeError: Cannot read properties of undefined (reading 'subscribe')
    at &lt;Jasmine&gt;
    at UserContext.&lt;anonymous&gt; (http://localhost:9876/_karma_webpack_/src/app/services/data.service.spec.ts:307:37)
    at UserContext.&lt;anonymous&gt; (http://localhost:9876/_karma_webpack_/node_modules/zone.js/dist/zone-testing.js:1749:1)
    at ZoneDelegate../node_modules/zone.js/dist/zone.js.ZoneDelegate.invoke (http://localhost:9876/_karma_webpack_/node_modules/zone.js/dist/zone.js:386:1)
    at ProxyZoneSpec.push../node_modules/zone.js/dist/zone-testing.js.ProxyZoneSpec.onInvoke (http://localhost:9876/_karma_webpack_/node_modules/zone.js/dist/zone-testing.js:292:1)
    at ZoneDelegate../node_modules/zone.js/dist/zone.js.ZoneDelegate.invoke (http://localhost:9876/_karma_webpack_/node_modules/zone.js/dist/zone.js:385:1)
    at Zone../node_modules/zone.js/dist/zone.js.Zone.run (http://localhost:9876/_karma_webpack_/node_modules/zone.js/dist/zone.js:143:1)
    at runInTestZone (http://localhost:9876/_karma_webpack_/node_modules/zone.js/dist/zone-testing.js:545:1)
    at UserContext.&lt;anonymous&gt; (http://localhost:9876/_karma_webpack_/node_modules/zone.js/dist/zone-testing.js:560:1)
    at &lt;Jasmine&gt;
</failure>
  </testcase>
  <testcase name="DataService #updateProfile should return true on providing valid user details" time="0.005" classname=".DataService">
    <failure type="">TypeError: Cannot read properties of undefined (reading 'subscribe')
    at &lt;Jasmine&gt;
    at UserContext.&lt;anonymous&gt; (http://localhost:9876/_karma_webpack_/src/app/services/data.service.spec.ts:245:36)
    at UserContext.&lt;anonymous&gt; (http://localhost:9876/_karma_webpack_/node_modules/zone.js/dist/zone-testing.js:1749:1)
    at ZoneDelegate../node_modules/zone.js/dist/zone.js.ZoneDelegate.invoke (http://localhost:9876/_karma_webpack_/node_modules/zone.js/dist/zone.js:386:1)
    at ProxyZoneSpec.push../node_modules/zone.js/dist/zone-testing.js.ProxyZoneSpec.onInvoke (http://localhost:9876/_karma_webpack_/node_modules/zone.js/dist/zone-testing.js:292:1)
    at ZoneDelegate../node_modules/zone.js/dist/zone.js.ZoneDelegate.invoke (http://localhost:9876/_karma_webpack_/node_modules/zone.js/dist/zone.js:385:1)
    at Zone../node_modules/zone.js/dist/zone.js.Zone.run (http://localhost:9876/_karma_webpack_/node_modules/zone.js/dist/zone.js:143:1)
    at runInTestZone (http://localhost:9876/_karma_webpack_/node_modules/zone.js/dist/zone-testing.js:545:1)
    at UserContext.&lt;anonymous&gt; (http://localhost:9876/_karma_webpack_/node_modules/zone.js/dist/zone-testing.js:560:1)
    at &lt;Jasmine&gt;
</failure>
  </testcase>
  <testcase name="DataService #getAppointments should return appointment details on providing valid user id" time="0.007" classname=".DataService">
    <failure type="">TypeError: Cannot read properties of undefined (reading 'subscribe')
    at &lt;Jasmine&gt;
    at UserContext.&lt;anonymous&gt; (http://localhost:9876/_karma_webpack_/src/app/services/data.service.spec.ts:413:36)
    at UserContext.&lt;anonymous&gt; (http://localhost:9876/_karma_webpack_/node_modules/zone.js/dist/zone-testing.js:1749:1)
    at ZoneDelegate../node_modules/zone.js/dist/zone.js.ZoneDelegate.invoke (http://localhost:9876/_karma_webpack_/node_modules/zone.js/dist/zone.js:386:1)
    at ProxyZoneSpec.push../node_modules/zone.js/dist/zone-testing.js.ProxyZoneSpec.onInvoke (http://localhost:9876/_karma_webpack_/node_modules/zone.js/dist/zone-testing.js:292:1)
    at ZoneDelegate../node_modules/zone.js/dist/zone.js.ZoneDelegate.invoke (http://localhost:9876/_karma_webpack_/node_modules/zone.js/dist/zone.js:385:1)
    at Zone../node_modules/zone.js/dist/zone.js.Zone.run (http://localhost:9876/_karma_webpack_/node_modules/zone.js/dist/zone.js:143:1)
    at runInTestZone (http://localhost:9876/_karma_webpack_/node_modules/zone.js/dist/zone-testing.js:545:1)
    at UserContext.&lt;anonymous&gt; (http://localhost:9876/_karma_webpack_/node_modules/zone.js/dist/zone-testing.js:560:1)
    at &lt;Jasmine&gt;
</failure>
  </testcase>
  <testcase name="DataService #getAllPatientsList should return error on occurence of error" time="0.006" classname=".DataService">
    <failure type="">TypeError: Cannot read properties of undefined (reading 'subscribe')
    at &lt;Jasmine&gt;
    at UserContext.&lt;anonymous&gt; (http://localhost:9876/_karma_webpack_/src/app/services/data.service.spec.ts:318:37)
    at UserContext.&lt;anonymous&gt; (http://localhost:9876/_karma_webpack_/node_modules/zone.js/dist/zone-testing.js:1749:1)
    at ZoneDelegate../node_modules/zone.js/dist/zone.js.ZoneDelegate.invoke (http://localhost:9876/_karma_webpack_/node_modules/zone.js/dist/zone.js:386:1)
    at ProxyZoneSpec.push../node_modules/zone.js/dist/zone-testing.js.ProxyZoneSpec.onInvoke (http://localhost:9876/_karma_webpack_/node_modules/zone.js/dist/zone-testing.js:292:1)
    at ZoneDelegate../node_modules/zone.js/dist/zone.js.ZoneDelegate.invoke (http://localhost:9876/_karma_webpack_/node_modules/zone.js/dist/zone.js:385:1)
    at Zone../node_modules/zone.js/dist/zone.js.Zone.run (http://localhost:9876/_karma_webpack_/node_modules/zone.js/dist/zone.js:143:1)
    at runInTestZone (http://localhost:9876/_karma_webpack_/node_modules/zone.js/dist/zone-testing.js:545:1)
    at UserContext.&lt;anonymous&gt; (http://localhost:9876/_karma_webpack_/node_modules/zone.js/dist/zone-testing.js:560:1)
    at &lt;Jasmine&gt;
</failure>
  </testcase>
  <testcase name="DataService #getUserDetails should return user details on providing valid user id" time="0.008" classname=".DataService">
    <failure type="">TypeError: Cannot read properties of undefined (reading 'subscribe')
    at &lt;Jasmine&gt;
    at UserContext.&lt;anonymous&gt; (http://localhost:9876/_karma_webpack_/src/app/services/data.service.spec.ts:214:34)
    at UserContext.&lt;anonymous&gt; (http://localhost:9876/_karma_webpack_/node_modules/zone.js/dist/zone-testing.js:1749:1)
    at ZoneDelegate../node_modules/zone.js/dist/zone.js.ZoneDelegate.invoke (http://localhost:9876/_karma_webpack_/node_modules/zone.js/dist/zone.js:386:1)
    at ProxyZoneSpec.push../node_modules/zone.js/dist/zone-testing.js.ProxyZoneSpec.onInvoke (http://localhost:9876/_karma_webpack_/node_modules/zone.js/dist/zone-testing.js:292:1)
    at ZoneDelegate../node_modules/zone.js/dist/zone.js.ZoneDelegate.invoke (http://localhost:9876/_karma_webpack_/node_modules/zone.js/dist/zone.js:385:1)
    at Zone../node_modules/zone.js/dist/zone.js.Zone.run (http://localhost:9876/_karma_webpack_/node_modules/zone.js/dist/zone.js:143:1)
    at runInTestZone (http://localhost:9876/_karma_webpack_/node_modules/zone.js/dist/zone-testing.js:545:1)
    at UserContext.&lt;anonymous&gt; (http://localhost:9876/_karma_webpack_/node_modules/zone.js/dist/zone-testing.js:560:1)
    at &lt;Jasmine&gt;
</failure>
  </testcase>
  <testcase name="DataService #getParticularPatient should return patient details on providing valid user id" time="0.005" classname=".DataService">
    <failure type="">TypeError: Cannot read properties of undefined (reading 'subscribe')
    at &lt;Jasmine&gt;
    at UserContext.&lt;anonymous&gt; (http://localhost:9876/_karma_webpack_/src/app/services/data.service.spec.ts:329:41)
    at UserContext.&lt;anonymous&gt; (http://localhost:9876/_karma_webpack_/node_modules/zone.js/dist/zone-testing.js:1749:1)
    at ZoneDelegate../node_modules/zone.js/dist/zone.js.ZoneDelegate.invoke (http://localhost:9876/_karma_webpack_/node_modules/zone.js/dist/zone.js:386:1)
    at ProxyZoneSpec.push../node_modules/zone.js/dist/zone-testing.js.ProxyZoneSpec.onInvoke (http://localhost:9876/_karma_webpack_/node_modules/zone.js/dist/zone-testing.js:292:1)
    at ZoneDelegate../node_modules/zone.js/dist/zone.js.ZoneDelegate.invoke (http://localhost:9876/_karma_webpack_/node_modules/zone.js/dist/zone.js:385:1)
    at Zone../node_modules/zone.js/dist/zone.js.Zone.run (http://localhost:9876/_karma_webpack_/node_modules/zone.js/dist/zone.js:143:1)
    at runInTestZone (http://localhost:9876/_karma_webpack_/node_modules/zone.js/dist/zone-testing.js:545:1)
    at UserContext.&lt;anonymous&gt; (http://localhost:9876/_karma_webpack_/node_modules/zone.js/dist/zone-testing.js:560:1)
    at &lt;Jasmine&gt;
</failure>
  </testcase>
  <testcase name="DataService #dologin should return isLogin as false on click logout" time="0.006" classname=".DataService">
    <failure type="">TypeError: Cannot read properties of undefined (reading 'subscribe')
    at &lt;Jasmine&gt;
    at UserContext.&lt;anonymous&gt; (http://localhost:9876/_karma_webpack_/src/app/services/data.service.spec.ts:122:53)
    at UserContext.&lt;anonymous&gt; (http://localhost:9876/_karma_webpack_/node_modules/zone.js/dist/zone-testing.js:1749:1)
    at ZoneDelegate../node_modules/zone.js/dist/zone.js.ZoneDelegate.invoke (http://localhost:9876/_karma_webpack_/node_modules/zone.js/dist/zone.js:386:1)
    at ProxyZoneSpec.push../node_modules/zone.js/dist/zone-testing.js.ProxyZoneSpec.onInvoke (http://localhost:9876/_karma_webpack_/node_modules/zone.js/dist/zone-testing.js:292:1)
    at ZoneDelegate../node_modules/zone.js/dist/zone.js.ZoneDelegate.invoke (http://localhost:9876/_karma_webpack_/node_modules/zone.js/dist/zone.js:385:1)
    at Zone../node_modules/zone.js/dist/zone.js.Zone.run (http://localhost:9876/_karma_webpack_/node_modules/zone.js/dist/zone.js:143:1)
    at runInTestZone (http://localhost:9876/_karma_webpack_/node_modules/zone.js/dist/zone-testing.js:545:1)
    at UserContext.&lt;anonymous&gt; (http://localhost:9876/_karma_webpack_/node_modules/zone.js/dist/zone-testing.js:560:1)
    at &lt;Jasmine&gt;
</failure>
  </testcase>
  <testcase name="DataService #deleteAppointment should return empty object on providing valid user id" time="0.004" classname=".DataService">
    <failure type="">TypeError: Cannot read properties of undefined (reading 'subscribe')
    at &lt;Jasmine&gt;
    at UserContext.&lt;anonymous&gt; (http://localhost:9876/_karma_webpack_/src/app/services/data.service.spec.ts:435:38)
    at UserContext.&lt;anonymous&gt; (http://localhost:9876/_karma_webpack_/node_modules/zone.js/dist/zone-testing.js:1749:1)
    at ZoneDelegate../node_modules/zone.js/dist/zone.js.ZoneDelegate.invoke (http://localhost:9876/_karma_webpack_/node_modules/zone.js/dist/zone.js:386:1)
    at ProxyZoneSpec.push../node_modules/zone.js/dist/zone-testing.js.ProxyZoneSpec.onInvoke (http://localhost:9876/_karma_webpack_/node_modules/zone.js/dist/zone-testing.js:292:1)
    at ZoneDelegate../node_modules/zone.js/dist/zone.js.ZoneDelegate.invoke (http://localhost:9876/_karma_webpack_/node_modules/zone.js/dist/zone.js:385:1)
    at Zone../node_modules/zone.js/dist/zone.js.Zone.run (http://localhost:9876/_karma_webpack_/node_modules/zone.js/dist/zone.js:143:1)
    at runInTestZone (http://localhost:9876/_karma_webpack_/node_modules/zone.js/dist/zone-testing.js:545:1)
    at UserContext.&lt;anonymous&gt; (http://localhost:9876/_karma_webpack_/node_modules/zone.js/dist/zone-testing.js:560:1)
    at &lt;Jasmine&gt;
</failure>
  </testcase>
  <testcase name="DataService #getParticularPatient should return error on providing invalid user id" time="0.004" classname=".DataService">
    <failure type="">TypeError: Cannot read properties of undefined (reading 'subscribe')
    at &lt;Jasmine&gt;
    at UserContext.&lt;anonymous&gt; (http://localhost:9876/_karma_webpack_/src/app/services/data.service.spec.ts:338:41)
    at UserContext.&lt;anonymous&gt; (http://localhost:9876/_karma_webpack_/node_modules/zone.js/dist/zone-testing.js:1749:1)
    at ZoneDelegate../node_modules/zone.js/dist/zone.js.ZoneDelegate.invoke (http://localhost:9876/_karma_webpack_/node_modules/zone.js/dist/zone.js:386:1)
    at ProxyZoneSpec.push../node_modules/zone.js/dist/zone-testing.js.ProxyZoneSpec.onInvoke (http://localhost:9876/_karma_webpack_/node_modules/zone.js/dist/zone-testing.js:292:1)
    at ZoneDelegate../node_modules/zone.js/dist/zone.js.ZoneDelegate.invoke (http://localhost:9876/_karma_webpack_/node_modules/zone.js/dist/zone.js:385:1)
    at Zone../node_modules/zone.js/dist/zone.js.Zone.run (http://localhost:9876/_karma_webpack_/node_modules/zone.js/dist/zone.js:143:1)
    at runInTestZone (http://localhost:9876/_karma_webpack_/node_modules/zone.js/dist/zone-testing.js:545:1)
    at UserContext.&lt;anonymous&gt; (http://localhost:9876/_karma_webpack_/node_modules/zone.js/dist/zone-testing.js:560:1)
    at &lt;Jasmine&gt;
</failure>
  </testcase>
  <testcase name="DataService #getUserDetails should return error on occurence of error" time="0.027" classname=".DataService">
    <failure type="">TypeError: Cannot read properties of undefined (reading 'subscribe')
    at &lt;Jasmine&gt;
    at UserContext.&lt;anonymous&gt; (http://localhost:9876/_karma_webpack_/src/app/services/data.service.spec.ts:234:34)
    at UserContext.&lt;anonymous&gt; (http://localhost:9876/_karma_webpack_/node_modules/zone.js/dist/zone-testing.js:1749:1)
    at ZoneDelegate../node_modules/zone.js/dist/zone.js.ZoneDelegate.invoke (http://localhost:9876/_karma_webpack_/node_modules/zone.js/dist/zone.js:386:1)
    at ProxyZoneSpec.push../node_modules/zone.js/dist/zone-testing.js.ProxyZoneSpec.onInvoke (http://localhost:9876/_karma_webpack_/node_modules/zone.js/dist/zone-testing.js:292:1)
    at ZoneDelegate../node_modules/zone.js/dist/zone.js.ZoneDelegate.invoke (http://localhost:9876/_karma_webpack_/node_modules/zone.js/dist/zone.js:385:1)
    at Zone../node_modules/zone.js/dist/zone.js.Zone.run (http://localhost:9876/_karma_webpack_/node_modules/zone.js/dist/zone.js:143:1)
    at runInTestZone (http://localhost:9876/_karma_webpack_/node_modules/zone.js/dist/zone-testing.js:545:1)
    at UserContext.&lt;anonymous&gt; (http://localhost:9876/_karma_webpack_/node_modules/zone.js/dist/zone-testing.js:560:1)
    at &lt;Jasmine&gt;
</failure>
  </testcase>
  <testcase name="DataService #registerPatient should return patientDetails  on reporting with valid user id " time="0.004" classname=".DataService">
    <failure type="">TypeError: Cannot read properties of undefined (reading 'subscribe')
    at &lt;Jasmine&gt;
    at UserContext.&lt;anonymous&gt; (http://localhost:9876/_karma_webpack_/src/app/services/data.service.spec.ts:267:48)
    at UserContext.&lt;anonymous&gt; (http://localhost:9876/_karma_webpack_/node_modules/zone.js/dist/zone-testing.js:1749:1)
    at ZoneDelegate../node_modules/zone.js/dist/zone.js.ZoneDelegate.invoke (http://localhost:9876/_karma_webpack_/node_modules/zone.js/dist/zone.js:386:1)
    at ProxyZoneSpec.push../node_modules/zone.js/dist/zone-testing.js.ProxyZoneSpec.onInvoke (http://localhost:9876/_karma_webpack_/node_modules/zone.js/dist/zone-testing.js:292:1)
    at ZoneDelegate../node_modules/zone.js/dist/zone.js.ZoneDelegate.invoke (http://localhost:9876/_karma_webpack_/node_modules/zone.js/dist/zone.js:385:1)
    at Zone../node_modules/zone.js/dist/zone.js.Zone.run (http://localhost:9876/_karma_webpack_/node_modules/zone.js/dist/zone.js:143:1)
    at runInTestZone (http://localhost:9876/_karma_webpack_/node_modules/zone.js/dist/zone-testing.js:545:1)
    at UserContext.&lt;anonymous&gt; (http://localhost:9876/_karma_webpack_/node_modules/zone.js/dist/zone-testing.js:560:1)
    at &lt;Jasmine&gt;
</failure>
  </testcase>
  <testcase name="DataService #requestedAppointments should return appointments on providing valid user id" time="0.005" classname=".DataService">
    <failure type="">TypeError: Cannot read properties of undefined (reading 'subscribe')
    at &lt;Jasmine&gt;
    at UserContext.&lt;anonymous&gt; (http://localhost:9876/_karma_webpack_/src/app/services/data.service.spec.ts:457:40)
    at UserContext.&lt;anonymous&gt; (http://localhost:9876/_karma_webpack_/node_modules/zone.js/dist/zone-testing.js:1749:1)
    at ZoneDelegate../node_modules/zone.js/dist/zone.js.ZoneDelegate.invoke (http://localhost:9876/_karma_webpack_/node_modules/zone.js/dist/zone.js:386:1)
    at ProxyZoneSpec.push../node_modules/zone.js/dist/zone-testing.js.ProxyZoneSpec.onInvoke (http://localhost:9876/_karma_webpack_/node_modules/zone.js/dist/zone-testing.js:292:1)
    at ZoneDelegate../node_modules/zone.js/dist/zone.js.ZoneDelegate.invoke (http://localhost:9876/_karma_webpack_/node_modules/zone.js/dist/zone.js:385:1)
    at Zone../node_modules/zone.js/dist/zone.js.Zone.run (http://localhost:9876/_karma_webpack_/node_modules/zone.js/dist/zone.js:143:1)
    at runInTestZone (http://localhost:9876/_karma_webpack_/node_modules/zone.js/dist/zone-testing.js:545:1)
    at UserContext.&lt;anonymous&gt; (http://localhost:9876/_karma_webpack_/node_modules/zone.js/dist/zone-testing.js:560:1)
    at &lt;Jasmine&gt;
</failure>
  </testcase>
  <testcase name="DataService #registerPatient should return null on reporting with invalid id " time="0.004" classname=".DataService">
    <failure type="">TypeError: Cannot read properties of undefined (reading 'subscribe')
    at &lt;Jasmine&gt;
    at UserContext.&lt;anonymous&gt; (http://localhost:9876/_karma_webpack_/src/app/services/data.service.spec.ts:276:48)
    at UserContext.&lt;anonymous&gt; (http://localhost:9876/_karma_webpack_/node_modules/zone.js/dist/zone-testing.js:1749:1)
    at ZoneDelegate../node_modules/zone.js/dist/zone.js.ZoneDelegate.invoke (http://localhost:9876/_karma_webpack_/node_modules/zone.js/dist/zone.js:386:1)
    at ProxyZoneSpec.push../node_modules/zone.js/dist/zone-testing.js.ProxyZoneSpec.onInvoke (http://localhost:9876/_karma_webpack_/node_modules/zone.js/dist/zone-testing.js:292:1)
    at ZoneDelegate../node_modules/zone.js/dist/zone.js.ZoneDelegate.invoke (http://localhost:9876/_karma_webpack_/node_modules/zone.js/dist/zone.js:385:1)
    at Zone../node_modules/zone.js/dist/zone.js.Zone.run (http://localhost:9876/_karma_webpack_/node_modules/zone.js/dist/zone.js:143:1)
    at runInTestZone (http://localhost:9876/_karma_webpack_/node_modules/zone.js/dist/zone-testing.js:545:1)
    at UserContext.&lt;anonymous&gt; (http://localhost:9876/_karma_webpack_/node_modules/zone.js/dist/zone-testing.js:560:1)
    at &lt;Jasmine&gt;
</failure>
  </testcase>
  <testcase name="DataService  should return true on logging in with right credentials" time="0.006" classname=".DataService">
    <failure type="">TypeError: Cannot read properties of undefined (reading 'subscribe')
    at &lt;Jasmine&gt;
    at UserContext.&lt;anonymous&gt; (http://localhost:9876/_karma_webpack_/src/app/services/data.service.spec.ts:137:53)
    at UserContext.&lt;anonymous&gt; (http://localhost:9876/_karma_webpack_/node_modules/zone.js/dist/zone-testing.js:1749:1)
    at ZoneDelegate../node_modules/zone.js/dist/zone.js.ZoneDelegate.invoke (http://localhost:9876/_karma_webpack_/node_modules/zone.js/dist/zone.js:386:1)
    at ProxyZoneSpec.push../node_modules/zone.js/dist/zone-testing.js.ProxyZoneSpec.onInvoke (http://localhost:9876/_karma_webpack_/node_modules/zone.js/dist/zone-testing.js:292:1)
    at ZoneDelegate../node_modules/zone.js/dist/zone.js.ZoneDelegate.invoke (http://localhost:9876/_karma_webpack_/node_modules/zone.js/dist/zone.js:385:1)
    at Zone../node_modules/zone.js/dist/zone.js.Zone.run (http://localhost:9876/_karma_webpack_/node_modules/zone.js/dist/zone.js:143:1)
    at runInTestZone (http://localhost:9876/_karma_webpack_/node_modules/zone.js/dist/zone-testing.js:545:1)
    at UserContext.&lt;anonymous&gt; (http://localhost:9876/_karma_webpack_/node_modules/zone.js/dist/zone-testing.js:560:1)
    at &lt;Jasmine&gt;
</failure>
  </testcase>
  <testcase name="DataService #registerPatient should return error on occurence of error" time="0.004" classname=".DataService">
    <failure type="">TypeError: Cannot read properties of undefined (reading 'subscribe')
    at &lt;Jasmine&gt;
    at UserContext.&lt;anonymous&gt; (http://localhost:9876/_karma_webpack_/src/app/services/data.service.spec.ts:287:48)
    at UserContext.&lt;anonymous&gt; (http://localhost:9876/_karma_webpack_/node_modules/zone.js/dist/zone-testing.js:1749:1)
    at ZoneDelegate../node_modules/zone.js/dist/zone.js.ZoneDelegate.invoke (http://localhost:9876/_karma_webpack_/node_modules/zone.js/dist/zone.js:386:1)
    at ProxyZoneSpec.push../node_modules/zone.js/dist/zone-testing.js.ProxyZoneSpec.onInvoke (http://localhost:9876/_karma_webpack_/node_modules/zone.js/dist/zone-testing.js:292:1)
    at ZoneDelegate../node_modules/zone.js/dist/zone.js.ZoneDelegate.invoke (http://localhost:9876/_karma_webpack_/node_modules/zone.js/dist/zone.js:385:1)
    at Zone../node_modules/zone.js/dist/zone.js.Zone.run (http://localhost:9876/_karma_webpack_/node_modules/zone.js/dist/zone.js:143:1)
    at runInTestZone (http://localhost:9876/_karma_webpack_/node_modules/zone.js/dist/zone-testing.js:545:1)
    at UserContext.&lt;anonymous&gt; (http://localhost:9876/_karma_webpack_/node_modules/zone.js/dist/zone-testing.js:560:1)
    at &lt;Jasmine&gt;
</failure>
  </testcase>
  <testcase name="DataService  should return 1 from local storage if exists and isLogin is true" time="0.004" classname=".DataService">
    <failure type="">Error: Expected undefined to be 1.
    at &lt;Jasmine&gt;
    at UserContext.&lt;anonymous&gt; (http://localhost:9876/_karma_webpack_/src/app/services/data.service.spec.ts:146:37)
    at UserContext.&lt;anonymous&gt; (http://localhost:9876/_karma_webpack_/node_modules/zone.js/dist/zone-testing.js:1749:1)
    at ZoneDelegate../node_modules/zone.js/dist/zone.js.ZoneDelegate.invoke (http://localhost:9876/_karma_webpack_/node_modules/zone.js/dist/zone.js:386:1)
</failure>
  </testcase>
  <testcase name="DataService  should return -1 userId from local storage if exists but isLogin is false" time="0.007" classname=".DataService">
    <failure type="">Error: Expected undefined to be -1.
    at &lt;Jasmine&gt;
    at UserContext.&lt;anonymous&gt; (http://localhost:9876/_karma_webpack_/src/app/services/data.service.spec.ts:153:37)
    at UserContext.&lt;anonymous&gt; (http://localhost:9876/_karma_webpack_/node_modules/zone.js/dist/zone-testing.js:1749:1)
    at ZoneDelegate../node_modules/zone.js/dist/zone.js.ZoneDelegate.invoke (http://localhost:9876/_karma_webpack_/node_modules/zone.js/dist/zone.js:386:1)
</failure>
  </testcase>
  <testcase name="DataService #getAllPatientsList should return user details on providing valid user id" time="0.005" classname=".DataService">
    <failure type="">TypeError: Cannot read properties of undefined (reading 'subscribe')
    at &lt;Jasmine&gt;
    at UserContext.&lt;anonymous&gt; (http://localhost:9876/_karma_webpack_/src/app/services/data.service.spec.ts:298:37)
    at UserContext.&lt;anonymous&gt; (http://localhost:9876/_karma_webpack_/node_modules/zone.js/dist/zone-testing.js:1749:1)
    at ZoneDelegate../node_modules/zone.js/dist/zone.js.ZoneDelegate.invoke (http://localhost:9876/_karma_webpack_/node_modules/zone.js/dist/zone.js:386:1)
    at ProxyZoneSpec.push../node_modules/zone.js/dist/zone-testing.js.ProxyZoneSpec.onInvoke (http://localhost:9876/_karma_webpack_/node_modules/zone.js/dist/zone-testing.js:292:1)
    at ZoneDelegate../node_modules/zone.js/dist/zone.js.ZoneDelegate.invoke (http://localhost:9876/_karma_webpack_/node_modules/zone.js/dist/zone.js:385:1)
    at Zone../node_modules/zone.js/dist/zone.js.Zone.run (http://localhost:9876/_karma_webpack_/node_modules/zone.js/dist/zone.js:143:1)
    at runInTestZone (http://localhost:9876/_karma_webpack_/node_modules/zone.js/dist/zone-testing.js:545:1)
    at UserContext.&lt;anonymous&gt; (http://localhost:9876/_karma_webpack_/node_modules/zone.js/dist/zone-testing.js:560:1)
    at &lt;Jasmine&gt;
</failure>
  </testcase>
  <testcase name="DataService #getDiseasesList should return list on providing valid user id" time="0.004" classname=".DataService">
    <failure type="">TypeError: Cannot read properties of undefined (reading 'subscribe')
    at &lt;Jasmine&gt;
    at UserContext.&lt;anonymous&gt; (http://localhost:9876/_karma_webpack_/src/app/services/data.service.spec.ts:360:34)
    at UserContext.&lt;anonymous&gt; (http://localhost:9876/_karma_webpack_/node_modules/zone.js/dist/zone-testing.js:1749:1)
    at ZoneDelegate../node_modules/zone.js/dist/zone.js.ZoneDelegate.invoke (http://localhost:9876/_karma_webpack_/node_modules/zone.js/dist/zone.js:386:1)
    at ProxyZoneSpec.push../node_modules/zone.js/dist/zone-testing.js.ProxyZoneSpec.onInvoke (http://localhost:9876/_karma_webpack_/node_modules/zone.js/dist/zone-testing.js:292:1)
    at ZoneDelegate../node_modules/zone.js/dist/zone.js.ZoneDelegate.invoke (http://localhost:9876/_karma_webpack_/node_modules/zone.js/dist/zone.js:385:1)
    at Zone../node_modules/zone.js/dist/zone.js.Zone.run (http://localhost:9876/_karma_webpack_/node_modules/zone.js/dist/zone.js:143:1)
    at runInTestZone (http://localhost:9876/_karma_webpack_/node_modules/zone.js/dist/zone-testing.js:545:1)
    at UserContext.&lt;anonymous&gt; (http://localhost:9876/_karma_webpack_/node_modules/zone.js/dist/zone-testing.js:560:1)
    at &lt;Jasmine&gt;
</failure>
  </testcase>
  <testcase name="DataService  should return -1 if user is no logged in or userid not exists in localstorage" time="0.005" classname=".DataService">
    <failure type="">Error: Expected undefined to be -1.
    at &lt;Jasmine&gt;
    at UserContext.&lt;anonymous&gt; (http://localhost:9876/_karma_webpack_/src/app/services/data.service.spec.ts:165:37)
    at UserContext.&lt;anonymous&gt; (http://localhost:9876/_karma_webpack_/node_modules/zone.js/dist/zone-testing.js:1749:1)
    at ZoneDelegate../node_modules/zone.js/dist/zone.js.ZoneDelegate.invoke (http://localhost:9876/_karma_webpack_/node_modules/zone.js/dist/zone.js:386:1)
</failure>
    <failure type="">Error: Expected undefined to be -1.
    at &lt;Jasmine&gt;
    at UserContext.&lt;anonymous&gt; (http://localhost:9876/_karma_webpack_/src/app/services/data.service.spec.ts:167:37)
    at UserContext.&lt;anonymous&gt; (http://localhost:9876/_karma_webpack_/node_modules/zone.js/dist/zone-testing.js:1749:1)
    at ZoneDelegate../node_modules/zone.js/dist/zone.js.ZoneDelegate.invoke (http://localhost:9876/_karma_webpack_/node_modules/zone.js/dist/zone.js:386:1)
</failure>
  </testcase>
  <testcase name="DataService #getDiseasesList should return error on providing invalid user id" time="0.005" classname=".DataService">
    <failure type="">TypeError: Cannot read properties of undefined (reading 'subscribe')
    at &lt;Jasmine&gt;
    at UserContext.&lt;anonymous&gt; (http://localhost:9876/_karma_webpack_/src/app/services/data.service.spec.ts:369:34)
    at UserContext.&lt;anonymous&gt; (http://localhost:9876/_karma_webpack_/node_modules/zone.js/dist/zone-testing.js:1749:1)
    at ZoneDelegate../node_modules/zone.js/dist/zone.js.ZoneDelegate.invoke (http://localhost:9876/_karma_webpack_/node_modules/zone.js/dist/zone.js:386:1)
    at ProxyZoneSpec.push../node_modules/zone.js/dist/zone-testing.js.ProxyZoneSpec.onInvoke (http://localhost:9876/_karma_webpack_/node_modules/zone.js/dist/zone-testing.js:292:1)
    at ZoneDelegate../node_modules/zone.js/dist/zone.js.ZoneDelegate.invoke (http://localhost:9876/_karma_webpack_/node_modules/zone.js/dist/zone.js:385:1)
    at Zone../node_modules/zone.js/dist/zone.js.Zone.run (http://localhost:9876/_karma_webpack_/node_modules/zone.js/dist/zone.js:143:1)
    at runInTestZone (http://localhost:9876/_karma_webpack_/node_modules/zone.js/dist/zone-testing.js:545:1)
    at UserContext.&lt;anonymous&gt; (http://localhost:9876/_karma_webpack_/node_modules/zone.js/dist/zone-testing.js:560:1)
    at &lt;Jasmine&gt;
</failure>
  </testcase>
  <testcase name="DataService #requestedAppointments should return error on occurence of error" time="0.012" classname=".DataService">
    <failure type="">TypeError: Cannot read properties of undefined (reading 'subscribe')
    at &lt;Jasmine&gt;
    at UserContext.&lt;anonymous&gt; (http://localhost:9876/_karma_webpack_/src/app/services/data.service.spec.ts:468:40)
    at UserContext.&lt;anonymous&gt; (http://localhost:9876/_karma_webpack_/node_modules/zone.js/dist/zone-testing.js:1749:1)
    at ZoneDelegate../node_modules/zone.js/dist/zone.js.ZoneDelegate.invoke (http://localhost:9876/_karma_webpack_/node_modules/zone.js/dist/zone.js:386:1)
    at ProxyZoneSpec.push../node_modules/zone.js/dist/zone-testing.js.ProxyZoneSpec.onInvoke (http://localhost:9876/_karma_webpack_/node_modules/zone.js/dist/zone-testing.js:292:1)
    at ZoneDelegate../node_modules/zone.js/dist/zone.js.ZoneDelegate.invoke (http://localhost:9876/_karma_webpack_/node_modules/zone.js/dist/zone.js:385:1)
    at Zone../node_modules/zone.js/dist/zone.js.Zone.run (http://localhost:9876/_karma_webpack_/node_modules/zone.js/dist/zone.js:143:1)
    at runInTestZone (http://localhost:9876/_karma_webpack_/node_modules/zone.js/dist/zone-testing.js:545:1)
    at UserContext.&lt;anonymous&gt; (http://localhost:9876/_karma_webpack_/node_modules/zone.js/dist/zone-testing.js:560:1)
    at &lt;Jasmine&gt;
</failure>
  </testcase>
  <testcase name="DataService #updateProfile should return error on occurence of error" time="0.006" classname=".DataService">
    <failure type="">TypeError: Cannot read properties of undefined (reading 'subscribe')
    at &lt;Jasmine&gt;
    at UserContext.&lt;anonymous&gt; (http://localhost:9876/_karma_webpack_/src/app/services/data.service.spec.ts:256:36)
    at UserContext.&lt;anonymous&gt; (http://localhost:9876/_karma_webpack_/node_modules/zone.js/dist/zone-testing.js:1749:1)
    at ZoneDelegate../node_modules/zone.js/dist/zone.js.ZoneDelegate.invoke (http://localhost:9876/_karma_webpack_/node_modules/zone.js/dist/zone.js:386:1)
    at ProxyZoneSpec.push../node_modules/zone.js/dist/zone-testing.js.ProxyZoneSpec.onInvoke (http://localhost:9876/_karma_webpack_/node_modules/zone.js/dist/zone-testing.js:292:1)
    at ZoneDelegate../node_modules/zone.js/dist/zone.js.ZoneDelegate.invoke (http://localhost:9876/_karma_webpack_/node_modules/zone.js/dist/zone.js:385:1)
    at Zone../node_modules/zone.js/dist/zone.js.Zone.run (http://localhost:9876/_karma_webpack_/node_modules/zone.js/dist/zone.js:143:1)
    at runInTestZone (http://localhost:9876/_karma_webpack_/node_modules/zone.js/dist/zone-testing.js:545:1)
    at UserContext.&lt;anonymous&gt; (http://localhost:9876/_karma_webpack_/node_modules/zone.js/dist/zone-testing.js:560:1)
    at &lt;Jasmine&gt;
</failure>
  </testcase>
  <testcase name="DataService #getDiseasesList should return error on occurence of error" time="0.005" classname=".DataService">
    <failure type="">TypeError: Cannot read properties of undefined (reading 'subscribe')
    at &lt;Jasmine&gt;
    at UserContext.&lt;anonymous&gt; (http://localhost:9876/_karma_webpack_/src/app/services/data.service.spec.ts:380:34)
    at UserContext.&lt;anonymous&gt; (http://localhost:9876/_karma_webpack_/node_modules/zone.js/dist/zone-testing.js:1749:1)
    at ZoneDelegate../node_modules/zone.js/dist/zone.js.ZoneDelegate.invoke (http://localhost:9876/_karma_webpack_/node_modules/zone.js/dist/zone.js:386:1)
    at ProxyZoneSpec.push../node_modules/zone.js/dist/zone-testing.js.ProxyZoneSpec.onInvoke (http://localhost:9876/_karma_webpack_/node_modules/zone.js/dist/zone-testing.js:292:1)
    at ZoneDelegate../node_modules/zone.js/dist/zone.js.ZoneDelegate.invoke (http://localhost:9876/_karma_webpack_/node_modules/zone.js/dist/zone.js:385:1)
    at Zone../node_modules/zone.js/dist/zone.js.Zone.run (http://localhost:9876/_karma_webpack_/node_modules/zone.js/dist/zone.js:143:1)
    at runInTestZone (http://localhost:9876/_karma_webpack_/node_modules/zone.js/dist/zone-testing.js:545:1)
    at UserContext.&lt;anonymous&gt; (http://localhost:9876/_karma_webpack_/node_modules/zone.js/dist/zone-testing.js:560:1)
    at &lt;Jasmine&gt;
</failure>
  </testcase>
  <testcase name="AuthGuardService should be created" time="0.016" classname=".AuthGuardService">
    <failure type="">NullInjectorError: R3InjectorError(CompilerModule)[AuthGuardService -&gt; AuthGuardService]: 
  NullInjectorError: No provider for AuthGuardService!
error properties: Object({ ngTempTokenPath: null, ngTokenPath: [ 'AuthGuardService', 'AuthGuardService' ] })
    at &lt;Jasmine&gt;
    at NullInjector.get (http://localhost:9876/_karma_webpack_/node_modules/@angular/core/__ivy_ngcc__/fesm2015/core.js:1085:1)
    at R3Injector.get (http://localhost:9876/_karma_webpack_/node_modules/@angular/core/__ivy_ngcc__/fesm2015/core.js:16972:1)
    at R3Injector.get (http://localhost:9876/_karma_webpack_/node_modules/@angular/core/__ivy_ngcc__/fesm2015/core.js:16972:1)
    at NgModuleRef$1.get (http://localhost:9876/_karma_webpack_/node_modules/@angular/core/__ivy_ngcc__/fesm2015/core.js:36337:1)
    at TestBedRender3.inject (http://localhost:9876/_karma_webpack_/node_modules/@angular/core/__ivy_ngcc__/fesm2015/testing.js:3228:53)
    at Function.inject (http://localhost:9876/_karma_webpack_/node_modules/@angular/core/__ivy_ngcc__/fesm2015/testing.js:3110:1)
    at UserContext.&lt;anonymous&gt; (http://localhost:9876/_karma_webpack_/src/app/services/auth-guard.service.spec.ts:10:23)
    at ZoneDelegate../node_modules/zone.js/dist/zone.js.ZoneDelegate.invoke (http://localhost:9876/_karma_webpack_/node_modules/zone.js/dist/zone.js:386:1)
    at ProxyZoneSpec.push../node_modules/zone.js/dist/zone-testing.js.ProxyZoneSpec.onInvoke (http://localhost:9876/_karma_webpack_/node_modules/zone.js/dist/zone-testing.js:292:1)
    at ZoneDelegate../node_modules/zone.js/dist/zone.js.ZoneDelegate.invoke (http://localhost:9876/_karma_webpack_/node_modules/zone.js/dist/zone.js:385:1)
</failure>
    <failure type="">Error: Expected undefined to be truthy.
    at &lt;Jasmine&gt;
    at UserContext.&lt;anonymous&gt; (http://localhost:9876/_karma_webpack_/src/app/services/auth-guard.service.spec.ts:14:21)
    at ZoneDelegate../node_modules/zone.js/dist/zone.js.ZoneDelegate.invoke (http://localhost:9876/_karma_webpack_/node_modules/zone.js/dist/zone.js:386:1)
    at ProxyZoneSpec.push../node_modules/zone.js/dist/zone-testing.js.ProxyZoneSpec.onInvoke (http://localhost:9876/_karma_webpack_/node_modules/zone.js/dist/zone-testing.js:292:1)
</failure>
  </testcase>
  <system-out>
    <![CDATA[Chrome Headless 104.0.5112.102 (Windows 10) ERROR: 'ERROR', TypeError: Cannot read properties of null (reading 'value')
TypeError: Cannot read properties of null (reading 'value')
    at LoginComponent.doLogin (http://localhost:9876/_karma_webpack_/src/app/component/login/login.component.ts:45:67)
    at SpyStrategy.exec (http://localhost:9876/base/node_modules/jasmine-core/lib/jasmine-core/jasmine.js?fbc7eaf339ea249d8c912b258548d4e7b4dc180c:7496:22)
    at SpyStrategyDispatcher.exec (http://localhost:9876/base/node_modules/jasmine-core/lib/jasmine-core/jasmine.js?fbc7eaf339ea249d8c912b258548d4e7b4dc180c:7062:23)
    at LoginComponent.spy (http://localhost:9876/base/node_modules/jasmine-core/lib/jasmine-core/jasmine.js?fbc7eaf339ea249d8c912b258548d4e7b4dc180c:6942:46)
    at LoginComponent.<anonymous> (http://localhost:9876/base/node_modules/jasmine-core/lib/jasmine-core/jasmine.js?fbc7eaf339ea249d8c912b258548d4e7b4dc180c:6916:20)
    at LoginComponent.doLogin (http://localhost:9876/base/node_modules/jasmine-core/lib/jasmine-core/jasmine.js?fbc7eaf339ea249d8c912b258548d4e7b4dc180c:6988:23)
    at LoginComponent_Template_button_click_35_listener (ng:///LoginComponent.js:72:22)
    at executeListenerWithErrorHandling (http://localhost:9876/_karma_webpack_/node_modules/@angular/core/__ivy_ngcc__/fesm2015/core.js:21815:1)
    at wrapListenerIn_markDirtyAndPreventDefault (http://localhost:9876/_karma_webpack_/node_modules/@angular/core/__ivy_ngcc__/fesm2015/core.js:21857:1)
    at HTMLButtonElement.<anonymous> (http://localhost:9876/_karma_webpack_/node_modules/@angular/platform-browser/__ivy_ngcc__/fesm2015/platform-browser.js:976:1)
,Chrome Headless 104.0.5112.102 (Windows 10) ERROR: 'ERROR', TypeError: Cannot read properties of null (reading 'value')
TypeError: Cannot read properties of null (reading 'value')
    at LoginComponent.doLogin (http://localhost:9876/_karma_webpack_/src/app/component/login/login.component.ts:45:67)
    at SpyStrategy.exec (http://localhost:9876/base/node_modules/jasmine-core/lib/jasmine-core/jasmine.js?fbc7eaf339ea249d8c912b258548d4e7b4dc180c:7496:22)
    at SpyStrategyDispatcher.exec (http://localhost:9876/base/node_modules/jasmine-core/lib/jasmine-core/jasmine.js?fbc7eaf339ea249d8c912b258548d4e7b4dc180c:7062:23)
    at LoginComponent.spy (http://localhost:9876/base/node_modules/jasmine-core/lib/jasmine-core/jasmine.js?fbc7eaf339ea249d8c912b258548d4e7b4dc180c:6942:46)
    at LoginComponent.<anonymous> (http://localhost:9876/base/node_modules/jasmine-core/lib/jasmine-core/jasmine.js?fbc7eaf339ea249d8c912b258548d4e7b4dc180c:6916:20)
    at LoginComponent.doLogin (http://localhost:9876/base/node_modules/jasmine-core/lib/jasmine-core/jasmine.js?fbc7eaf339ea249d8c912b258548d4e7b4dc180c:6988:23)
    at LoginComponent_Template_button_click_35_listener (ng:///LoginComponent.js:72:22)
    at executeListenerWithErrorHandling (http://localhost:9876/_karma_webpack_/node_modules/@angular/core/__ivy_ngcc__/fesm2015/core.js:21815:1)
    at wrapListenerIn_markDirtyAndPreventDefault (http://localhost:9876/_karma_webpack_/node_modules/@angular/core/__ivy_ngcc__/fesm2015/core.js:21857:1)
    at HTMLButtonElement.<anonymous> (http://localhost:9876/_karma_webpack_/node_modules/@angular/platform-browser/__ivy_ngcc__/fesm2015/platform-browser.js:976:1)

]]>
  </system-out>
  <system-err/>
</testsuite>